1 1.000000 410.937609 1321.868609
2 1.020000 384.488579 1213.500059
3 1.040000 360.206921 1115.846638
4 1.060000 337.878332 1027.674039
5 1.080000 317.313194 947.909562
6 1.100000 298.343346 875.618493
7 1.120000 280.819319 809.984299
8 1.140000 264.607976 750.291938
9 1.160000 249.590480 695.913768
10 1.180000 235.660548 646.297615
11 1.200000 222.722938 600.956630
12 1.220000 210.692149 559.460648
13 1.240000 199.491279 521.428812
14 1.260000 189.051046 486.523251
15 1.280000 179.308924 454.443650
16 1.300000 170.208394 424.922582
17 1.320000 161.698285 397.721476
18 1.340000 153.732199 372.627131
19 1.360000 146.267999 349.448696
20 1.380000 139.267368 328.015047
21 1.400000 132.695410 308.172501
22 1.420000 126.520303 289.782826
23 1.440000 120.712990 272.721500
24 1.460000 115.246903 256.876186
25 1.480000 110.097722 242.145398
26 1.500000 105.243157 228.437323
27 1.520000 100.662754 215.668790
28 1.540000 96.337721 203.764355
29 1.560000 92.250777 192.655497
30 1.580000 88.386010 182.279907
31 1.600000 84.728755 172.580852
32 1.620000 81.265481 163.506620
33 1.640000 77.983691 155.010016
34 1.660000 74.871834 147.047925
35 1.680000 71.919218 139.580910
36 1.700000 69.115943 132.572864
37 1.720000 66.452829 125.990693
38 1.740000 63.921358 119.804032
39 1.760000 61.513621 113.984996
40 1.780000 59.222264 108.507948
41 1.800000 57.040448 103.349299
42 1.820000 54.961805 98.487321
43 1.840000 52.980401 93.901986
44 1.860000 51.090705 89.574811
45 1.880000 49.287551 85.488730
46 1.900000 47.566120 81.627968
47 1.920000 45.921903 77.977933
48 1.940000 44.350688 74.525114
49 1.960000 42.848529 71.256994
50 1.980000 41.411732 68.161965
51 2.000000 40.036835 65.229257
52 2.020000 38.720593 62.448865
53 2.040000 37.459959 59.811494
54 2.060000 36.252072 57.308496
55 2.080000 35.094245 54.931825
56 2.100000 33.983952 52.673986
57 2.120000 32.918815 50.527994
58 2.140000 31.896598 48.487335
59 2.160000 30.915195 46.545931
60 2.180000 29.972619 44.698104
61 2.200000 29.067000 42.938550
62 2.220000 28.196572 41.262309
63 2.240000 27.359669 39.664743
64 2.260000 26.554717 38.141507
65 2.280000 25.780230 36.688533
66 2.300000 25.034802 35.302009
67 2.320000 24.317105 33.978358
68 2.340000 23.625881 32.714227
69 2.360000 22.959939 31.506465
70 2.380000 22.318153 30.352116
71 2.400000 21.699454 29.248399
72 2.420000 21.102829 28.192700
73 2.440000 20.527318 27.182561
74 2.460000 19.972010 26.215667
75 2.480000 19.436039 25.289839
76 2.500000 18.918586 24.403023
77 2.520000 18.418868 23.553284
78 2.540000 17.936145 22.738798
79 2.560000 17.469712 21.957841
80 2.580000 17.018899 21.208789
81 2.600000 16.583066 20.490107
82 2.620000 16.161607 19.800344
83 2.640000 15.753943 19.138131
84 2.660000 15.359523 18.502171
85 2.680000 14.977823 17.891238
86 2.700000 14.608341 17.304172
87 2.720000 14.250601 16.739874
88 2.740000 13.904146 16.197306
89 2.760000 13.568543 15.675480
90 2.780000 13.243377 15.173463
91 2.800000 12.928250 14.690368
92 2.820000 12.622786 14.225355
93 2.840000 12.326622 13.777627
94 2.860000 12.039412 13.346426
95 2.880000 11.760827 12.931034
96 2.900000 11.490549 12.530768
97 2.920000 11.228277 12.144978
98 2.940000 10.973720 11.773047
99 2.960000 10.726602 11.414389
100 2.980000 10.486658 11.068444
101 3.000000 10.253632 10.734683
102 3.020000 10.027281 10.412599
103 3.040000 9.807372 10.101711
104 3.060000 9.593681 9.801559
105 3.080000 9.385993 9.511707
106 3.100000 9.184102 9.231737
107 3.120000 8.987810 8.961254
108 3.140000 8.796928 8.699877
109 3.160000 8.611273 8.447244
110 3.180000 8.430672 8.203013
111 3.200000 8.306381 10.043772
112 3.220000 8.111569 9.437456
113 3.240000 7.928031 8.916387
114 3.260000 7.754134 8.473283
115 3.280000 7.588416 8.098492
116 3.300000 7.429622 7.780930
117 3.320000 7.276726 7.508699
118 3.340000 7.128942 7.269699
119 3.360000 6.985722 7.052251
120 3.380000 6.846743 6.845706
121 3.400000 6.711875 6.641063
122 3.420000 6.581148 6.431585
123 3.440000 6.454698 6.213406
124 3.460000 6.332706 5.985860
125 3.480000 6.215336 5.751135
126 3.500000 6.102688 5.513644
127 3.520000 5.994758 5.279392
128 3.540000 5.891410 5.055343
129 3.560000 5.792369 4.848783
130 3.580000 5.697214 4.666689
131 3.600000 5.605397 4.515091
132 3.620000 5.516261 4.398441
133 3.640000 5.429087 4.318985
134 3.660000 5.343133 4.276378
135 3.680000 5.257691 4.267904
136 3.700000 5.172122 4.288931
137 3.720000 5.085899 4.333381
138 3.740000 4.998623 4.394195
139 3.760000 4.910043 4.463799
140 3.780000 4.820060 4.534576
141 3.800000 4.728721 4.599326
142 3.820000 4.636210 4.651737
143 3.840000 4.542824 4.686846
144 3.860000 4.448942 4.701353
145 3.880000 4.354993 4.693549
146 3.900000 4.261427 4.663111
147 3.920000 4.168687 4.610877
148 3.940000 4.077192 4.538624
149 3.960000 3.987317 4.448856
150 3.980000 3.899383 4.344577
151 4.000000 3.813646 4.229074
152 4.020000 3.730298 4.105698
153 4.040000 3.649465 3.977644
154 4.060000 3.571211 3.847785
155 4.080000 3.495546 3.718632
156 4.100000 3.422437 3.592343
157 4.120000 3.351806 3.470736
158 4.140000 3.283546 3.355297
159 4.160000 3.217521 3.247198
160 4.180000 3.153576 3.147305
161 4.200000 3.091541 3.056190
162 4.220000 3.031237 2.974144
163 4.240000 2.972484 2.901189
164 4.260000 2.915101 2.837093
165 4.280000 2.858916 2.781406
166 4.300000 2.803767 2.733493
167 4.320000 2.749506 2.692574
168 4.340000 2.696003 2.657760
169 4.360000 2.643145 2.628087
170 4.380000 2.590838 2.602561
171 4.400000 2.539011 2.580186
172 4.420000 2.487609 2.560009
173 4.440000 2.436597 2.541150
174 4.460000 2.385957 2.522837
175 4.480000 2.335685 2.504403
176 4.500000 2.285788 2.485287
177 4.520000 2.236285 2.465029
178 4.540000 2.187202 2.443262
179 4.560000 2.138572 2.419709
180 4.580000 2.090433 2.394179
181 4.600000 2.042826 2.366563
182 4.620000 1.995792 2.336825
183 4.640000 1.949374 2.305002
184 4.660000 1.903612 2.271196
185 4.680000 1.858544 2.235564
186 4.700000 1.814205 2.198312
187 4.720000 1.770625 2.159682
188 4.740000 1.727829 2.119942
189 4.760000 1.685836 2.079380
190 4.780000 1.644659 2.038288
191 4.800000 1.604307 1.996959
192 4.820000 1.564781 1.955673
193 4.840000 1.526077 1.914687
194 4.860000 1.488188 1.874230
195 4.880000 1.451100 1.834505
196 4.900000 1.414799 1.795685
197 4.920000 1.379262 1.757923
198 4.940000 1.344470 1.721352
199 4.960000 1.310395 1.686088
200 4.980000 1.277012 1.652232
201 5.000000 1.244291 1.619877
202 5.020000 1.212201 1.589105
203 5.040000 1.180710 1.559995
204 5.060000 1.149784 1.532620
205 5.080000 1.119387 1.507045
206 5.100000 1.089484 1.483320
207 5.120000 1.060036 1.461466
208 5.140000 1.031006 1.441480
209 5.160000 1.002359 1.423314
210 5.180000 0.974057 1.406879
211 5.200000 0.946067 1.392032
212 5.220000 0.918361 1.378568
213 5.240000 0.890914 1.366218
214 5.260000 0.863705 1.354643
215 5.280000 0.836724 1.343447
216 5.300000 0.809968 1.332199
217 5.320000 0.783441 1.320451
218 5.340000 0.757159 1.307755
219 5.360000 0.731145 1.293683
220 5.380000 0.705429 1.277849
221 5.400000 0.680052 1.259921
222 5.420000 0.655056 1.239649
223 5.440000 0.630491 1.216874
224 5.460000 0.606407 1.191549
225 5.480000 0.582854 1.163726
226 5.500000 0.559881 1.133545
227 5.520000 0.537533 1.101220
228 5.540000 0.515851 1.067023
229 5.560000 0.494868 1.031274
230 5.580000 0.474612 0.994325
231 5.600000 0.455103 0.956545
232 5.620000 0.436355 0.918308
233 5.640000 0.418372 0.879979
234 5.660000 0.401153 0.841901
235 5.680000 0.384690 0.804394
236 5.700000 0.368969 0.767749
237 5.720000 0.353969 0.732228
238 5.740000 0.339666 0.698060
239 5.760000 0.326031 0.665444
240 5.780000 0.313031 0.634541
241 5.800000 0.300631 0.605475
242 5.820000 0.288793 0.578330
243 5.840000 0.277478 0.553151
244 5.860000 0.266647 0.529938
245 5.880000 0.256261 0.508656
246 5.900000 0.246282 0.489235
247 5.920000 0.236674 0.471580
248 5.940000 0.227403 0.455571
249 5.960000 0.218436 0.441077
250 5.980000 0.209746 0.427951
251 6.000000 0.201306 0.416044
252 6.020000 0.193094 0.405206
253 6.040000 0.185089 0.395292
254 6.060000 0.177274 0.386168
255 6.080000 0.169635 0.377710
256 6.100000 0.162160 0.369804
257 6.120000 0.154839 0.362348
258 6.140000 0.147663 0.355250
259 6.160000 0.140626 0.348426
260 6.180000 0.133723 0.341804
261 6.200000 0.126952 0.335321
262 6.220000 0.120310 0.328924
263 6.240000 0.113795 0.322567
264 6.260000 0.107407 0.316217
265 6.280000 0.101146 0.309846
266 6.300000 0.095014 0.303433
267 6.320000 0.089010 0.296966
268 6.340000 0.083136 0.290436
269 6.360000 0.077393 0.283840
270 6.380000 0.071783 0.277179
271 6.400000 0.066306 0.270456
272 6.420000 0.060965 0.263676
273 6.440000 0.055760 0.256845
274 6.460000 0.050692 0.249972
275 6.480000 0.045761 0.243063
276 6.500000 0.040969 0.236131
277 6.520000 0.036316 0.229186
278 6.540000 0.031802 0.222248
279 6.560000 0.027426 0.215338
280 6.580000 0.023188 0.208484
281 6.600000 0.019086 0.201720
282 6.620000 0.015118 0.195088
283 6.640000 0.011280 0.188639
284 6.660000 0.007570 0.182432
285 6.680000 0.003980 0.176532
286 6.700000 0.000505 0.171006
287 6.720000 -0.002865 0.165922
288 6.740000 -0.006137 0.161340
289 6.760000 -0.009324 0.157317
290 6.780000 -0.012436 0.153896
291 6.800000 -0.015486 0.151106
292 6.820000 -0.018487 0.148958
293 6.840000 -0.021451 0.147442
294 6.860000 -0.024390 0.146527
295 6.880000 -0.027317 0.146157
296 6.900000 -0.030241 0.146266
297 6.920000 -0.033172 0.146775
298 6.940000 -0.036116 0.147596
299 6.960000 -0.039078 0.148644
300 6.980000 -0.042063 0.149836
301 7.000000 -0.045072 0.151093
302 7.020000 -0.048106 0.152354
303 7.040000 -0.051166 0.153571
304 7.060000 -0.054249 0.154718
305 7.080000 -0.057354 0.155784
306 7.100000 -0.060479 0.156775
307 7.120000 -0.063624 0.157707
308 7.140000 -0.066787 0.158599
309 7.160000 -0.069968 0.159478
310 7.180000 -0.073166 0.160365
311 7.200000 -0.076383 0.161279
312 7.220000 -0.079618 0.162230
313 7.240000 -0.082872 0.163213
314 7.260000 -0.086147 0.164211
315 7.280000 -0.089441 0.165193
316 7.300000 -0.092754 0.166118
317 7.320000 -0.096084 0.166940
318 7.340000 -0.099430 0.167607
319 7.360000 -0.102786 0.168070
320 7.380000 -0.106150 0.168283
321 7.400000 -0.109515 0.168207
322 7.420000 -0.112875 0.167811
323 7.440000 -0.116224 0.167082
324 7.460000 -0.119555 0.166017
325 7.480000 -0.122862 0.164632
326 7.500000 -0.126137 0.162950
327 7.520000 -0.129377 0.161005
328 7.540000 -0.132575 0.158834
329 7.560000 -0.135728 0.156475
330 7.580000 -0.138833 0.153969
331 7.600000 -0.141886 0.151348
332 7.620000 -0.144886 0.148640
333 7.640000 -0.147831 0.145863
334 7.660000 -0.150720 0.143022
335 7.680000 -0.153551 0.140111
336 7.700000 -0.156323 0.137118
337 7.720000 -0.159035 0.134024
338 7.740000 -0.161683 0.130807
339 7.760000 -0.164266 0.127444
340 7.780000 -0.166779 0.123914
341 7.800000 -0.169220 0.120201
342 7.820000 -0.171585 0.116293
343 7.840000 -0.173870 0.112191
344 7.860000 -0.176071 0.107903
345 7.880000 -0.178185 0.103447
346 7.900000 -0.180208 0.098851
347 7.920000 -0.182138 0.094145
348 7.940000 -0.183973 0.089362
349 7.960000 -0.185712 0.084538
350 7.980000 -0.187354 0.079706
351 8.000000 -0.188900 0.074894
352 8.020000 -0.190350 0.070127
353 8.040000 -0.191706 0.065421
354 8.060000 -0.192968 0.060781
355 8.080000 -0.194138 0.056207
356 8.100000 -0.195217 0.051690
357 8.120000 -0.196206 0.047217
358 8.140000 -0.197106 0.042773
359 8.160000 -0.197917 0.038342
360 8.180000 -0.198639 0.033908
361 8.200000 -0.199273 0.029458
362 8.220000 -0.199817 0.024985
363 8.240000 -0.200272 0.020487
364 8.260000 -0.200637 0.015971
365 8.280000 -0.200911 0.011449
366 8.300000 -0.201095 0.006940
367 8.320000 -0.201189 0.002465
368 8.340000 -0.201194 -0.001953
369 8.360000 -0.201111 -0.006288
370 8.380000 -0.200943 -0.010517
371 8.400000 -0.200692 -0.014622
372 8.420000 -0.200360 -0.018585
373 8.440000 -0.199950 -0.022396
374 8.460000 -0.199466 -0.026053
375 8.480000 -0.198910 -0.029558
376 8.500000 -0.198285 -0.032919
377 8.520000 -0.197594 -0.036148
378 8.540000 -0.196840 -0.039259
379 8.560000 -0.196025 -0.042264
380 8.580000 -0.195150 -0.045180
381 8.600000 -0.194218 -0.048016
382 8.620000 -0.193230 -0.050784
383 8.640000 -0.192188 -0.053486
384 8.660000 -0.191092 -0.056122
385 8.680000 -0.189944 -0.058687
386 8.700000 -0.188745 -0.061173
387 8.720000 -0.187498 -0.063568
388 8.740000 -0.186203 -0.065861
389 8.760000 -0.184864 -0.068041
390 8.780000 -0.183483 -0.070100
391 8.800000 -0.182061 -0.072032
392 8.820000 -0.180603 -0.073833
393 8.840000 -0.179109 -0.075510
394 8.860000 -0.177584 -0.077071
395 8.880000 -0.176028 -0.078531
396 8.900000 -0.174443 -0.079910
397 8.920000 -0.172832 -0.081228
398 8.940000 -0.171194 -0.082505
399 8.960000 -0.169532 -0.083761
400 8.980000 -0.167844 -0.085010
401 9.000000 -0.166131 -0.086264
402 9.020000 -0.164393 -0.087527
403 9.040000 -0.162630 -0.088795
404 9.060000 -0.160842 -0.090053
405 9.080000 -0.159028 -0.091281
406 9.100000 -0.157191 -0.092452
407 9.120000 -0.155331 -0.093537
408 9.140000 -0.153451 -0.094504
409 9.160000 -0.151552 -0.095325
410 9.180000 -0.149639 -0.095974
411 9.200000 -0.147715 -0.096431
412 9.220000 -0.145784 -0.096686
413 9.240000 -0.143850 -0.096739
414 9.260000 -0.141917 -0.096600
415 9.280000 -0.139988 -0.096291
416 9.300000 -0.138066 -0.095842
417 9.320000 -0.136155 -0.095288
418 9.340000 -0.134256 -0.094665
419 9.360000 -0.132369 -0.094009
420 9.380000 -0.130495 -0.093356
421 9.400000 -0.128634 -0.092734
422 9.420000 -0.126785 -0.092163
423 9.440000 -0.124947 -0.091653
424 9.460000 -0.123119 -0.091203
425 9.480000 -0.121299 -0.090799
426 9.500000 -0.119486 -0.090421
427 9.520000 -0.117682 -0.090042
428 9.540000 -0.115885 -0.089631
429 9.560000 -0.114097 -0.089158
430 9.580000 -0.112320 -0.088593
431 9.600000 -0.110555 -0.087910
432 9.620000 -0.108805 -0.087092
433 9.640000 -0.107072 -0.086129
434 9.660000 -0.105361 -0.085022
435 9.680000 -0.103673 -0.083781
436 9.700000 -0.102011 -0.082425
437 9.720000 -0.100377 -0.080977
438 9.740000 -0.098772 -0.079466
439 9.760000 -0.097198 -0.077922
440 9.780000 -0.095655 -0.076372
441 9.800000 -0.094143 -0.074846
442 9.820000 -0.092661 -0.073365
443 9.840000 -0.091208 -0.071947
444 9.860000 -0.089783 -0.070602
445 9.880000 -0.088383 -0.069333
446 9.900000 -0.087008 -0.068137
447 9.920000 -0.085657 -0.067007
448 9.940000 -0.084328 -0.065932
449 9.960000 -0.083019 -0.064900
450 9.980000 -0.081731 -0.063897
451 10.000000 -0.080463 -0.062909
452 10.020000 -0.079215 -0.061923
453 10.040000 -0.077986 -0.060931
454 10.060000 -0.076778 -0.059925
455 10.080000 -0.075590 -0.058901
456 10.100000 -0.074422 -0.057860
457 10.120000 -0.073275 -0.056801
458 10.140000 -0.072150 -0.055729
459 10.160000 -0.071046 -0.054647
460 10.180000 -0.069964 -0.053561
461 10.200000 -0.068904 -0.052475
462 10.220000 -0.067865 -0.051394
463 10.240000 -0.066848 -0.050323
464 10.260000 -0.065852 -0.049264
465 10.280000 -0.064877 -0.048219
466 10.300000 -0.063923 -0.047190
467 10.320000 -0.062990 -0.046177
468 10.340000 -0.062076 -0.045181
469 10.360000 -0.061182 -0.044200
470 10.380000 -0.060308 -0.043236
471 10.400000 -0.059453 -0.042289
472 10.420000 -0.058616 -0.041359
473 10.440000 -0.057798 -0.040448
474 10.460000 -0.056998 -0.039557
475 10.480000 -0.056215 -0.038691
476 10.500000 -0.055450 -0.037851
477 10.520000 -0.054701 -0.037041
478 10.540000 -0.053968 -0.036265
479 10.560000 -0.053250 -0.035524
480 10.580000 -0.052547 -0.034821
481 10.600000 -0.051857 -0.034156
482 10.620000 -0.051180 -0.033529
483 10.640000 -0.050515 -0.032937
484 10.660000 -0.049862 -0.032376
485 10.680000 -0.049220 -0.031843
486 10.700000 -0.048588 -0.031329
487 10.720000 -0.047967 -0.030829
488 10.740000 -0.047355 -0.030336
489 10.760000 -0.046753 -0.029842
490 10.780000 -0.046162 -0.029343
491 10.800000 -0.045580 -0.028832
492 10.820000 -0.045008 -0.028307
493 10.840000 -0.044448 -0.027766
494 10.860000 -0.043898 -0.027210
495 10.880000 -0.043359 -0.026641
496 10.900000 -0.042832 -0.026065
497 10.920000 -0.042317 -0.025486
498 10.940000 -0.041813 -0.024911
499 10.960000 -0.041320 -0.024345
500 10.980000 -0.040839 -0.023796
501 11.000000 -0.040368 -0.023269
502 11.020000 -0.039908 -0.022768
503 11.040000 -0.039457 -0.022297
504 11.060000 -0.039016 -0.021858
505 11.080000 -0.038583 -0.021451
506 11.100000 -0.038157 -0.021075
507 11.120000 -0.037739 -0.020728
508 11.140000 -0.037328 -0.020407
509 11.160000 -0.036923 -0.020111
510 11.180000 -0.036523 -0.019837
511 11.200000 -0.036129 -0.019583
512 11.220000 -0.035740 -0.019348
513 11.240000 -0.035355 -0.019131
514 11.260000 -0.034974 -0.018935
515 11.280000 -0.034597 -0.018761
516 11.300000 -0.034224 -0.018612
517 11.320000 -0.033853 -0.018492
518 11.340000 -0.033484 -0.018404
519 11.360000 -0.033116 -0.018350
520 11.380000 -0.032749 -0.018332
521 11.400000 -0.032382 -0.018352
522 11.420000 -0.032015 -0.018407
523 11.440000 -0.031646 -0.018496
524 11.460000 -0.031275 -0.018613
525 11.480000 -0.030901 -0.018751
526 11.500000 -0.030525 -0.018902
527 11.520000 -0.030145 -0.019059
528 11.540000 -0.029762 -0.019212
529 11.560000 -0.029377 -0.019353
530 11.580000 -0.028988 -0.019477
531 11.600000 -0.028598 -0.019579
532 11.620000 -0.028205 -0.019657
533 11.640000 -0.027812 -0.019712
534 11.660000 -0.027417 -0.019749
535 11.680000 -0.027022 -0.019774
536 11.700000 -0.026626 -0.019797
537 11.720000 -0.026230 -0.019829
538 11.740000 -0.025833 -0.019881
539 11.760000 -0.025434 -0.019963
540 11.780000 -0.025034 -0.020085
541 11.800000 -0.024630 -0.020253
542 11.820000 -0.024223 -0.020472
543 11.840000 -0.023811 -0.020743
544 11.860000 -0.023393 -0.021061
545 11.880000 -0.022968 -0.021418
546 11.900000 -0.022536 -0.021804
547 11.920000 -0.022096 -0.022207
548 11.940000 -0.021648 -0.022612
549 11.960000 -0.021192 -0.023004
550 11.980000 -0.020728 -0.023370
551 12.000000 -0.020257 -0.023696
552 12.020000 -0.019780 -0.023971
553 12.040000 -0.019299 -0.024186
554 12.060000 -0.018814 -0.024338
555 12.080000 -0.018326 -0.024423
556 12.100000 -0.017837 -0.024444
557 12.120000 -0.017349 -0.024403
558 12.140000 -0.016862 -0.024306
559 12.160000 -0.016377 -0.024159
560 12.180000 -0.015896 -0.023969
561 12.200000 -0.015419 -0.023744
562 12.220000 -0.014946 -0.023493
563 12.240000 -0.014479 -0.023222
564 12.260000 -0.014018 -0.022938
565 12.280000 -0.013562 -0.022647
566 12.300000 -0.013112 -0.022354
567 12.320000 -0.012668 -0.022062
568 12.340000 -0.012229 -0.021775
569 12.360000 -0.011797 -0.021494
570 12.380000 -0.011369 -0.021222
571 12.400000 -0.010948 -0.020957
572 12.420000 -0.010531 -0.020700
573 12.440000 -0.010120 -0.020448
574 12.460000 -0.009713 -0.020199
575 12.480000 -0.009312 -0.019950
576 12.500000 -0.008915 -0.019698
577 12.520000 -0.008524 -0.019438
578 12.540000 -0.008138 -0.019167
579 12.560000 -0.007757 -0.018882
580 12.580000 -0.007383 -0.018581
581 12.600000 -0.007014 -0.018262
582 12.620000 -0.006652 -0.017926
583 12.640000 -0.006297 -0.017573
584 12.660000 -0.005949 -0.017206
585 12.680000 -0.005609 -0.016831
586 12.700000 -0.005276 -0.016452
587 12.720000 -0.004951 -0.016075
588 12.740000 -0.004633 -0.015705
589 12.760000 -0.004323 -0.015346
590 12.780000 -0.004019 -0.015001
591 12.800000 -0.003723 -0.014673
592 12.820000 -0.003432 -0.014360
593 12.840000 -0.003148 -0.014058
594 12.860000 -0.002870 -0.013761
595 12.880000 -0.002598 -0.013460
596 12.900000 -0.002332 -0.013143
597 12.920000 -0.002072 -0.012801
598 12.940000 -0.001820 -0.012421
599 12.960000 -0.001576 -0.011995
600 12.980000 -0.001341 -0.011516
601 13.000000 -0.001116 -0.010978
602 13.020000 -0.000902 -0.010382
603 13.040000 -0.000701 -0.009733
604 13.060000 -0.000513 -0.009041
605 13.080000 -0.000340 -0.008321
606 13.100000 -0.000180 -0.007589
607 13.120000 -0.000036 -0.006868
608 13.140000 0.000095 -0.006175
609 13.160000 0.000212 -0.005532
610 13.180000 0.000316 -0.004956
611 13.200000 0.000411 -0.004462
612 13.220000 0.000496 -0.004058
613 13.240000 0.000574 -0.003748
614 13.260000 0.000647 -0.003529
615 13.280000 0.000716 -0.003392
616 13.300000 0.000783 -0.003323
617 13.320000 0.000849 -0.003304
618 13.340000 0.000915 -0.003315
619 13.360000 0.000982 -0.003336
620 13.380000 0.001049 -0.003347
621 13.400000 0.001116 -0.003328
622 13.420000 0.001182 -0.003264
623 13.440000 0.001246 -0.003143
624 13.460000 0.001307 -0.002959
625 13.480000 0.001363 -0.002710
626 13.500000 0.001414 -0.002399
627 13.520000 0.001459 -0.002031
628 13.540000 0.001495 -0.001614
629 13.560000 0.001523 -0.001160
630 13.580000 0.001541 -0.000680
631 13.600000 0.001550 -0.000186
632 13.620000 0.001549 0.000308
633 13.640000 0.001538 0.000792
634 13.660000 0.001517 0.001254
635 13.680000 0.001488 0.001686
636 13.700000 0.001450 0.002080
637 13.720000 0.001405 0.002431
638 13.740000 0.001353 0.002733
639 13.760000 0.001296 0.002984
640 13.780000 0.001235 0.003183
641 13.800000 0.001169 0.003330
642 13.820000 0.001102 0.003427
643 13.840000 0.001033 0.003477
644 13.860000 0.000963 0.003486
645 13.880000 0.000894 0.003461
646 13.900000 0.000825 0.003408
647 13.920000 0.000758 0.003336
648 13.940000 0.000692 0.003251
649 13.960000 0.000628 0.003162
650 13.980000 0.000565 0.003073
651 14.000000 0.000505 0.002990
652 14.020000 0.000446 0.002915
653 14.040000 0.000388 0.002849
654 14.060000 0.000332 0.002789
655 14.080000 0.000276 0.002731
656 14.100000 0.000222 0.002671
657 14.120000 0.000170 0.002600
658 14.140000 0.000119 0.002513
659 14.160000 0.000069 0.002405
660 14.180000 0.000023 0.002269
661 14.200000 -0.000021 0.002104
662 14.220000 -0.000061 0.001909
663 14.240000 -0.000097 0.001687
664 14.260000 -0.000129 0.001445
665 14.280000 -0.000155 0.001193
666 14.300000 -0.000176 0.000942
667 14.320000 -0.000193 0.000704
668 14.340000 -0.000205 0.000491
669 14.360000 -0.000213 0.000315
670 14.380000 -0.000218 0.000183
671 14.400000 -0.000221 0.000102
672 14.420000 -0.000222 0.000072
673 14.440000 -0.000224 0.000091
674 14.460000 -0.000226 0.000147
675 14.480000 -0.000230 0.000227
676 14.500000 -0.000235 0.000313
677 14.520000 -0.000242 0.000387
678 14.540000 -0.000251 0.000429
679 14.560000 -0.000259 0.000422
680 14.580000 -0.000267 0.000352
681 14.600000 -0.000272 0.000211
682 14.620000 -0.000275 -0.000005
683 14.640000 -0.000272 -0.000290
684 14.660000 -0.000262 -0.000630
685 14.680000 -0.000246 -0.001004
686 14.700000 -0.000222 -0.001384
687 14.720000 -0.000191 -0.001742
688 14.740000 -0.000153 -0.002049
689 14.760000 -0.000110 -0.002277
690 14.780000 -0.000063 -0.002404
691 14.800000 -0.000015 -0.002412
692 14.820000 0.000032 -0.002296
693 14.840000 0.000076 -0.002058
694 14.860000 0.000114 -0.001716
695 14.880000 0.000144 -0.001296
696 14.900000 0.000165 -0.000834
697 14.920000 0.000177 -0.000369
698 14.940000 0.000180 0.000059
699 14.960000 0.000176 0.000409
700 14.980000 0.000165 0.000646
701 15.000000 0.000151 0.000744
702 15.020000 0.000137 0.000685
703 15.040000 0.000125 0.000466
704 15.060000 0.000120 0.000099
705 15.080000 0.000123 -0.000391
706 15.100000 0.000136 -0.000969
707 15.120000 0.000162 -0.001594
708 15.140000 0.000200 -0.002221
709 15.160000 0.000250 -0.002806
710 15.180000 0.000311 -0.003308
711 15.200000 0.000381 -0.003692
712 15.220000 0.000458 -0.003937
713 15.240000 0.000537 -0.004031
714 15.260000 0.000617 -0.003981
715 15.280000 0.000695 -0.003806
716 15.300000 0.000769 -0.003537
717 15.320000 0.000836 -0.003210
718 15.340000 0.000897 -0.002866
719 15.360000 0.000951 -0.002546
720 15.380000 0.000999 -0.002290
721 15.400000 0.001044 -0.002129
722 15.420000 0.001086 -0.002086
723 15.440000 0.001128 -0.002170
724 15.460000 0.001174 -0.002377
725 15.480000 0.001224 -0.002688
726 15.500000 0.001282 -0.003076
727 15.520000 0.001348 -0.003506
728 15.540000 0.001422 -0.003939
729 15.560000 0.001505 -0.004335
730 15.580000 0.001595 -0.004659
731 15.600000 0.001690 -0.004878
732 15.620000 0.001789 -0.004972
733 15.640000 0.001888 -0.004928
734 15.660000 0.001985 -0.004750
735 15.680000 0.002077 -0.004453
736 15.700000 0.002162 -0.004063
737 15.720000 0.002239 -0.003609
738 15.740000 0.002306 -0.003128
739 15.760000 0.002364 -0.002656
740 15.780000 0.002413 -0.002226
741 15.800000 0.002454 -0.001869
742 15.820000 0.002488 -0.001608
743 15.840000 0.002519 -0.001454
744 15.860000 0.002548 -0.001409
745 15.880000 0.002576 -0.001463
746 15.900000 0.002607 -0.001598
747 15.920000 0.002641 -0.001789
748 15.940000 0.002679 -0.002009
749 15.960000 0.002721 -0.002227
750 15.980000 0.002768 -0.002415
751 16.000000 0.002817 -0.002547
752 16.020000 0.002869 -0.002601
753 16.040000 0.002920 -0.002565
754 16.060000 0.002970 -0.002434
755 16.080000 0.003017 -0.002211
756 16.100000 0.003058 -0.001907
757 16.120000 0.003092 -0.001538
758 16.140000 0.003119 -0.001122
759 16.160000 0.003137 -0.000682
760 16.180000 0.003146 -0.000239
761 16.200000 0.003147 0.000185
762 16.220000 0.003139 0.000571
763 16.240000 0.003125 0.000904
764 16.260000 0.003104 0.001173
765 16.280000 0.003078 0.001373
766 16.300000 0.003050 0.001502
767 16.320000 0.003019 0.001561
768 16.340000 0.002988 0.001557
769 16.360000 0.002957 0.001495
770 16.380000 0.002928 0.001386
771 16.400000 0.002902 0.001240
772 16.420000 0.002879 0.001067
773 16.440000 0.002860 0.000879
774 16.460000 0.002844 0.000685
775 16.480000 0.002832 0.000497
776 16.500000 0.002824 0.000323
777 16.520000 0.002819 0.000171
778 16.540000 0.002817 0.000047
779 16.560000 0.002817 -0.000041
780 16.580000 0.002818 -0.000091
781 16.600000 0.002820 -0.000100
782 16.620000 0.002822 -0.000066
783 16.640000 0.002822 0.000009
784 16.660000 0.002821 0.000122
785 16.680000 0.002817 0.000269
786 16.700000 0.002810 0.000443
787 16.720000 0.002799 0.000639
788 16.740000 0.002784 0.000849
789 16.760000 0.002765 0.001065
790 16.780000 0.002742 0.001279
791 16.800000 0.002714 0.001486
792 16.820000 0.002682 0.001680
793 16.840000 0.002647 0.001855
794 16.860000 0.002608 0.002008
795 16.880000 0.002567 0.002138
796 16.900000 0.002523 0.002245
797 16.920000 0.002477 0.002329
798 16.940000 0.002430 0.002391
799 16.960000 0.002382 0.002434
800 16.980000 0.002333 0.002459
801 17.000000 0.002284 0.002470
802 17.020000 0.002234 0.002468
803 17.040000 0.002185 0.002455
804 17.060000 0.002136 0.002434
805 17.080000 0.002088 0.002406
806 17.100000 0.002040 0.002371
807 17.120000 0.001993 0.002331
808 17.140000 0.001947 0.002286
809 17.160000 0.001901 0.002237
810 17.180000 0.001857 0.002183
811 17.200000 0.001814 0.002125
812 17.220000 0.001772 0.002063
813 17.240000 0.001732 0.001999
814 17.260000 0.001692 0.001931
815 17.280000 0.001654 0.001863
816 17.300000 0.001618 0.001794
817 17.320000 0.001583 0.001725
818 17.340000 0.001549 0.001658
819 17.360000 0.001516 0.001594
820 17.380000 0.001485 0.001534
821 17.400000 0.001455 0.001480
822 17.420000 0.001426 0.001432
823 17.440000 0.001398 0.001391
824 17.460000 0.001370 0.001359
825 17.480000 0.001343 0.001335
826 17.500000 0.001317 0.001321
827 17.520000 0.001290 0.001317
828 17.540000 0.001264 0.001323
829 17.560000 0.001237 0.001338
830 17.580000 0.001210 0.001363
831 17.600000 0.001183 0.001396
832 17.620000 0.001154 0.001438
833 17.640000 0.001125 0.001487
834 17.660000 0.001095 0.001541
835 17.680000 0.001063 0.001599
836 17.700000 0.001031 0.001660
837 17.720000 0.000997 0.001720
838 17.740000 0.000962 0.001778
839 17.760000 0.000926 0.001832
840 17.780000 0.000889 0.001879
841 17.800000 0.000851 0.001917
842 17.820000 0.000812 0.001943
843 17.840000 0.000773 0.001954
844 17.860000 0.000734 0.001949
845 17.880000 0.000695 0.001925
846 17.900000 0.000657 0.001880
847 17.920000 0.000620 0.001812
848 17.940000 0.000585 0.001720
849 17.960000 0.000552 0.001605
850 17.980000 0.000521 0.001466
851 18.000000 0.000493 0.001306
852 18.020000 0.000469 0.001126
853 18.040000 0.000449 0.000931
854 18.060000 0.000432 0.000725
855 18.080000 0.000420 0.000514
856 18.100000 0.000411 0.000306
857 18.120000 0.000407 0.000106
858 18.140000 0.000407 -0.000078
859 18.160000 0.000410 -0.000241
860 18.180000 0.000416 -0.000377
861 18.200000 0.000425 -0.000482
862 18.220000 0.000435 -0.000553
863 18.240000 0.000447 -0.000592
864 18.260000 0.000459 -0.000598
865 18.280000 0.000470 -0.000577
866 18.300000 0.000481 -0.000533
867 18.320000 0.000492 -0.000473
868 18.340000 0.000500 -0.000403
869 18.360000 0.000508 -0.000332
870 18.380000 0.000514 -0.000266
871 18.400000 0.000518 -0.000211
872 18.420000 0.000522 -0.000173
873 18.440000 0.000526 -0.000156
874 18.460000 0.000529 -0.000161
875 18.480000 0.000532 -0.000188
876 18.500000 0.000536 -0.000237
877 18.520000 0.000542 -0.000305
878 18.540000 0.000549 -0.000389
879 18.560000 0.000558 -0.000484
880 18.580000 0.000568 -0.000585
881 18.600000 0.000581 -0.000688
882 18.620000 0.000596 -0.000787
883 18.640000 0.000612 -0.000878
884 18.660000 0.000631 -0.000956
885 18.680000 0.000650 -0.001017
886 18.700000 0.000671 -0.001059
887 18.720000 0.000693 -0.001077
888 18.740000 0.000714 -0.001072
889 18.760000 0.000735 -0.001041
890 18.780000 0.000755 -0.000986
891 18.800000 0.000774 -0.000905
892 18.820000 0.000791 -0.000803
893 18.840000 0.000806 -0.000682
894 18.860000 0.000819 -0.000546
895 18.880000 0.000828 -0.000402
896 18.900000 0.000835 -0.000254
897 18.920000 0.000838 -0.000109
898 18.940000 0.000839 0.000027
899 18.960000 0.000837 0.000149
900 18.980000 0.000833 0.000251
901 19.000000 0.000827 0.000332
902 19.020000 0.000820 0.000389
903 19.040000 0.000812 0.000422
904 19.060000 0.000804 0.000434
905 19.080000 0.000795 0.000429
906 19.100000 0.000786 0.000412
907 19.120000 0.000778 0.000390
908 19.140000 0.000771 0.000368
909 19.160000 0.000764 0.000354
910 19.180000 0.000757 0.000352
911 19.200000 0.000749 0.000367
912 19.220000 0.000742 0.000400
913 19.240000 0.000733 0.000452
914 19.260000 0.000723 0.000520
915 19.280000 0.000712 0.000599
916 19.300000 0.000699 0.000683
917 19.320000 0.000685 0.000764
918 19.340000 0.000669 0.000836
919 19.360000 0.000652 0.000890
920 19.380000 0.000634 0.000921
921 19.400000 0.000615 0.000924
922 19.420000 0.000597 0.000898
923 19.440000 0.000580 0.000843
924 19.460000 0.000564 0.000764
925 19.480000 0.000549 0.000668
926 19.500000 0.000537 0.000564
927 19.520000 0.000527 0.000462
928 19.540000 0.000518 0.000373
929 19.560000 0.000511 0.000307
930 19.580000 0.000506 0.000272
931 19.600000 0.000500 0.000275
932 19.620000 0.000494 0.000318
933 19.640000 0.000487 0.000401
934 19.660000 0.000478 0.000518
935 19.680000 0.000466 0.000661
936 19.700000 0.000451 0.000819
937 19.720000 0.000433 0.000980
938 19.740000 0.000412 0.001134
939 19.760000 0.000388 0.001270
940 19.780000 0.000362 0.001382
941 19.800000 0.000333 0.001468
942 19.820000 0.000303 0.001533
943 19.840000 0.000272 0.001585
944 19.860000 0.000240 0.001643
945 19.880000 0.000206 0.001720
946 19.900000 0.000171 0.001820
947 19.920000 0.000133 0.001924
948 19.940000 0.000094 0.001983
949 19.960000 0.000055 0.001905
950 19.980000 0.000021 0.001548
951 20.000000 -0.000002 0.000708
952 20.020000 0.000000 -0.000890
