1 1.120000 480.975873 1607.083789
2 1.140000 448.847323 1474.579317
3 1.160000 419.368862 1355.013713
4 1.180000 392.281713 1246.933708
5 1.200000 367.356164 1149.069897
6 1.220000 344.387891 1060.310947
7 1.240000 323.194798 979.681768
8 1.260000 303.614288 906.324987
9 1.280000 285.500913 839.485181
10 1.300000 268.724335 778.495425
11 1.320000 253.167552 722.765779
12 1.340000 238.725362 671.773430
13 1.360000 225.303018 625.054204
14 1.380000 212.815060 582.195262
15 1.400000 201.184280 542.828795
16 1.420000 190.340829 506.626566
17 1.440000 180.221423 473.295179
18 1.460000 170.768645 442.571966
19 1.480000 161.930331 414.221412
20 1.500000 153.659028 388.032034
21 1.520000 145.911513 363.813650
22 1.540000 138.648365 341.394999
23 1.560000 131.833591 320.621641
24 1.580000 125.434283 301.354122
25 1.600000 119.420326 283.466355
26 1.620000 113.764125 266.844194
27 1.640000 108.440366 251.384175
28 1.660000 103.425808 236.992405
29 1.680000 98.699085 223.583573
30 1.700000 94.240539 211.080078
31 1.720000 90.032063 199.411254
32 1.740000 86.056963 188.512678
33 1.760000 82.299835 178.325558
34 1.780000 78.746449 168.796181
35 1.800000 75.383651 159.875426
36 1.820000 72.199268 151.518329
37 1.840000 69.182027 143.683686
38 1.860000 66.321478 136.333705
39 1.880000 63.607929 129.433694
40 1.900000 61.032381 122.951771
41 1.920000 58.586471 116.858616
42 1.940000 56.262424 111.127238
43 1.960000 54.053004 105.732771
44 1.980000 51.951474 100.652284
45 2.000000 49.951554 95.864619
46 2.020000 48.047387 91.350230
47 2.040000 46.233508 87.091054
48 2.060000 44.504812 83.070380
49 2.080000 42.856530 79.272738
50 2.100000 41.284200 75.683797
51 2.120000 39.783650 72.290269
52 2.140000 38.350970 69.079826
53 2.160000 36.982499 66.041024
54 2.180000 35.674804 63.163228
55 2.200000 34.424664 60.436552
56 2.220000 33.229059 57.851798
57 2.240000 32.085148 55.400406
58 2.260000 30.990265 53.074398
59 2.280000 29.941903 50.866340
60 2.300000 28.937701 48.769298
61 2.320000 27.975441 46.776800
62 2.340000 27.053030 44.882803
63 2.360000 26.168499 43.081661
64 2.380000 25.319992 41.368094
65 2.400000 24.505755 39.737164
66 2.420000 23.724137 38.184249
67 2.440000 22.973578 36.705020
68 2.460000 22.252603 35.295422
69 2.480000 21.559819 33.951652
70 2.500000 20.893912 32.670144
71 2.520000 20.253634 31.447551
72 2.540000 19.637809 30.280729
73 2.560000 19.045319 29.166728
74 2.580000 18.475110 28.102773
75 2.600000 17.926180 27.086254
76 2.620000 17.397580 26.114716
77 2.640000 16.888411 25.185851
78 2.660000 16.397820 24.297482
79 2.680000 15.924995 23.447559
80 2.700000 15.469170 22.634153
81 2.720000 15.029612 21.855441
82 2.740000 14.605629 21.109705
83 2.760000 14.196560 20.395325
84 2.780000 13.801779 19.710768
85 2.800000 13.420689 19.054591
86 2.820000 13.052722 18.425426
87 2.840000 12.697339 17.821983
88 2.860000 12.354025 17.243040
89 2.880000 12.022289 16.687442
90 2.900000 11.701666 16.154096
91 2.920000 11.391709 15.641967
92 2.940000 11.091995 15.150074
93 2.960000 10.802119 14.677489
94 2.980000 10.521695 14.223331
95 3.000000 10.250353 13.786766
96 3.020000 9.987743 13.367002
97 3.040000 9.733529 12.963287
98 3.060000 9.487388 12.574910
99 3.080000 9.249016 12.201192
100 3.100000 9.038761 12.858668
101 3.120000 8.791020 11.915413
102 3.140000 8.562607 10.925879
103 3.160000 8.352236 10.111249
104 3.180000 8.155548 9.557502
105 3.200000 7.967424 9.254953
106 3.220000 7.783496 9.137787
107 3.240000 7.600886 9.123250
108 3.260000 7.418237 9.141696
109 3.280000 7.235385 9.143422
110 3.300000 7.052987 9.096383
111 3.320000 6.872188 8.983533
112 3.340000 6.694351 8.800183
113 3.360000 6.520836 8.551350
114 3.380000 6.352831 8.249107
115 3.400000 6.191241 7.909939
116 3.420000 6.036620 7.552089
117 3.440000 5.889170 7.192940
118 3.460000 5.748771 6.847018
119 3.480000 5.615044 6.525613
120 3.500000 5.487418 6.237033
121 3.520000 5.365179 5.986874
122 3.540000 5.247527 5.778303
123 3.560000 5.133621 5.612326
124 3.580000 5.022617 5.488071
125 3.600000 4.913705 5.403058
126 3.620000 4.806140 5.353481
127 3.640000 4.699260 5.334478
128 3.660000 4.592512 5.340399
129 3.680000 4.485457 5.365048
130 3.700000 4.377787 5.401913
131 3.720000 4.269324 5.444398
132 3.740000 4.160020 5.486052
133 3.760000 4.049951 5.520804
134 3.780000 3.939311 5.543190
135 3.800000 3.828394 5.548588
136 3.820000 3.717573 5.533445
137 3.840000 3.607284 5.495506
138 3.860000 3.497989 5.433945
139 3.880000 3.390157 5.349250
140 3.900000 3.284235 5.243007
141 3.920000 3.180628 5.117685
142 3.940000 3.079687 4.976419
143 3.960000 2.981695 4.822796
144 3.980000 2.886860 4.660632
145 4.000000 2.795316 4.493762
146 4.020000 2.707121 4.325820
147 4.040000 2.622262 4.160025
148 4.060000 2.540672 3.999024
149 4.080000 2.462233 3.844886
150 4.100000 2.386792 3.699156
151 4.120000 2.314172 3.562902
152 4.140000 2.244175 3.436772
153 4.160000 2.176597 3.321050
154 4.180000 2.111229 3.215704
155 4.200000 2.047868 3.120445
156 4.220000 1.986315 3.034776
157 4.240000 1.926387 2.958045
158 4.260000 1.867912 2.889498
159 4.280000 1.810734 2.828300
160 4.300000 1.754715 2.773560
161 4.320000 1.699736 2.724355
162 4.340000 1.645695 2.679749
163 4.360000 1.592509 2.638816
164 4.380000 1.540115 2.600660
165 4.400000 1.488463 2.564443
166 4.420000 1.437525 2.529398
167 4.440000 1.387283 2.494856
168 4.460000 1.337731 2.460262
169 4.480000 1.288877 2.425167
170 4.500000 1.240733 2.389226
171 4.520000 1.193319 2.352183
172 4.540000 1.146659 2.313865
173 4.560000 1.100778 2.274169
174 4.580000 1.055706 2.233059
175 4.600000 1.011470 2.190550
176 4.620000 0.968097 2.146702
177 4.640000 0.925614 2.101611
178 4.660000 0.884044 2.055400
179 4.680000 0.843408 2.008215
180 4.700000 0.803724 1.960223
181 4.720000 0.765005 1.911607
182 4.740000 0.727264 1.862565
183 4.760000 0.690505 1.813307
184 4.780000 0.654731 1.764049
185 4.800000 0.619941 1.715016
186 4.820000 0.586126 1.666434
187 4.840000 0.553276 1.618530
188 4.860000 0.521376 1.571525
189 4.880000 0.490404 1.525637
190 4.900000 0.460337 1.481067
191 4.920000 0.431147 1.438003
192 4.940000 0.402800 1.396612
193 4.960000 0.375264 1.357034
194 4.980000 0.348500 1.319379
195 5.000000 0.322469 1.283725
196 5.020000 0.297130 1.250109
197 5.040000 0.272444 1.218525
198 5.060000 0.248370 1.188923
199 5.080000 0.224868 1.161208
200 5.100000 0.201904 1.135250
201 5.120000 0.179442 1.110884
202 5.140000 0.157454 1.087919
203 5.160000 0.135914 1.066144
204 5.180000 0.114799 1.045327
205 5.200000 0.094093 1.025226
206 5.220000 0.073785 1.005593
207 5.240000 0.053868 0.986178
208 5.260000 0.034338 0.966734
209 5.280000 0.015201 0.947021
210 5.300000 -0.003537 0.926815
211 5.320000 -0.021865 0.905908
212 5.340000 -0.039765 0.884114
213 5.360000 -0.057219 0.861274
214 5.380000 -0.074204 0.837264
215 5.400000 -0.090697 0.811994
216 5.420000 -0.106671 0.785416
217 5.440000 -0.122100 0.757528
218 5.460000 -0.136959 0.728378
219 5.480000 -0.151224 0.698056
220 5.500000 -0.164871 0.666691
221 5.520000 -0.177883 0.634447
222 5.540000 -0.190242 0.601509
223 5.560000 -0.201938 0.568083
224 5.580000 -0.212963 0.534389
225 5.600000 -0.223313 0.500651
226 5.620000 -0.232991 0.467096
227 5.640000 -0.242001 0.433941
228 5.660000 -0.250354 0.401394
229 5.680000 -0.258065 0.369648
230 5.700000 -0.265150 0.338880
231 5.720000 -0.271631 0.309248
232 5.740000 -0.277533 0.280892
233 5.760000 -0.282881 0.253930
234 5.780000 -0.287705 0.228456
235 5.800000 -0.292035 0.204542
236 5.820000 -0.295903 0.182229
237 5.840000 -0.299340 0.161536
238 5.860000 -0.302380 0.142448
239 5.880000 -0.305054 0.124926
240 5.900000 -0.307392 0.108911
241 5.920000 -0.309424 0.094322
242 5.940000 -0.311178 0.081067
243 5.960000 -0.312679 0.069039
244 5.980000 -0.313951 0.058130
245 6.000000 -0.315015 0.048223
246 6.020000 -0.315889 0.039206
247 6.040000 -0.316591 0.030971
248 6.060000 -0.317135 0.023415
249 6.080000 -0.317533 0.016448
250 6.100000 -0.317797 0.009983
251 6.120000 -0.317937 0.003945
252 6.140000 -0.317959 -0.001736
253 6.160000 -0.317870 -0.007121
254 6.180000 -0.317676 -0.012264
255 6.200000 -0.317382 -0.017211
256 6.220000 -0.316990 -0.022003
257 6.240000 -0.316503 -0.026674
258 6.260000 -0.315924 -0.031249
259 6.280000 -0.315254 -0.035749
260 6.300000 -0.314494 -0.040192
261 6.320000 -0.313646 -0.044586
262 6.340000 -0.312711 -0.048941
263 6.360000 -0.311689 -0.053257
264 6.380000 -0.310581 -0.057538
265 6.400000 -0.309388 -0.061780
266 6.420000 -0.308110 -0.065982
267 6.440000 -0.306749 -0.070138
268 6.460000 -0.305305 -0.074245
269 6.480000 -0.303780 -0.078296
270 6.500000 -0.302174 -0.082285
271 6.520000 -0.300489 -0.086202
272 6.540000 -0.298727 -0.090036
273 6.560000 -0.296889 -0.093771
274 6.580000 -0.294977 -0.097388
275 6.600000 -0.292995 -0.100864
276 6.620000 -0.290944 -0.104170
277 6.640000 -0.288830 -0.107273
278 6.660000 -0.286656 -0.110133
279 6.680000 -0.284427 -0.112708
280 6.700000 -0.282151 -0.114951
281 6.720000 -0.279833 -0.116820
282 6.740000 -0.277482 -0.118275
283 6.760000 -0.275107 -0.119280
284 6.780000 -0.272716 -0.119808
285 6.800000 -0.270319 -0.119843
286 6.820000 -0.267927 -0.119383
287 6.840000 -0.265549 -0.118436
288 6.860000 -0.263194 -0.117033
289 6.880000 -0.260872 -0.115213
290 6.900000 -0.258589 -0.113028
291 6.920000 -0.256354 -0.110539
292 6.940000 -0.254170 -0.107807
293 6.960000 -0.252043 -0.104896
294 6.980000 -0.249975 -0.101866
295 7.000000 -0.247969 -0.098770
296 7.020000 -0.246025 -0.095651
297 7.040000 -0.244143 -0.092539
298 7.060000 -0.242323 -0.089449
299 7.080000 -0.240565 -0.086381
300 7.100000 -0.238868 -0.083327
301 7.120000 -0.237232 -0.080269
302 7.140000 -0.235657 -0.077188
303 7.160000 -0.234145 -0.074062
304 7.180000 -0.232695 -0.070875
305 7.200000 -0.231310 -0.067613
306 7.220000 -0.229992 -0.064276
307 7.240000 -0.228740 -0.060873
308 7.260000 -0.227557 -0.057429
309 7.280000 -0.226443 -0.053981
310 7.300000 -0.225397 -0.050576
311 7.320000 -0.224419 -0.047266
312 7.340000 -0.223505 -0.044106
313 7.360000 -0.222653 -0.041147
314 7.380000 -0.221857 -0.038440
315 7.400000 -0.221112 -0.036024
316 7.420000 -0.220413 -0.033930
317 7.440000 -0.219752 -0.032170
318 7.460000 -0.219122 -0.030742
319 7.480000 -0.218519 -0.029630
320 7.500000 -0.217934 -0.028801
321 7.520000 -0.217364 -0.028218
322 7.540000 -0.216804 -0.027833
323 7.560000 -0.216249 -0.027599
324 7.580000 -0.215699 -0.027466
325 7.600000 -0.215150 -0.027387
326 7.620000 -0.214603 -0.027322
327 7.640000 -0.214058 -0.027238
328 7.660000 -0.213514 -0.027114
329 7.680000 -0.212974 -0.026940
330 7.700000 -0.212437 -0.026713
331 7.720000 -0.211905 -0.026441
332 7.740000 -0.211380 -0.026137
333 7.760000 -0.210860 -0.025819
334 7.780000 -0.210347 -0.025512
335 7.800000 -0.209839 -0.025241
336 7.820000 -0.209336 -0.025035
337 7.840000 -0.208837 -0.024922
338 7.860000 -0.208338 -0.024930
339 7.880000 -0.207838 -0.025087
340 7.900000 -0.207333 -0.025416
341 7.920000 -0.206820 -0.025938
342 7.940000 -0.206294 -0.026670
343 7.960000 -0.205751 -0.027624
344 7.980000 -0.205186 -0.028805
345 8.000000 -0.204596 -0.030212
346 8.020000 -0.203976 -0.031837
347 8.040000 -0.203321 -0.033660
348 8.060000 -0.202628 -0.035657
349 8.080000 -0.201893 -0.037794
350 8.100000 -0.201115 -0.040031
351 8.120000 -0.200291 -0.042327
352 8.140000 -0.199422 -0.044637
353 8.160000 -0.198506 -0.046921
354 8.180000 -0.197545 -0.049140
355 8.200000 -0.196541 -0.051259
356 8.220000 -0.195496 -0.053253
357 8.240000 -0.194413 -0.055106
358 8.260000 -0.193293 -0.056812
359 8.280000 -0.192142 -0.058375
360 8.300000 -0.190960 -0.059807
361 8.320000 -0.189750 -0.061128
362 8.340000 -0.188516 -0.062360
363 8.360000 -0.187257 -0.063530
364 8.380000 -0.185975 -0.064663
365 8.400000 -0.184670 -0.065787
366 8.420000 -0.183343 -0.066924
367 8.440000 -0.181993 -0.068094
368 8.460000 -0.180619 -0.069308
369 8.480000 -0.179220 -0.070575
370 8.500000 -0.177795 -0.071898
371 8.520000 -0.176344 -0.073274
372 8.540000 -0.174864 -0.074698
373 8.560000 -0.173355 -0.076163
374 8.580000 -0.171817 -0.077658
375 8.600000 -0.170249 -0.079172
376 8.620000 -0.168650 -0.080691
377 8.640000 -0.167021 -0.082204
378 8.660000 -0.165362 -0.083699
379 8.680000 -0.163674 -0.085163
380 8.700000 -0.161956 -0.086586
381 8.720000 -0.160211 -0.087958
382 8.740000 -0.158438 -0.089270
383 8.760000 -0.156640 -0.090513
384 8.780000 -0.154819 -0.091679
385 8.800000 -0.152974 -0.092760
386 8.820000 -0.151109 -0.093751
387 8.840000 -0.149225 -0.094646
388 8.860000 -0.147324 -0.095441
389 8.880000 -0.145408 -0.096133
390 8.900000 -0.143480 -0.096718
391 8.920000 -0.141541 -0.097196
392 8.940000 -0.139593 -0.097568
393 8.960000 -0.137639 -0.097835
394 8.980000 -0.135681 -0.098002
395 9.000000 -0.133720 -0.098074
396 9.020000 -0.131759 -0.098059
397 9.040000 -0.129798 -0.097967
398 9.060000 -0.127841 -0.097811
399 9.080000 -0.125887 -0.097604
400 9.100000 -0.123937 -0.097361
401 9.120000 -0.121992 -0.097096
402 9.140000 -0.120053 -0.096822
403 9.160000 -0.118119 -0.096553
404 9.180000 -0.116191 -0.096298
405 9.200000 -0.114267 -0.096064
406 9.220000 -0.112348 -0.095854
407 9.240000 -0.110433 -0.095666
408 9.260000 -0.108521 -0.095493
409 9.280000 -0.106613 -0.095325
410 9.300000 -0.104708 -0.095148
411 9.320000 -0.102807 -0.094944
412 9.340000 -0.100911 -0.094698
413 9.360000 -0.099020 -0.094391
414 9.380000 -0.097136 -0.094007
415 9.400000 -0.095261 -0.093532
416 9.420000 -0.093396 -0.092957
417 9.440000 -0.091544 -0.092274
418 9.460000 -0.089706 -0.091483
419 9.480000 -0.087885 -0.090588
420 9.500000 -0.086083 -0.089596
421 9.520000 -0.084302 -0.088518
422 9.540000 -0.082543 -0.087368
423 9.560000 -0.080808 -0.086162
424 9.580000 -0.079097 -0.084915
425 9.600000 -0.077412 -0.083645
426 9.620000 -0.075752 -0.082368
427 9.640000 -0.074117 -0.081099
428 9.660000 -0.072507 -0.079851
429 9.680000 -0.070923 -0.078635
430 9.700000 -0.069362 -0.077461
431 9.720000 -0.067824 -0.076334
432 9.740000 -0.066308 -0.075258
433 9.760000 -0.064813 -0.074235
434 9.780000 -0.063338 -0.073263
435 9.800000 -0.061882 -0.072337
436 9.820000 -0.060444 -0.071449
437 9.840000 -0.059024 -0.070588
438 9.860000 -0.057620 -0.069740
439 9.880000 -0.056234 -0.068887
440 9.900000 -0.054865 -0.068013
441 9.920000 -0.053514 -0.067099
442 9.940000 -0.052182 -0.066129
443 9.960000 -0.050869 -0.065088
444 9.980000 -0.049579 -0.063965
445 10.000000 -0.048312 -0.062756
446 10.020000 -0.047070 -0.061459
447 10.040000 -0.045854 -0.060082
448 10.060000 -0.044667 -0.058639
449 10.080000 -0.043509 -0.057150
450 10.100000 -0.042381 -0.055641
451 10.120000 -0.041283 -0.054139
452 10.140000 -0.040215 -0.052671
453 10.160000 -0.039176 -0.051262
454 10.180000 -0.038164 -0.049936
455 10.200000 -0.037178 -0.048707
456 10.220000 -0.036215 -0.047585
457 10.240000 -0.035273 -0.046570
458 10.260000 -0.034351 -0.045648
459 10.280000 -0.033446 -0.044801
460 10.300000 -0.032558 -0.044000
461 10.320000 -0.031686 -0.043216
462 10.340000 -0.030830 -0.042417
463 10.360000 -0.029990 -0.041573
464 10.380000 -0.029168 -0.040657
465 10.400000 -0.028365 -0.039650
466 10.420000 -0.027583 -0.038543
467 10.440000 -0.026824 -0.037338
468 10.460000 -0.026090 -0.036050
469 10.480000 -0.025382 -0.034707
470 10.500000 -0.024702 -0.033343
471 10.520000 -0.024049 -0.031998
472 10.540000 -0.023421 -0.030714
473 10.560000 -0.022819 -0.029531
474 10.580000 -0.022239 -0.028483
475 10.600000 -0.021678 -0.027597
476 10.620000 -0.021133 -0.026888
477 10.640000 -0.020601 -0.026356
478 10.660000 -0.020077 -0.025984
479 10.680000 -0.019560 -0.025743
480 10.700000 -0.019047 -0.025591
481 10.720000 -0.018536 -0.025480
482 10.740000 -0.018028 -0.025358
483 10.760000 -0.017522 -0.025176
484 10.780000 -0.017022 -0.024888
485 10.800000 -0.016528 -0.024455
486 10.820000 -0.016045 -0.023852
487 10.840000 -0.015576 -0.023068
488 10.860000 -0.015124 -0.022112
489 10.880000 -0.014693 -0.021006
490 10.900000 -0.014285 -0.019786
491 10.920000 -0.013902 -0.018497
492 10.940000 -0.013545 -0.017187
493 10.960000 -0.013214 -0.015908
494 10.980000 -0.012908 -0.014707
495 11.000000 -0.012625 -0.013627
496 11.020000 -0.012362 -0.012702
497 11.040000 -0.012115 -0.011952
498 11.060000 -0.011882 -0.011382
499 11.080000 -0.011658 -0.010983
500 11.100000 -0.011441 -0.010735
501 11.120000 -0.011228 -0.010610
502 11.140000 -0.011016 -0.010573
503 11.160000 -0.010804 -0.010588
504 11.180000 -0.010592 -0.010616
505 11.200000 -0.010380 -0.010622
506 11.220000 -0.010168 -0.010577
507 11.240000 -0.009957 -0.010457
508 11.260000 -0.009750 -0.010251
509 11.280000 -0.009548 -0.009954
510 11.300000 -0.009353 -0.009572
511 11.320000 -0.009166 -0.009113
512 11.340000 -0.008989 -0.008595
513 11.360000 -0.008823 -0.008035
514 11.380000 -0.008668 -0.007455
515 11.400000 -0.008524 -0.006878
516 11.420000 -0.008392 -0.006323
517 11.440000 -0.008271 -0.005810
518 11.460000 -0.008159 -0.005356
519 11.480000 -0.008056 -0.004973
520 11.500000 -0.007960 -0.004670
521 11.520000 -0.007869 -0.004454
522 11.540000 -0.007781 -0.004327
523 11.560000 -0.007695 -0.004289
524 11.580000 -0.007608 -0.004338
525 11.600000 -0.007520 -0.004468
526 11.620000 -0.007429 -0.004668
527 11.640000 -0.007333 -0.004929
528 11.660000 -0.007231 -0.005236
529 11.680000 -0.007123 -0.005573
530 11.700000 -0.007008 -0.005924
531 11.720000 -0.006886 -0.006271
532 11.740000 -0.006758 -0.006598
533 11.760000 -0.006623 -0.006890
534 11.780000 -0.006482 -0.007136
535 11.800000 -0.006338 -0.007325
536 11.820000 -0.006190 -0.007454
537 11.840000 -0.006040 -0.007522
538 11.860000 -0.005890 -0.007535
539 11.880000 -0.005739 -0.007501
540 11.900000 -0.005590 -0.007434
541 11.920000 -0.005442 -0.007350
542 11.940000 -0.005296 -0.007263
543 11.960000 -0.005151 -0.007191
544 11.980000 -0.005008 -0.007146
545 12.000000 -0.004865 -0.007141
546 12.020000 -0.004722 -0.007182
547 12.040000 -0.004577 -0.007270
548 12.060000 -0.004431 -0.007403
549 12.080000 -0.004281 -0.007572
550 12.100000 -0.004128 -0.007762
551 12.120000 -0.003970 -0.007958
552 12.140000 -0.003809 -0.008145
553 12.160000 -0.003645 -0.008306
554 12.180000 -0.003478 -0.008426
555 12.200000 -0.003308 -0.008493
556 12.220000 -0.003138 -0.008500
557 12.240000 -0.002969 -0.008445
558 12.260000 -0.002801 -0.008332
559 12.280000 -0.002636 -0.008171
560 12.300000 -0.002475 -0.007976
561 12.320000 -0.002317 -0.007763
562 12.340000 -0.002164 -0.007551
563 12.360000 -0.002015 -0.007357
564 12.380000 -0.001870 -0.007195
565 12.400000 -0.001727 -0.007079
566 12.420000 -0.001586 -0.007016
567 12.440000 -0.001446 -0.007007
568 12.460000 -0.001305 -0.007047
569 12.480000 -0.001163 -0.007126
570 12.500000 -0.001020 -0.007225
571 12.520000 -0.000874 -0.007328
572 12.540000 -0.000727 -0.007413
573 12.560000 -0.000578 -0.007460
574 12.580000 -0.000429 -0.007451
575 12.600000 -0.000281 -0.007371
576 12.620000 -0.000135 -0.007209
577 12.640000 0.000007 -0.006961
578 12.660000 0.000143 -0.006631
579 12.680000 0.000271 -0.006228
580 12.700000 0.000391 -0.005767
581 12.720000 0.000501 -0.005267
582 12.740000 0.000602 -0.004749
583 12.760000 0.000691 -0.004235
584 12.780000 0.000771 -0.003748
585 12.800000 0.000842 -0.003309
586 12.820000 0.000904 -0.002934
587 12.840000 0.000960 -0.002637
588 12.860000 0.001011 -0.002426
589 12.880000 0.001058 -0.002304
590 12.900000 0.001104 -0.002269
591 12.920000 0.001149 -0.002317
592 12.940000 0.001197 -0.002437
593 12.960000 0.001248 -0.002618
594 12.980000 0.001302 -0.002846
595 13.000000 0.001362 -0.003104
596 13.020000 0.001426 -0.003376
597 13.040000 0.001497 -0.003643
598 13.060000 0.001572 -0.003888
599 13.080000 0.001652 -0.004093
600 13.100000 0.001735 -0.004241
601 13.120000 0.001821 -0.004320
602 13.140000 0.001907 -0.004316
603 13.160000 0.001992 -0.004222
604 13.180000 0.002075 -0.004032
605 13.200000 0.002153 -0.003748
606 13.220000 0.002224 -0.003374
607 13.240000 0.002287 -0.002922
608 13.260000 0.002340 -0.002408
609 13.280000 0.002383 -0.001855
610 13.300000 0.002414 -0.001289
611 13.320000 0.002435 -0.000736
612 13.340000 0.002444 -0.000223
613 13.360000 0.002444 0.000226
614 13.380000 0.002436 0.000589
615 13.400000 0.002422 0.000851
616 13.420000 0.002403 0.001002
617 13.440000 0.002383 0.001043
618 13.460000 0.002362 0.000982
619 13.480000 0.002344 0.000838
620 13.500000 0.002329 0.000634
621 13.520000 0.002319 0.000398
622 13.540000 0.002314 0.000159
623 13.560000 0.002312 -0.000052
624 13.580000 0.002315 -0.000210
625 13.600000 0.002320 -0.000290
626 13.620000 0.002326 -0.000278
627 13.640000 0.002330 -0.000165
628 13.660000 0.002331 0.000046
629 13.680000 0.002327 0.000345
630 13.700000 0.002317 0.000712
631 13.720000 0.002299 0.001125
632 13.740000 0.002272 0.001559
633 13.760000 0.002236 0.001987
634 13.780000 0.002192 0.002384
635 13.800000 0.002141 0.002727
636 13.820000 0.002084 0.002998
637 13.840000 0.002022 0.003188
638 13.860000 0.001957 0.003295
639 13.880000 0.001891 0.003324
640 13.900000 0.001825 0.003286
641 13.920000 0.001760 0.003197
642 13.940000 0.001698 0.003075
643 13.960000 0.001637 0.002941
644 13.980000 0.001580 0.002813
645 14.000000 0.001525 0.002709
646 14.020000 0.001471 0.002643
647 14.040000 0.001419 0.002623
648 14.060000 0.001366 0.002652
649 14.080000 0.001312 0.002727
650 14.100000 0.001256 0.002841
651 14.120000 0.001198 0.002984
652 14.140000 0.001137 0.003143
653 14.160000 0.001072 0.003306
654 14.180000 0.001005 0.003458
655 14.200000 0.000934 0.003589
656 14.220000 0.000861 0.003689
657 14.240000 0.000787 0.003752
658 14.260000 0.000712 0.003778
659 14.280000 0.000636 0.003768
660 14.300000 0.000561 0.003728
661 14.320000 0.000487 0.003667
662 14.340000 0.000415 0.003592
663 14.360000 0.000344 0.003513
664 14.380000 0.000274 0.003437
665 14.400000 0.000206 0.003370
666 14.420000 0.000139 0.003317
667 14.440000 0.000073 0.003277
668 14.460000 0.000008 0.003247
669 14.480000 -0.000057 0.003218
670 14.500000 -0.000121 0.003181
671 14.520000 -0.000184 0.003125
672 14.540000 -0.000245 0.003040
673 14.560000 -0.000305 0.002914
674 14.580000 -0.000361 0.002739
675 14.600000 -0.000414 0.002511
676 14.620000 -0.000461 0.002228
677 14.640000 -0.000502 0.001896
678 14.660000 -0.000537 0.001525
679 14.680000 -0.000563 0.001130
680 14.700000 -0.000582 0.000729
681 14.720000 -0.000593 0.000344
682 14.740000 -0.000596 -0.000004
683 14.760000 -0.000593 -0.000296
684 14.780000 -0.000585 -0.000513
685 14.800000 -0.000573 -0.000643
686 14.820000 -0.000560 -0.000678
687 14.840000 -0.000547 -0.000616
688 14.860000 -0.000536 -0.000464
689 14.880000 -0.000529 -0.000237
690 14.900000 -0.000527 0.000047
691 14.920000 -0.000532 0.000364
692 14.940000 -0.000542 0.000691
693 14.960000 -0.000559 0.001002
694 14.980000 -0.000582 0.001274
695 15.000000 -0.000609 0.001488
696 15.020000 -0.000641 0.001626
697 15.040000 -0.000674 0.001681
698 15.060000 -0.000707 0.001650
699 15.080000 -0.000739 0.001539
700 15.100000 -0.000768 0.001356
701 15.120000 -0.000793 0.001118
702 15.140000 -0.000812 0.000840
703 15.160000 -0.000826 0.000541
704 15.180000 -0.000834 0.000238
705 15.200000 -0.000836 -0.000052
706 15.220000 -0.000832 -0.000317
707 15.240000 -0.000823 -0.000546
708 15.260000 -0.000810 -0.000737
709 15.280000 -0.000794 -0.000889
710 15.300000 -0.000775 -0.001008
711 15.320000 -0.000754 -0.001100
712 15.340000 -0.000731 -0.001174
713 15.360000 -0.000707 -0.001239
714 15.380000 -0.000682 -0.001305
715 15.400000 -0.000655 -0.001377
716 15.420000 -0.000627 -0.001463
717 15.440000 -0.000596 -0.001563
718 15.460000 -0.000564 -0.001676
719 15.480000 -0.000529 -0.001795
720 15.500000 -0.000492 -0.001912
721 15.520000 -0.000453 -0.002019
722 15.540000 -0.000412 -0.002103
723 15.560000 -0.000369 -0.002157
724 15.580000 -0.000326 -0.002169
725 15.600000 -0.000283 -0.002136
726 15.620000 -0.000241 -0.002052
727 15.640000 -0.000201 -0.001919
728 15.660000 -0.000165 -0.001743
729 15.680000 -0.000132 -0.001533
730 15.700000 -0.000103 -0.001301
731 15.720000 -0.000080 -0.001062
732 15.740000 -0.000061 -0.000830
733 15.760000 -0.000046 -0.000620
734 15.780000 -0.000036 -0.000446
735 15.800000 -0.000028 -0.000318
736 15.820000 -0.000022 -0.000242
737 15.840000 -0.000018 -0.000221
738 15.860000 -0.000013 -0.000252
739 15.880000 -0.000007 -0.000328
740 15.900000 0.000000 -0.000435
741 15.920000 0.000010 -0.000562
742 15.940000 0.000023 -0.000692
743 15.960000 0.000038 -0.000812
744 15.980000 0.000055 -0.000906
745 16.000000 0.000074 -0.000962
746 16.020000 0.000093 -0.000974
747 16.040000 0.000112 -0.000935
748 16.060000 0.000130 -0.000848
749 16.080000 0.000146 -0.000717
750 16.100000 0.000158 -0.000553
751 16.120000 0.000168 -0.000367
752 16.140000 0.000173 -0.000173
753 16.160000 0.000175 0.000017
754 16.180000 0.000172 0.000188
755 16.200000 0.000167 0.000330
756 16.220000 0.000160 0.000432
757 16.240000 0.000150 0.000491
758 16.260000 0.000141 0.000503
759 16.280000 0.000131 0.000473
760 16.300000 0.000122 0.000406
761 16.320000 0.000115 0.000310
762 16.340000 0.000110 0.000195
763 16.360000 0.000107 0.000069
764 16.380000 0.000107 -0.000057
765 16.400000 0.000109 -0.000176
766 16.420000 0.000114 -0.000279
767 16.440000 0.000120 -0.000365
768 16.460000 0.000128 -0.000431
769 16.480000 0.000137 -0.000482
770 16.500000 0.000147 -0.000521
771 16.520000 0.000158 -0.000553
772 16.540000 0.000170 -0.000587
773 16.560000 0.000182 -0.000628
774 16.580000 0.000195 -0.000682
775 16.600000 0.000209 -0.000754
776 16.620000 0.000225 -0.000846
777 16.640000 0.000243 -0.000956
778 16.660000 0.000264 -0.001080
779 16.680000 0.000286 -0.001212
780 16.700000 0.000312 -0.001342
781 16.720000 0.000340 -0.001460
782 16.740000 0.000370 -0.001554
783 16.760000 0.000402 -0.001614
784 16.780000 0.000434 -0.001630
785 16.800000 0.000467 -0.001594
786 16.820000 0.000498 -0.001502
787 16.840000 0.000526 -0.001350
788 16.860000 0.000551 -0.001141
789 16.880000 0.000571 -0.000881
790 16.900000 0.000586 -0.000578
791 16.920000 0.000594 -0.000244
792 16.940000 0.000595 0.000111
793 16.960000 0.000589 0.000473
794 16.980000 0.000576 0.000829
795 17.000000 0.000556 0.001167
796 17.020000 0.000530 0.001475
797 17.040000 0.000498 0.001743
798 17.060000 0.000461 0.001966
799 17.080000 0.000420 0.002139
800 17.100000 0.000376 0.002258
801 17.120000 0.000330 0.002323
802 17.140000 0.000283 0.002336
803 17.160000 0.000237 0.002297
804 17.180000 0.000192 0.002211
805 17.200000 0.000149 0.002081
806 17.220000 0.000109 0.001911
807 17.240000 0.000073 0.001706
808 17.260000 0.000041 0.001469
809 17.280000 0.000014 0.001207
810 17.300000 -0.000007 0.000922
811 17.320000 -0.000022 0.000621
812 17.340000 -0.000032 0.000306
813 17.360000 -0.000034 -0.000015
814 17.380000 -0.000031 -0.000338
815 17.400000 -0.000021 -0.000658
816 17.420000 -0.000005 -0.000967
817 17.440000 0.000018 -0.001258
818 17.460000 0.000045 -0.001524
819 17.480000 0.000078 -0.001758
820 17.500000 0.000115 -0.001952
821 17.520000 0.000156 -0.002098
822 17.540000 0.000199 -0.002192
823 17.560000 0.000243 -0.002228
824 17.580000 0.000287 -0.002205
825 17.600000 0.000330 -0.002121
826 17.620000 0.000371 -0.001980
827 17.640000 0.000409 -0.001787
828 17.660000 0.000443 -0.001551
829 17.680000 0.000471 -0.001284
830 17.700000 0.000494 -0.001000
831 17.720000 0.000511 -0.000712
832 17.740000 0.000522 -0.000436
833 17.760000 0.000529 -0.000185
834 17.780000 0.000530 0.000029
835 17.800000 0.000528 0.000196
836 17.820000 0.000523 0.000310
837 17.840000 0.000516 0.000368
838 17.860000 0.000509 0.000375
839 17.880000 0.000501 0.000336
840 17.900000 0.000495 0.000262
841 17.920000 0.000491 0.000165
842 17.940000 0.000489 0.000058
843 17.960000 0.000489 -0.000045
844 17.980000 0.000491 -0.000131
845 18.000000 0.000494 -0.000189
846 18.020000 0.000498 -0.000211
847 18.040000 0.000502 -0.000192
848 18.060000 0.000505 -0.000133
849 18.080000 0.000507 -0.000038
850 18.100000 0.000506 0.000087
851 18.120000 0.000503 0.000233
852 18.140000 0.000497 0.000387
853 18.160000 0.000488 0.000540
854 18.180000 0.000475 0.000680
855 18.200000 0.000461 0.000795
856 18.220000 0.000444 0.000879
857 18.240000 0.000426 0.000924
858 18.260000 0.000407 0.000929
859 18.280000 0.000389 0.000894
860 18.300000 0.000372 0.000821
861 18.320000 0.000357 0.000715
862 18.340000 0.000344 0.000584
863 18.360000 0.000333 0.000434
864 18.380000 0.000326 0.000275
865 18.400000 0.000322 0.000115
866 18.420000 0.000322 -0.000037
867 18.440000 0.000324 -0.000172
868 18.460000 0.000328 -0.000285
869 18.480000 0.000335 -0.000368
870 18.500000 0.000343 -0.000417
871 18.520000 0.000351 -0.000429
872 18.540000 0.000360 -0.000402
873 18.560000 0.000367 -0.000335
874 18.580000 0.000373 -0.000228
875 18.600000 0.000376 -0.000085
876 18.620000 0.000376 0.000090
877 18.640000 0.000372 0.000292
878 18.660000 0.000364 0.000513
879 18.680000 0.000351 0.000744
880 18.700000 0.000334 0.000976
881 18.720000 0.000312 0.001197
882 18.740000 0.000286 0.001398
883 18.760000 0.000257 0.001569
884 18.780000 0.000224 0.001701
885 18.800000 0.000189 0.001788
886 18.820000 0.000153 0.001823
887 18.840000 0.000117 0.001804
888 18.860000 0.000081 0.001731
889 18.880000 0.000048 0.001605
890 18.900000 0.000018 0.001430
891 18.920000 -0.000009 0.001214
892 18.940000 -0.000031 0.000963
893 18.960000 -0.000047 0.000687
894 18.980000 -0.000058 0.000394
895 19.000000 -0.000063 0.000096
896 19.020000 -0.000062 -0.000198
897 19.040000 -0.000055 -0.000478
898 19.060000 -0.000043 -0.000735
899 19.080000 -0.000026 -0.000959
900 19.100000 -0.000005 -0.001143
901 19.120000 0.000019 -0.001280
902 19.140000 0.000046 -0.001366
903 19.160000 0.000073 -0.001397
904 19.180000 0.000101 -0.001371
905 19.200000 0.000128 -0.001291
906 19.220000 0.000152 -0.001160
907 19.240000 0.000174 -0.000983
908 19.260000 0.000191 -0.000770
909 19.280000 0.000204 -0.000531
910 19.300000 0.000212 -0.000279
911 19.320000 0.000215 -0.000028
912 19.340000 0.000213 0.000211
913 19.360000 0.000207 0.000425
914 19.380000 0.000197 0.000605
915 19.400000 0.000183 0.000743
916 19.420000 0.000168 0.000835
917 19.440000 0.000150 0.000882
918 19.460000 0.000133 0.000889
919 19.480000 0.000115 0.000863
920 19.500000 0.000098 0.000818
921 19.520000 0.000082 0.000764
922 19.540000 0.000068 0.000714
923 19.560000 0.000054 0.000680
924 19.580000 0.000040 0.000671
925 19.600000 0.000027 0.000693
926 19.620000 0.000012 0.000745
927 19.640000 -0.000003 0.000822
928 19.660000 -0.000021 0.000912
929 19.680000 -0.000040 0.000999
930 19.700000 -0.000060 0.001063
931 19.720000 -0.000082 0.001088
932 19.740000 -0.000103 0.001058
933 19.760000 -0.000124 0.000966
934 19.780000 -0.000141 0.000811
935 19.800000 -0.000156 0.000605
936 19.820000 -0.000165 0.000374
937 19.840000 -0.000171 0.000161
938 19.860000 -0.000173 0.000020
939 19.880000 -0.000173 -0.000005
940 19.900000 -0.000174 0.000093
941 19.920000 -0.000177 0.000251
942 19.940000 -0.000183 0.000309
943 19.960000 -0.000186 -0.000017
944 19.980000 -0.000174 -0.001168
945 20.000000 -0.000124 -0.003771
946 20.020000 0.000000 -0.008663
