1 1.480000 484.300960 1649.442274
2 1.500000 451.266520 1517.094342
3 1.520000 420.879039 1396.888220
4 1.540000 392.895680 1287.572512
5 1.560000 367.098635 1188.038617
6 1.580000 343.292269 1097.302898
7 1.600000 321.300616 1014.491258
8 1.620000 300.965197 938.825792
9 1.640000 282.143086 869.613194
10 1.660000 264.705228 806.234682
11 1.680000 248.534940 748.137226
12 1.700000 233.526601 694.825892
13 1.720000 219.584488 645.857162
14 1.740000 206.621750 600.833076
15 1.760000 194.559494 559.396108
16 1.780000 183.325978 521.224662
17 1.800000 172.855890 486.029115
18 1.820000 163.089713 453.548333
19 1.840000 153.973152 423.546598
20 1.860000 145.456626 395.810897
21 1.880000 137.494813 370.148524
22 1.900000 130.046248 346.384954
23 1.920000 123.072955 324.361966
24 1.940000 116.540121 303.935970
25 1.960000 110.415807 284.976523
26 1.980000 104.670682 267.365010
27 2.000000 99.277787 250.993464
28 2.020000 94.212323 235.763521
29 2.040000 89.451458 221.585480
30 2.060000 84.974154 208.377465
31 2.080000 80.761010 196.064681
32 2.100000 76.794122 184.578735
33 2.120000 73.056953 173.857038
34 2.140000 69.534218 163.842264
35 2.160000 66.211778 154.481866
36 2.180000 63.076546 145.727633
37 2.200000 60.116399 137.535302
38 2.220000 57.320099 129.864202
39 2.240000 54.677220 122.676932
40 2.260000 52.178087 115.939076
41 2.280000 49.813711 109.618936
42 2.300000 47.575738 103.687300
43 2.320000 45.456397 98.117228
44 2.340000 43.448458 92.883854
45 2.360000 41.545186 87.964217
46 2.380000 39.740308 83.337094
47 2.400000 38.027971 78.982859
48 2.420000 36.402720 74.883350
49 2.440000 34.859458 71.021750
50 2.460000 33.393429 67.382476
51 2.480000 32.000185 63.951081
52 2.500000 30.675568 60.714161
53 2.520000 29.415691 57.659274
54 2.540000 28.216911 54.774863
55 2.560000 27.075819 52.050189
56 2.580000 25.989221 49.475263
57 2.600000 24.954121 47.040792
58 2.620000 23.967711 44.738127
59 2.640000 23.027353 42.559207
60 2.660000 22.130575 40.496524
61 2.680000 21.275050 38.543073
62 2.700000 20.458594 36.692323
63 2.720000 19.679153 34.938175
64 2.740000 18.934795 33.274932
65 2.760000 18.223702 31.697274
66 2.780000 17.544162 30.200226
67 2.800000 16.894563 28.779134
68 2.820000 16.273386 27.429645
69 2.840000 15.679198 26.147683
70 2.860000 15.110650 24.929429
71 2.880000 14.566467 23.771307
72 2.900000 14.045446 22.669963
73 2.920000 13.546452 21.622250
74 2.940000 13.068413 20.625218
75 2.960000 12.610314 19.676096
76 2.980000 12.171198 18.772282
77 3.000000 11.750157 17.911332
78 3.020000 11.346336 17.090948
79 3.040000 10.958923 16.308969
80 3.060000 10.587149 15.563363
81 3.080000 10.230287 14.852218
82 3.100000 9.887648 14.173732
83 3.120000 9.726593 23.255758
84 3.140000 9.276433 21.760245
85 3.160000 8.873629 18.520141
86 3.180000 8.535605 15.282232
87 3.200000 8.254852 12.793034
88 3.220000 8.015404 11.151837
89 3.240000 7.802278 10.160757
90 3.260000 7.604701 9.596912
91 3.280000 7.415862 9.286946
92 3.300000 7.231956 9.103674
93 3.320000 7.051322 8.959748
94 3.340000 6.873712 8.801302
95 3.360000 6.699682 8.601616
96 3.380000 6.530118 8.354772
97 3.400000 6.365878 8.069306
98 3.420000 6.207566 7.761867
99 3.440000 6.055438 7.450932
100 3.460000 5.909409 7.151988
101 3.480000 5.769124 6.876455
102 3.500000 5.634039 6.632086
103 3.520000 5.503484 6.423412
104 3.540000 5.376728 6.252202
105 3.560000 5.253027 6.117907
106 3.580000 5.131666 6.018118
107 3.600000 5.011995 5.949017
108 3.620000 4.893447 5.905827
109 3.640000 4.775556 5.883263
110 3.660000 4.657964 5.875905
111 3.680000 4.540421 5.878384
112 3.700000 4.422782 5.885491
113 3.720000 4.305005 5.892285
114 3.740000 4.187140 5.894199
115 3.760000 4.069326 5.887147
116 3.780000 3.951779 5.867632
117 3.800000 3.834774 5.832850
118 3.820000 3.718637 5.780801
119 3.840000 3.603725 5.710392
120 3.860000 3.490407 5.621488
121 3.880000 3.379043 5.514822
122 3.900000 3.269977 5.391858
123 3.920000 3.163512 5.254642
124 3.940000 3.059909 5.105662
125 3.960000 2.959375 4.947702
126 3.980000 2.862061 4.783700
127 4.000000 2.768058 4.616601
128 4.020000 2.677400 4.449215
129 4.040000 2.590067 4.284076
130 4.060000 2.505993 4.123334
131 4.080000 2.425072 3.968743
132 4.100000 2.347168 3.821687
133 4.120000 2.272119 3.683206
134 4.140000 2.199747 3.554019
135 4.160000 2.129861 3.434556
136 4.180000 2.062265 3.324979
137 4.200000 1.996764 3.225209
138 4.220000 1.933162 3.134956
139 4.240000 1.871275 3.053739
140 4.260000 1.810928 2.980917
141 4.280000 1.751962 2.915720
142 4.300000 1.694232 2.857274
143 4.320000 1.637613 2.804637
144 4.340000 1.581998 2.756826
145 4.360000 1.527302 2.712850
146 4.380000 1.473456 2.671740
147 4.400000 1.420413 2.632576
148 4.420000 1.368142 2.594523
149 4.440000 1.316628 2.556859
150 4.460000 1.265869 2.518993
151 4.480000 1.215875 2.480468
152 4.500000 1.166661 2.440942
153 4.520000 1.118249 2.400181
154 4.540000 1.070667 2.358045
155 4.560000 1.023942 2.314472
156 4.580000 0.978102 2.269472
157 4.600000 0.933177 2.223107
158 4.620000 0.889191 2.175486
159 4.640000 0.846168 2.126746
160 4.660000 0.804130 2.077045
161 4.680000 0.763094 2.026557
162 4.700000 0.723074 1.975470
163 4.720000 0.684080 1.923980
164 4.740000 0.646117 1.872292
165 4.760000 0.609188 1.820615
166 4.780000 0.573290 1.769161
167 4.800000 0.538417 1.718142
168 4.820000 0.504558 1.667765
169 4.840000 0.471698 1.618235
170 4.860000 0.439818 1.569744
171 4.880000 0.408896 1.522476
172 4.900000 0.378905 1.476600
173 4.920000 0.349817 1.432267
174 4.940000 0.321598 1.389608
175 4.960000 0.294214 1.348729
176 4.980000 0.267630 1.309712
177 5.000000 0.241807 1.272608
178 5.020000 0.216706 1.237435
179 5.040000 0.192290 1.204177
180 5.060000 0.168521 1.172779
181 5.080000 0.145361 1.143153
182 5.100000 0.122778 1.115180
183 5.120000 0.100739 1.088713
184 5.140000 0.079216 1.063583
185 5.160000 0.058184 1.039602
186 5.180000 0.037623 1.016568
187 5.200000 0.017514 0.994267
188 5.220000 -0.002153 0.972478
189 5.240000 -0.021388 0.950976
190 5.260000 -0.040193 0.929540
191 5.280000 -0.058568 0.907951
192 5.300000 -0.076507 0.886002
193 5.320000 -0.094002 0.863501
194 5.340000 -0.111040 0.840272
195 5.360000 -0.127604 0.816166
196 5.380000 -0.143677 0.791059
197 5.400000 -0.159236 0.764864
198 5.420000 -0.174260 0.737526
199 5.440000 -0.188725 0.709035
200 5.460000 -0.202610 0.679424
201 5.480000 -0.215892 0.648767
202 5.500000 -0.228551 0.617174
203 5.520000 -0.240571 0.584786
204 5.540000 -0.251936 0.551767
205 5.560000 -0.262637 0.518305
206 5.580000 -0.272666 0.484600
207 5.600000 -0.282021 0.450864
208 5.620000 -0.290703 0.417312
209 5.640000 -0.298717 0.384160
210 5.660000 -0.306075 0.351617
211 5.680000 -0.312790 0.319884
212 5.700000 -0.318880 0.289148
213 5.720000 -0.324368 0.259583
214 5.740000 -0.329277 0.231342
215 5.760000 -0.333636 0.204554
216 5.780000 -0.337475 0.179325
217 5.800000 -0.340825 0.155729
218 5.820000 -0.343721 0.133810
219 5.840000 -0.346195 0.113573
220 5.860000 -0.348280 0.094987
221 5.880000 -0.350010 0.077991
222 5.900000 -0.351415 0.062492
223 5.920000 -0.352523 0.048382
224 5.940000 -0.353363 0.035537
225 5.960000 -0.353956 0.023828
226 5.980000 -0.354326 0.013122
227 6.000000 -0.354490 0.003296
228 6.020000 -0.354465 -0.005763
229 6.040000 -0.354266 -0.014147
230 6.060000 -0.353905 -0.021927
231 6.080000 -0.353395 -0.029152
232 6.100000 -0.352745 -0.035855
233 6.120000 -0.351965 -0.042057
234 6.140000 -0.351067 -0.047774
235 6.160000 -0.350059 -0.053017
236 6.180000 -0.348951 -0.057801
237 6.200000 -0.347752 -0.062148
238 6.220000 -0.346469 -0.066092
239 6.240000 -0.345111 -0.069682
240 6.260000 -0.343685 -0.072986
241 6.280000 -0.342194 -0.076089
242 6.300000 -0.340642 -0.079084
243 6.320000 -0.339031 -0.082066
244 6.340000 -0.337359 -0.085129
245 6.360000 -0.335624 -0.088359
246 6.380000 -0.333822 -0.091828
247 6.400000 -0.331948 -0.095587
248 6.420000 -0.329995 -0.099660
249 6.440000 -0.327958 -0.104043
250 6.460000 -0.325831 -0.108693
251 6.480000 -0.323609 -0.113539
252 6.500000 -0.321289 -0.118488
253 6.520000 -0.318869 -0.123427
254 6.540000 -0.316353 -0.128236
255 6.560000 -0.313742 -0.132794
256 6.580000 -0.311045 -0.136984
257 6.600000 -0.308268 -0.140702
258 6.620000 -0.305422 -0.143862
259 6.640000 -0.302519 -0.146406
260 6.660000 -0.299572 -0.148308
261 6.680000 -0.296594 -0.149569
262 6.700000 -0.293596 -0.150215
263 6.720000 -0.290591 -0.150290
264 6.740000 -0.287589 -0.149853
265 6.760000 -0.284601 -0.148974
266 6.780000 -0.281634 -0.147724
267 6.800000 -0.278695 -0.146175
268 6.820000 -0.275789 -0.144395
269 6.840000 -0.272921 -0.142439
270 6.860000 -0.270093 -0.140351
271 6.880000 -0.267308 -0.138159
272 6.900000 -0.264568 -0.135883
273 6.920000 -0.261873 -0.133530
274 6.940000 -0.259227 -0.131104
275 6.960000 -0.256630 -0.128601
276 6.980000 -0.254084 -0.126014
277 7.000000 -0.251590 -0.123337
278 7.020000 -0.249151 -0.120564
279 7.040000 -0.246769 -0.117692
280 7.060000 -0.244445 -0.114721
281 7.080000 -0.242181 -0.111659
282 7.100000 -0.239979 -0.108515
283 7.120000 -0.237841 -0.105301
284 7.140000 -0.235768 -0.102032
285 7.160000 -0.233760 -0.098724
286 7.180000 -0.231819 -0.095395
287 7.200000 -0.229944 -0.092062
288 7.220000 -0.228136 -0.088741
289 7.240000 -0.226394 -0.085447
290 7.260000 -0.224718 -0.082195
291 7.280000 -0.223106 -0.078994
292 7.300000 -0.221558 -0.075857
293 7.320000 -0.220071 -0.072792
294 7.340000 -0.218645 -0.069808
295 7.360000 -0.217278 -0.066913
296 7.380000 -0.215968 -0.064119
297 7.400000 -0.214712 -0.061433
298 7.420000 -0.213509 -0.058868
299 7.440000 -0.212356 -0.056435
300 7.460000 -0.211250 -0.054150
301 7.480000 -0.210188 -0.052027
302 7.500000 -0.209167 -0.050081
303 7.520000 -0.208183 -0.048327
304 7.540000 -0.207232 -0.046776
305 7.560000 -0.206310 -0.045438
306 7.580000 -0.205412 -0.044317
307 7.600000 -0.204535 -0.043415
308 7.620000 -0.203674 -0.042724
309 7.640000 -0.202824 -0.042233
310 7.660000 -0.201983 -0.041922
311 7.680000 -0.201146 -0.041765
312 7.700000 -0.200311 -0.041730
313 7.720000 -0.199476 -0.041785
314 7.740000 -0.198639 -0.041897
315 7.760000 -0.197800 -0.042031
316 7.780000 -0.196958 -0.042156
317 7.800000 -0.196114 -0.042248
318 7.820000 -0.195268 -0.042285
319 7.840000 -0.194423 -0.042256
320 7.860000 -0.193579 -0.042157
321 7.880000 -0.192737 -0.041992
322 7.900000 -0.191900 -0.041774
323 7.920000 -0.191067 -0.041522
324 7.940000 -0.190239 -0.041257
325 7.960000 -0.189416 -0.041008
326 7.980000 -0.188598 -0.040802
327 8.000000 -0.187783 -0.040671
328 8.020000 -0.186970 -0.040644
329 8.040000 -0.186156 -0.040750
330 8.060000 -0.185339 -0.041017
331 8.080000 -0.184514 -0.041468
332 8.100000 -0.183678 -0.042123
333 8.120000 -0.182827 -0.042997
334 8.140000 -0.181956 -0.044097
335 8.160000 -0.181060 -0.045428
336 8.180000 -0.180136 -0.046982
337 8.200000 -0.179179 -0.048748
338 8.220000 -0.178185 -0.050701
339 8.240000 -0.177150 -0.052809
340 8.260000 -0.176071 -0.055030
341 8.280000 -0.174948 -0.057313
342 8.300000 -0.173779 -0.059601
343 8.320000 -0.172564 -0.061838
344 8.340000 -0.171306 -0.063968
345 8.360000 -0.170007 -0.065938
346 8.380000 -0.168671 -0.067705
347 8.400000 -0.167301 -0.069233
348 8.420000 -0.165904 -0.070501
349 8.440000 -0.164484 -0.071506
350 8.460000 -0.163046 -0.072261
351 8.480000 -0.161596 -0.072793
352 8.500000 -0.160136 -0.073145
353 8.520000 -0.158671 -0.073366
354 8.540000 -0.157202 -0.073511
355 8.560000 -0.155731 -0.073636
356 8.580000 -0.154257 -0.073794
357 8.600000 -0.152778 -0.074034
358 8.620000 -0.151294 -0.074394
359 8.640000 -0.149801 -0.074899
360 8.660000 -0.148296 -0.075560
361 8.680000 -0.146777 -0.076372
362 8.700000 -0.145240 -0.077320
363 8.720000 -0.143683 -0.078380
364 8.740000 -0.142104 -0.079523
365 8.760000 -0.140502 -0.080714
366 8.780000 -0.138876 -0.081919
367 8.800000 -0.137225 -0.083107
368 8.820000 -0.135552 -0.084249
369 8.840000 -0.133856 -0.085325
370 8.860000 -0.132140 -0.086323
371 8.880000 -0.130404 -0.087239
372 8.900000 -0.128651 -0.088077
373 8.920000 -0.126882 -0.088844
374 8.940000 -0.125098 -0.089550
375 8.960000 -0.123300 -0.090205
376 8.980000 -0.121490 -0.090820
377 9.000000 -0.119668 -0.091402
378 9.020000 -0.117834 -0.091954
379 9.040000 -0.115990 -0.092474
380 9.060000 -0.114135 -0.092950
381 9.080000 -0.112272 -0.093367
382 9.100000 -0.110402 -0.093703
383 9.120000 -0.108525 -0.093937
384 9.140000 -0.106645 -0.094044
385 9.160000 -0.104765 -0.094004
386 9.180000 -0.102887 -0.093799
387 9.200000 -0.101015 -0.093417
388 9.220000 -0.099152 -0.092853
389 9.240000 -0.097302 -0.092111
390 9.260000 -0.095469 -0.091207
391 9.280000 -0.093655 -0.090165
392 9.300000 -0.091864 -0.089016
393 9.320000 -0.090096 -0.087795
394 9.340000 -0.088352 -0.086539
395 9.360000 -0.086634 -0.085286
396 9.380000 -0.084940 -0.084071
397 9.400000 -0.083270 -0.082924
398 9.420000 -0.081623 -0.081868
399 9.440000 -0.079995 -0.080918
400 9.460000 -0.078385 -0.080076
401 9.480000 -0.076791 -0.079336
402 9.500000 -0.075210 -0.078685
403 9.520000 -0.073643 -0.078102
404 9.540000 -0.072086 -0.077564
405 9.560000 -0.070540 -0.077045
406 9.580000 -0.069004 -0.076519
407 9.600000 -0.067479 -0.075963
408 9.620000 -0.065966 -0.075355
409 9.640000 -0.064466 -0.074683
410 9.660000 -0.062980 -0.073939
411 9.680000 -0.061509 -0.073122
412 9.700000 -0.060055 -0.072237
413 9.720000 -0.058620 -0.071292
414 9.740000 -0.057204 -0.070301
415 9.760000 -0.055808 -0.069275
416 9.780000 -0.054433 -0.068232
417 9.800000 -0.053079 -0.067184
418 9.820000 -0.051746 -0.066145
419 9.840000 -0.050433 -0.065125
420 9.860000 -0.049141 -0.064131
421 9.880000 -0.047868 -0.063167
422 9.900000 -0.046614 -0.062233
423 9.920000 -0.045378 -0.061327
424 9.940000 -0.044160 -0.060445
425 9.960000 -0.042960 -0.059580
426 9.980000 -0.041777 -0.058726
427 10.000000 -0.040611 -0.057874
428 10.020000 -0.039462 -0.057014
429 10.040000 -0.038331 -0.056138
430 10.060000 -0.037217 -0.055236
431 10.080000 -0.036121 -0.054300
432 10.100000 -0.035045 -0.053322
433 10.120000 -0.033989 -0.052296
434 10.140000 -0.032954 -0.051217
435 10.160000 -0.031941 -0.050083
436 10.180000 -0.030951 -0.048893
437 10.200000 -0.029986 -0.047651
438 10.220000 -0.029046 -0.046361
439 10.240000 -0.028132 -0.045034
440 10.260000 -0.027244 -0.043683
441 10.280000 -0.026384 -0.042323
442 10.300000 -0.025551 -0.040972
443 10.320000 -0.024745 -0.039649
444 10.340000 -0.023965 -0.038371
445 10.360000 -0.023210 -0.037156
446 10.380000 -0.022478 -0.036017
447 10.400000 -0.021768 -0.034966
448 10.420000 -0.021078 -0.034007
449 10.440000 -0.020407 -0.033142
450 10.460000 -0.019752 -0.032364
451 10.480000 -0.019112 -0.031662
452 10.500000 -0.018485 -0.031021
453 10.520000 -0.017870 -0.030420
454 10.540000 -0.017268 -0.029841
455 10.560000 -0.016677 -0.029262
456 10.580000 -0.016098 -0.028664
457 10.600000 -0.015531 -0.028028
458 10.620000 -0.014977 -0.027342
459 10.640000 -0.014438 -0.026595
460 10.660000 -0.013914 -0.025784
461 10.680000 -0.013407 -0.024911
462 10.700000 -0.012918 -0.023979
463 10.720000 -0.012448 -0.023000
464 10.740000 -0.011998 -0.021985
465 10.760000 -0.011569 -0.020947
466 10.780000 -0.011160 -0.019900
467 10.800000 -0.010773 -0.018861
468 10.820000 -0.010406 -0.017842
469 10.840000 -0.010059 -0.016855
470 10.860000 -0.009731 -0.015911
471 10.880000 -0.009422 -0.015018
472 10.900000 -0.009130 -0.014181
473 10.920000 -0.008854 -0.013404
474 10.940000 -0.008593 -0.012690
475 10.960000 -0.008346 -0.012038
476 10.980000 -0.008111 -0.011447
477 11.000000 -0.007887 -0.010917
478 11.020000 -0.007674 -0.010444
479 11.040000 -0.007469 -0.010024
480 11.060000 -0.007272 -0.009653
481 11.080000 -0.007082 -0.009326
482 11.100000 -0.006899 -0.009037
483 11.120000 -0.006721 -0.008782
484 11.140000 -0.006547 -0.008555
485 11.160000 -0.006378 -0.008350
486 11.180000 -0.006213 -0.008162
487 11.200000 -0.006052 -0.007986
488 11.220000 -0.005894 -0.007817
489 11.240000 -0.005739 -0.007651
490 11.260000 -0.005588 -0.007484
491 11.280000 -0.005440 -0.007314
492 11.300000 -0.005295 -0.007139
493 11.320000 -0.005154 -0.006956
494 11.340000 -0.005017 -0.006766
495 11.360000 -0.004884 -0.006568
496 11.380000 -0.004754 -0.006363
497 11.400000 -0.004629 -0.006152
498 11.420000 -0.004508 -0.005939
499 11.440000 -0.004392 -0.005724
500 11.460000 -0.004279 -0.005513
501 11.480000 -0.004171 -0.005310
502 11.500000 -0.004067 -0.005119
503 11.520000 -0.003966 -0.004945
504 11.540000 -0.003869 -0.004792
505 11.560000 -0.003774 -0.004665
506 11.580000 -0.003682 -0.004567
507 11.600000 -0.003591 -0.004500
508 11.620000 -0.003501 -0.004468
509 11.640000 -0.003412 -0.004468
510 11.660000 -0.003322 -0.004502
511 11.680000 -0.003232 -0.004566
512 11.700000 -0.003139 -0.004656
513 11.720000 -0.003045 -0.004769
514 11.740000 -0.002949 -0.004898
515 11.760000 -0.002849 -0.005039
516 11.780000 -0.002747 -0.005186
517 11.800000 -0.002642 -0.005332
518 11.820000 -0.002534 -0.005472
519 11.840000 -0.002423 -0.005600
520 11.860000 -0.002310 -0.005712
521 11.880000 -0.002195 -0.005803
522 11.900000 -0.002078 -0.005870
523 11.920000 -0.001960 -0.005909
524 11.940000 -0.001842 -0.005920
525 11.960000 -0.001724 -0.005901
526 11.980000 -0.001606 -0.005852
527 12.000000 -0.001490 -0.005774
528 12.020000 -0.001375 -0.005669
529 12.040000 -0.001263 -0.005541
530 12.060000 -0.001154 -0.005395
531 12.080000 -0.001048 -0.005235
532 12.100000 -0.000945 -0.005068
533 12.120000 -0.000845 -0.004901
534 12.140000 -0.000749 -0.004740
535 12.160000 -0.000655 -0.004593
536 12.180000 -0.000565 -0.004465
537 12.200000 -0.000476 -0.004362
538 12.220000 -0.000390 -0.004289
539 12.240000 -0.000305 -0.004250
540 12.260000 -0.000220 -0.004246
541 12.280000 -0.000134 -0.004279
542 12.300000 -0.000048 -0.004348
543 12.320000 0.000040 -0.004451
544 12.340000 0.000130 -0.004584
545 12.360000 0.000224 -0.004743
546 12.380000 0.000320 -0.004924
547 12.400000 0.000421 -0.005118
548 12.420000 0.000525 -0.005319
549 12.440000 0.000633 -0.005518
550 12.460000 0.000746 -0.005706
551 12.480000 0.000861 -0.005872
552 12.500000 0.000980 -0.006007
553 12.520000 0.001101 -0.006103
554 12.540000 0.001224 -0.006151
555 12.560000 0.001347 -0.006146
556 12.580000 0.001469 -0.006084
557 12.600000 0.001590 -0.005964
558 12.620000 0.001707 -0.005790
559 12.640000 0.001821 -0.005568
560 12.660000 0.001930 -0.005309
561 12.680000 0.002033 -0.005027
562 12.700000 0.002131 -0.004739
563 12.720000 0.002223 -0.004462
564 12.740000 0.002309 -0.004213
565 12.760000 0.002392 -0.004009
566 12.780000 0.002470 -0.003861
567 12.800000 0.002547 -0.003782
568 12.820000 0.002622 -0.003774
569 12.840000 0.002698 -0.003838
570 12.860000 0.002776 -0.003966
571 12.880000 0.002858 -0.004144
572 12.900000 0.002943 -0.004355
573 12.920000 0.003032 -0.004579
574 12.940000 0.003126 -0.004794
575 12.960000 0.003223 -0.004980
576 12.980000 0.003324 -0.005115
577 13.000000 0.003427 -0.005185
578 13.020000 0.003531 -0.005178
579 13.040000 0.003634 -0.005088
580 13.060000 0.003734 -0.004916
581 13.080000 0.003830 -0.004670
582 13.100000 0.003920 -0.004363
583 13.120000 0.004004 -0.004011
584 13.140000 0.004080 -0.003631
585 13.160000 0.004149 -0.003244
586 13.180000 0.004210 -0.002866
587 13.200000 0.004264 -0.002516
588 13.220000 0.004311 -0.002206
589 13.240000 0.004352 -0.001945
590 13.260000 0.004389 -0.001735
591 13.280000 0.004422 -0.001576
592 13.300000 0.004453 -0.001460
593 13.320000 0.004481 -0.001379
594 13.340000 0.004508 -0.001322
595 13.360000 0.004534 -0.001276
596 13.380000 0.004559 -0.001230
597 13.400000 0.004583 -0.001171
598 13.420000 0.004606 -0.001091
599 13.440000 0.004626 -0.000983
600 13.460000 0.004645 -0.000844
601 13.480000 0.004660 -0.000675
602 13.500000 0.004671 -0.000477
603 13.520000 0.004679 -0.000256
604 13.540000 0.004682 -0.000018
605 13.560000 0.004679 0.000230
606 13.580000 0.004672 0.000480
607 13.600000 0.004660 0.000728
608 13.620000 0.004643 0.000967
609 13.640000 0.004622 0.001194
610 13.660000 0.004596 0.001409
611 13.680000 0.004565 0.001610
612 13.700000 0.004531 0.001802
613 13.720000 0.004493 0.001986
614 13.740000 0.004452 0.002168
615 13.760000 0.004407 0.002350
616 13.780000 0.004358 0.002536
617 13.800000 0.004305 0.002728
618 13.820000 0.004249 0.002927
619 13.840000 0.004188 0.003131
620 13.860000 0.004123 0.003338
621 13.880000 0.004055 0.003542
622 13.900000 0.003982 0.003737
623 13.920000 0.003905 0.003914
624 13.940000 0.003825 0.004067
625 13.960000 0.003743 0.004188
626 13.980000 0.003658 0.004270
627 14.000000 0.003573 0.004308
628 14.020000 0.003487 0.004300
629 14.040000 0.003401 0.004244
630 14.060000 0.003317 0.004143
631 14.080000 0.003236 0.004001
632 14.100000 0.003157 0.003825
633 14.120000 0.003083 0.003623
634 14.140000 0.003013 0.003403
635 14.160000 0.002947 0.003176
636 14.180000 0.002886 0.002950
637 14.200000 0.002829 0.002733
638 14.220000 0.002776 0.002533
639 14.240000 0.002727 0.002354
640 14.260000 0.002682 0.002200
641 14.280000 0.002639 0.002071
642 14.300000 0.002599 0.001968
643 14.320000 0.002560 0.001888
644 14.340000 0.002523 0.001828
645 14.360000 0.002487 0.001785
646 14.380000 0.002452 0.001755
647 14.400000 0.002417 0.001736
648 14.420000 0.002382 0.001724
649 14.440000 0.002348 0.001717
650 14.460000 0.002313 0.001716
651 14.480000 0.002279 0.001720
652 14.500000 0.002244 0.001731
653 14.520000 0.002210 0.001750
654 14.540000 0.002174 0.001778
655 14.560000 0.002138 0.001819
656 14.580000 0.002101 0.001873
657 14.600000 0.002063 0.001941
658 14.620000 0.002024 0.002023
659 14.640000 0.001982 0.002118
660 14.660000 0.001939 0.002223
661 14.680000 0.001893 0.002335
662 14.700000 0.001845 0.002448
663 14.720000 0.001795 0.002559
664 14.740000 0.001743 0.002662
665 14.760000 0.001689 0.002753
666 14.780000 0.001633 0.002827
667 14.800000 0.001576 0.002882
668 14.820000 0.001518 0.002916
669 14.840000 0.001460 0.002928
670 14.860000 0.001401 0.002921
671 14.880000 0.001343 0.002897
672 14.900000 0.001285 0.002861
673 14.920000 0.001229 0.002817
674 14.940000 0.001173 0.002772
675 14.960000 0.001118 0.002729
676 14.980000 0.001064 0.002692
677 15.000000 0.001010 0.002665
678 15.020000 0.000957 0.002648
679 15.040000 0.000904 0.002641
680 15.060000 0.000851 0.002640
681 15.080000 0.000798 0.002640
682 15.100000 0.000746 0.002635
683 15.120000 0.000693 0.002617
684 15.140000 0.000641 0.002578
685 15.160000 0.000590 0.002513
686 15.180000 0.000541 0.002415
687 15.200000 0.000494 0.002281
688 15.220000 0.000450 0.002110
689 15.240000 0.000410 0.001902
690 15.260000 0.000374 0.001663
691 15.280000 0.000344 0.001401
692 15.300000 0.000318 0.001125
693 15.320000 0.000299 0.000848
694 15.340000 0.000284 0.000579
695 15.360000 0.000275 0.000331
696 15.380000 0.000271 0.000113
697 15.400000 0.000270 -0.000067
698 15.420000 0.000273 -0.000204
699 15.440000 0.000278 -0.000297
700 15.460000 0.000285 -0.000348
701 15.480000 0.000292 -0.000363
702 15.500000 0.000299 -0.000352
703 15.520000 0.000306 -0.000324
704 15.540000 0.000312 -0.000292
705 15.560000 0.000317 -0.000265
706 15.580000 0.000323 -0.000254
707 15.600000 0.000328 -0.000267
708 15.620000 0.000333 -0.000307
709 15.640000 0.000340 -0.000375
710 15.660000 0.000349 -0.000469
711 15.680000 0.000359 -0.000579
712 15.700000 0.000372 -0.000696
713 15.720000 0.000387 -0.000807
714 15.740000 0.000404 -0.000900
715 15.760000 0.000423 -0.000962
716 15.780000 0.000442 -0.000982
717 15.800000 0.000461 -0.000953
718 15.820000 0.000480 -0.000870
719 15.840000 0.000496 -0.000734
720 15.860000 0.000509 -0.000550
721 15.880000 0.000517 -0.000328
722 15.900000 0.000521 -0.000083
723 15.920000 0.000521 0.000169
724 15.940000 0.000515 0.000411
725 15.960000 0.000504 0.000626
726 15.980000 0.000490 0.000799
727 16.000000 0.000473 0.000917
728 16.020000 0.000454 0.000969
729 16.040000 0.000435 0.000954
730 16.060000 0.000417 0.000871
731 16.080000 0.000401 0.000727
732 16.100000 0.000388 0.000534
733 16.120000 0.000380 0.000305
734 16.140000 0.000376 0.000056
735 16.160000 0.000377 -0.000198
736 16.180000 0.000384 -0.000440
737 16.200000 0.000395 -0.000657
738 16.220000 0.000410 -0.000837
739 16.240000 0.000428 -0.000971
740 16.260000 0.000448 -0.001056
741 16.280000 0.000470 -0.001093
742 16.300000 0.000491 -0.001087
743 16.320000 0.000513 -0.001042
744 16.340000 0.000533 -0.000969
745 16.360000 0.000551 -0.000877
746 16.380000 0.000568 -0.000775
747 16.400000 0.000582 -0.000675
748 16.420000 0.000595 -0.000585
749 16.440000 0.000606 -0.000511
750 16.460000 0.000616 -0.000460
751 16.480000 0.000625 -0.000433
752 16.500000 0.000633 -0.000431
753 16.520000 0.000642 -0.000454
754 16.540000 0.000652 -0.000500
755 16.560000 0.000662 -0.000563
756 16.580000 0.000674 -0.000641
757 16.600000 0.000688 -0.000728
758 16.620000 0.000703 -0.000819
759 16.640000 0.000721 -0.000908
760 16.660000 0.000740 -0.000990
761 16.680000 0.000760 -0.001059
762 16.700000 0.000782 -0.001112
763 16.720000 0.000804 -0.001144
764 16.740000 0.000827 -0.001152
765 16.760000 0.000850 -0.001134
766 16.780000 0.000872 -0.001090
767 16.800000 0.000894 -0.001020
768 16.820000 0.000913 -0.000927
769 16.840000 0.000930 -0.000814
770 16.860000 0.000945 -0.000687
771 16.880000 0.000958 -0.000554
772 16.900000 0.000968 -0.000422
773 16.920000 0.000975 -0.000300
774 16.940000 0.000980 -0.000195
775 16.960000 0.000983 -0.000115
776 16.980000 0.000985 -0.000065
777 17.000000 0.000986 -0.000050
778 17.020000 0.000987 -0.000069
779 17.040000 0.000989 -0.000121
780 17.060000 0.000992 -0.000202
781 17.080000 0.000997 -0.000302
782 17.100000 0.001004 -0.000411
783 17.120000 0.001014 -0.000519
784 17.140000 0.001025 -0.000612
785 17.160000 0.001038 -0.000681
786 17.180000 0.001052 -0.000715
787 17.200000 0.001066 -0.000705
788 17.220000 0.001080 -0.000647
789 17.240000 0.001091 -0.000539
790 17.260000 0.001101 -0.000384
791 17.280000 0.001106 -0.000187
792 17.300000 0.001108 0.000042
793 17.320000 0.001104 0.000291
794 17.340000 0.001096 0.000550
795 17.360000 0.001083 0.000805
796 17.380000 0.001064 0.001045
797 17.400000 0.001041 0.001260
798 17.420000 0.001014 0.001441
799 17.440000 0.000984 0.001583
800 17.460000 0.000951 0.001686
801 17.480000 0.000917 0.001752
802 17.500000 0.000881 0.001785
803 17.520000 0.000846 0.001791
804 17.540000 0.000810 0.001778
805 17.560000 0.000774 0.001755
806 17.580000 0.000740 0.001728
807 17.600000 0.000705 0.001704
808 17.620000 0.000671 0.001689
809 17.640000 0.000638 0.001683
810 17.660000 0.000604 0.001687
811 17.680000 0.000570 0.001698
812 17.700000 0.000536 0.001710
813 17.720000 0.000502 0.001716
814 17.740000 0.000468 0.001711
815 17.760000 0.000434 0.001687
816 17.780000 0.000400 0.001638
817 17.800000 0.000368 0.001558
818 17.820000 0.000338 0.001446
819 17.840000 0.000311 0.001302
820 17.860000 0.000287 0.001128
821 17.880000 0.000266 0.000930
822 17.900000 0.000250 0.000715
823 17.920000 0.000237 0.000493
824 17.940000 0.000230 0.000274
825 17.960000 0.000226 0.000068
826 17.980000 0.000227 -0.000117
827 18.000000 0.000231 -0.000273
828 18.020000 0.000237 -0.000394
829 18.040000 0.000246 -0.000476
830 18.060000 0.000256 -0.000519
831 18.080000 0.000267 -0.000527
832 18.100000 0.000277 -0.000503
833 18.120000 0.000286 -0.000455
834 18.140000 0.000295 -0.000390
835 18.160000 0.000302 -0.000316
836 18.180000 0.000307 -0.000242
837 18.200000 0.000312 -0.000176
838 18.220000 0.000315 -0.000125
839 18.240000 0.000317 -0.000094
840 18.260000 0.000319 -0.000086
841 18.280000 0.000321 -0.000105
842 18.300000 0.000323 -0.000149
843 18.320000 0.000327 -0.000217
844 18.340000 0.000332 -0.000306
845 18.360000 0.000339 -0.000413
846 18.380000 0.000349 -0.000533
847 18.400000 0.000361 -0.000660
848 18.420000 0.000375 -0.000789
849 18.440000 0.000392 -0.000914
850 18.460000 0.000412 -0.001027
851 18.480000 0.000433 -0.001123
852 18.500000 0.000456 -0.001196
853 18.520000 0.000481 -0.001241
854 18.540000 0.000506 -0.001255
855 18.560000 0.000530 -0.001234
856 18.580000 0.000555 -0.001177
857 18.600000 0.000577 -0.001085
858 18.620000 0.000598 -0.000960
859 18.640000 0.000615 -0.000809
860 18.660000 0.000630 -0.000639
861 18.680000 0.000641 -0.000458
862 18.700000 0.000648 -0.000279
863 18.720000 0.000652 -0.000111
864 18.740000 0.000653 0.000033
865 18.760000 0.000651 0.000146
866 18.780000 0.000647 0.000218
867 18.800000 0.000643 0.000245
868 18.820000 0.000638 0.000225
869 18.840000 0.000634 0.000161
870 18.860000 0.000632 0.000059
871 18.880000 0.000632 -0.000068
872 18.900000 0.000635 -0.000209
873 18.920000 0.000640 -0.000347
874 18.940000 0.000649 -0.000469
875 18.960000 0.000659 -0.000561
876 18.980000 0.000671 -0.000610
877 19.000000 0.000683 -0.000609
878 19.020000 0.000694 -0.000554
879 19.040000 0.000704 -0.000447
880 19.060000 0.000712 -0.000296
881 19.080000 0.000716 -0.000116
882 19.100000 0.000716 0.000076
883 19.120000 0.000713 0.000261
884 19.140000 0.000706 0.000419
885 19.160000 0.000697 0.000531
886 19.180000 0.000686 0.000582
887 19.200000 0.000674 0.000560
888 19.220000 0.000664 0.000463
889 19.240000 0.000656 0.000292
890 19.260000 0.000653 0.000061
891 19.280000 0.000654 -0.000211
892 19.300000 0.000661 -0.000500
893 19.320000 0.000674 -0.000777
894 19.340000 0.000692 -0.001015
895 19.360000 0.000714 -0.001187
896 19.380000 0.000739 -0.001272
897 19.400000 0.000764 -0.001253
898 19.420000 0.000788 -0.001124
899 19.440000 0.000808 -0.000887
900 19.460000 0.000822 -0.000558
901 19.480000 0.000829 -0.000164
902 19.500000 0.000828 0.000264
903 19.520000 0.000819 0.000690
904 19.540000 0.000801 0.001080
905 19.560000 0.000776 0.001399
906 19.580000 0.000746 0.001623
907 19.600000 0.000713 0.001735
908 19.620000 0.000678 0.001732
909 19.640000 0.000644 0.001628
910 19.660000 0.000614 0.001452
911 19.680000 0.000587 0.001249
912 19.700000 0.000563 0.001068
913 19.720000 0.000543 0.000959
914 19.740000 0.000524 0.000962
915 19.760000 0.000503 0.001108
916 19.780000 0.000478 0.001404
917 19.800000 0.000446 0.001831
918 19.820000 0.000404 0.002335
919 19.840000 0.000353 0.002825
920 19.860000 0.000293 0.003171
921 19.880000 0.000228 0.003241
922 19.900000 0.000167 0.002943
923 19.920000 0.000115 0.002265
924 19.940000 0.000079 0.001324
925 19.960000 0.000061 0.000402
926 19.980000 0.000057 -0.000004
927 20.000000 0.000049 0.000856
928 20.020000 0.000000 0.004030
