1 1.300000 487.856337 1623.041037
2 1.320000 455.372759 1492.862855
3 1.340000 425.492744 1374.833637
4 1.360000 397.973314 1267.664045
5 1.380000 372.597275 1170.217617
6 1.400000 349.170165 1081.490795
7 1.420000 327.517592 1000.595792
8 1.440000 307.482919 926.745865
9 1.460000 288.925244 859.242637
10 1.480000 271.717634 797.465151
11 1.500000 255.745573 740.860401
12 1.520000 240.905607 688.935130
13 1.540000 227.104147 641.248707
14 1.560000 214.256416 597.406929
15 1.580000 202.285520 557.056626
16 1.600000 191.121630 519.880938
17 1.620000 180.701253 485.595202
18 1.640000 170.966592 453.943333
19 1.660000 161.864968 424.694659
20 1.680000 153.348317 397.641134
21 1.700000 145.372737 372.594887
22 1.720000 137.898081 349.386060
23 1.740000 130.887603 327.860899
24 1.760000 124.307627 307.880069
25 1.780000 118.127268 289.317155
26 1.800000 112.318168 272.057343
27 1.820000 106.854263 255.996241
28 1.840000 101.711581 241.038831
29 1.860000 96.868047 227.098540
30 1.880000 92.303318 214.096412
31 1.900000 87.998633 201.960362
32 1.920000 83.936668 190.624519
33 1.940000 80.101420 180.028630
34 1.960000 76.478090 170.117534
35 1.980000 73.052982 160.840681
36 2.000000 69.813410 152.151710
37 2.020000 66.747619 144.008061
38 2.040000 63.844700 136.370633
39 2.060000 61.094530 129.203471
40 2.080000 58.487703 122.473487
41 2.100000 56.015476 116.150206
42 2.120000 53.669714 110.205538
43 2.140000 51.442846 104.613572
44 2.160000 49.327817 99.350387
45 2.180000 47.318052 94.393885
46 2.200000 45.407416 89.723634
47 2.220000 43.590186 85.320733
48 2.240000 41.861014 81.167682
49 2.260000 40.214903 77.248267
50 2.280000 38.647180 73.547457
51 2.300000 37.153473 70.051307
52 2.320000 35.729690 66.746872
53 2.340000 34.371995 63.622125
54 2.360000 33.076795 60.665890
55 2.380000 31.840719 57.867769
56 2.400000 30.660606 55.218088
57 2.420000 29.533487 52.707836
58 2.440000 28.456573 50.328617
59 2.460000 27.427243 48.072605
60 2.480000 26.443033 45.932498
61 2.500000 25.501626 43.901481
62 2.520000 24.600839 41.973189
63 2.540000 23.738617 40.141676
64 2.560000 22.913026 38.401380
65 2.580000 22.122241 36.747102
66 2.600000 21.364542 35.173974
67 2.620000 20.638305 33.677438
68 2.640000 19.941998 32.253226
69 2.660000 19.274176 30.897334
70 2.680000 18.633472 29.606010
71 2.700000 18.018594 28.375733
72 2.720000 17.428322 27.203197
73 2.740000 16.861501 26.085300
74 2.760000 16.317037 25.019125
75 2.780000 15.793897 24.001931
76 2.800000 15.291101 23.031141
77 2.820000 14.807721 22.104329
78 2.840000 14.342877 21.219214
79 2.860000 13.895735 20.373646
80 2.880000 13.465504 19.565601
81 2.900000 13.051435 18.793172
82 2.920000 12.652814 18.054559
83 2.940000 12.268965 17.348066
84 2.960000 11.899246 16.672094
85 2.980000 11.543047 16.025130
86 3.000000 11.199787 15.405748
87 3.020000 10.868914 14.812601
88 3.040000 10.549905 14.244415
89 3.060000 10.242259 13.699986
90 3.080000 9.945502 13.178176
91 3.100000 9.738667 17.292334
92 3.120000 9.404819 16.092461
93 3.140000 9.096706 14.718795
94 3.160000 8.815517 13.400086
95 3.180000 8.558995 12.252160
96 3.200000 8.323390 11.308338
97 3.220000 8.104808 10.549860
98 3.240000 7.899949 9.936043
99 3.260000 7.706312 9.427670
100 3.280000 7.522103 8.993202
101 3.300000 7.346089 8.608220
102 3.320000 7.177461 8.254599
103 3.340000 7.015718 7.919692
104 3.360000 6.860566 7.595513
105 3.380000 6.711831 7.277908
106 3.400000 6.569395 6.965747
107 3.420000 6.433137 6.660092
108 3.440000 6.302902 6.363391
109 3.460000 6.178480 6.078792
110 3.480000 6.059594 5.809796
111 3.500000 5.945896 5.560045
112 3.520000 5.836964 5.333113
113 3.540000 5.732310 5.132294
114 3.560000 5.631383 4.960399
115 3.580000 5.533584 4.819540
116 3.600000 5.438279 4.710930
117 3.620000 5.344823 4.634665
118 3.640000 5.252581 4.589526
119 3.660000 5.160957 4.572878
120 3.680000 5.069420 4.580847
121 3.700000 4.977525 4.608604
122 3.720000 4.884933 4.650648
123 3.740000 4.791415 4.701095
124 3.760000 4.696865 4.753966
125 3.780000 4.601290 4.803471
126 3.800000 4.504813 4.844300
127 3.820000 4.407651 4.871903
128 3.840000 4.310104 4.882781
129 3.860000 4.212529 4.874668
130 3.880000 4.115318 4.846479
131 3.900000 4.018871 4.798160
132 3.920000 3.923584 4.730533
133 3.940000 3.829828 4.645146
134 3.960000 3.737935 4.544115
135 3.980000 3.648194 4.429974
136 4.000000 3.560839 4.305519
137 4.020000 3.476047 4.173656
138 4.040000 3.393938 4.037249
139 4.060000 3.314576 3.898995
140 4.080000 3.237972 3.761377
141 4.100000 3.164092 3.626642
142 4.120000 3.092858 3.496783
143 4.140000 3.024155 3.373522
144 4.160000 2.957837 3.258289
145 4.180000 2.893732 3.152204
146 4.200000 2.831649 3.056057
147 4.220000 2.771386 2.970292
148 4.240000 2.712733 2.894986
149 4.260000 2.655484 2.829851
150 4.280000 2.599443 2.774274
151 4.300000 2.544427 2.727378
152 4.320000 2.490272 2.688085
153 4.340000 2.436840 2.655173
154 4.360000 2.384014 2.627341
155 4.380000 2.331708 2.603266
156 4.400000 2.279859 2.581666
157 4.420000 2.228429 2.561361
158 4.440000 2.177402 2.541331
159 4.460000 2.126781 2.520760
160 4.480000 2.076583 2.499032
161 4.500000 2.026836 2.475711
162 4.520000 1.977573 2.450513
163 4.540000 1.928835 2.423291
164 4.560000 1.880662 2.394007
165 4.580000 1.833095 2.362713
166 4.600000 1.786173 2.329526
167 4.620000 1.739931 2.294609
168 4.640000 1.694404 2.258145
169 4.660000 1.649619 2.220323
170 4.680000 1.605603 2.181329
171 4.700000 1.562376 2.141352
172 4.720000 1.519957 2.100575
173 4.740000 1.478359 2.059183
174 4.760000 1.437594 2.017357
175 4.780000 1.397667 1.975278
176 4.800000 1.358583 1.933122
177 4.820000 1.320341 1.891066
178 4.840000 1.282938 1.849281
179 4.860000 1.246366 1.807937
180 4.880000 1.210614 1.767199
181 4.900000 1.175670 1.727228
182 4.920000 1.141516 1.688179
183 4.940000 1.108132 1.650197
184 4.960000 1.075496 1.613422
185 4.980000 1.043582 1.577983
186 5.000000 1.012362 1.543999
187 5.020000 0.981806 1.511577
188 5.040000 0.951882 1.480813
189 5.060000 0.922556 1.451784
190 5.080000 0.893793 1.424554
191 5.100000 0.865556 1.399161
192 5.120000 0.837808 1.375612
193 5.140000 0.810513 1.353885
194 5.160000 0.783635 1.333918
195 5.180000 0.757140 1.315605
196 5.200000 0.730996 1.298792
197 5.220000 0.705175 1.283274
198 5.240000 0.679655 1.268787
199 5.260000 0.654417 1.255008
200 5.280000 0.629451 1.241572
201 5.300000 0.604754 1.228081
202 5.320000 0.580332 1.214127
203 5.340000 0.556198 1.199306
204 5.360000 0.532373 1.183235
205 5.380000 0.508885 1.165572
206 5.400000 0.485769 1.146027
207 5.420000 0.463065 1.124383
208 5.440000 0.440816 1.100513
209 5.460000 0.419067 1.074388
210 5.480000 0.397862 1.046070
211 5.500000 0.377244 1.015702
212 5.520000 0.357252 0.983492
213 5.540000 0.337920 0.949701
214 5.560000 0.319277 0.914631
215 5.580000 0.301345 0.878607
216 5.600000 0.284139 0.841970
217 5.620000 0.267669 0.805058
218 5.640000 0.251936 0.768198
219 5.660000 0.236937 0.731691
220 5.680000 0.222662 0.695812
221 5.700000 0.209096 0.660808
222 5.720000 0.196219 0.626897
223 5.740000 0.184007 0.594267
224 5.760000 0.172434 0.563080
225 5.780000 0.161468 0.533464
226 5.800000 0.151078 0.505519
227 5.820000 0.141230 0.479313
228 5.840000 0.131888 0.454882
229 5.860000 0.123017 0.432231
230 5.880000 0.114581 0.411338
231 5.900000 0.106546 0.392154
232 5.920000 0.098879 0.374612
233 5.940000 0.091546 0.358627
234 5.960000 0.084519 0.344098
235 5.980000 0.077769 0.330920
236 6.000000 0.071270 0.318978
237 6.020000 0.064999 0.308157
238 6.040000 0.058934 0.298344
239 6.060000 0.053056 0.289430
240 6.080000 0.047348 0.281312
241 6.100000 0.041796 0.273892
242 6.120000 0.036387 0.267075
243 6.140000 0.031108 0.260773
244 6.160000 0.025952 0.254898
245 6.180000 0.020909 0.249367
246 6.200000 0.015974 0.244100
247 6.220000 0.011143 0.239017
248 6.240000 0.006412 0.234044
249 6.260000 0.001781 0.229104
250 6.280000 -0.002751 0.224126
251 6.300000 -0.007183 0.219044
252 6.320000 -0.011511 0.213798
253 6.340000 -0.015733 0.208340
254 6.360000 -0.019842 0.202629
255 6.380000 -0.023835 0.196640
256 6.400000 -0.027705 0.190362
257 6.420000 -0.031447 0.183801
258 6.440000 -0.035055 0.176983
259 6.460000 -0.038524 0.169951
260 6.480000 -0.041851 0.162769
261 6.500000 -0.045034 0.155509
262 6.520000 -0.048072 0.148256
263 6.540000 -0.050965 0.141097
264 6.560000 -0.053717 0.134122
265 6.580000 -0.056333 0.127416
266 6.600000 -0.058817 0.121059
267 6.620000 -0.061179 0.115119
268 6.640000 -0.063427 0.109648
269 6.660000 -0.065570 0.104682
270 6.680000 -0.067619 0.100238
271 6.700000 -0.069585 0.096322
272 6.720000 -0.071477 0.092925
273 6.740000 -0.073307 0.090029
274 6.760000 -0.075083 0.087610
275 6.780000 -0.076816 0.085637
276 6.800000 -0.078513 0.084078
277 6.820000 -0.080183 0.082899
278 6.840000 -0.081833 0.082070
279 6.860000 -0.083469 0.081564
280 6.880000 -0.085098 0.081356
281 6.900000 -0.086726 0.081426
282 6.920000 -0.088358 0.081757
283 6.940000 -0.089999 0.082331
284 6.960000 -0.091653 0.083134
285 6.980000 -0.093326 0.084151
286 7.000000 -0.095021 0.085367
287 7.020000 -0.096743 0.086766
288 7.040000 -0.098494 0.088331
289 7.060000 -0.100277 0.090042
290 7.080000 -0.102097 0.091879
291 7.100000 -0.103954 0.093818
292 7.120000 -0.105850 0.095835
293 7.140000 -0.107787 0.097906
294 7.160000 -0.109767 0.100003
295 7.180000 -0.111788 0.102102
296 7.200000 -0.113850 0.104174
297 7.220000 -0.115954 0.106195
298 7.240000 -0.118097 0.108137
299 7.260000 -0.120278 0.109975
300 7.280000 -0.122495 0.111685
301 7.300000 -0.124744 0.113243
302 7.320000 -0.127023 0.114627
303 7.340000 -0.129327 0.115817
304 7.360000 -0.131654 0.116796
305 7.380000 -0.133997 0.117546
306 7.400000 -0.136353 0.118055
307 7.420000 -0.138717 0.118313
308 7.440000 -0.141083 0.118311
309 7.460000 -0.143447 0.118046
310 7.480000 -0.145802 0.117516
311 7.500000 -0.148145 0.116724
312 7.520000 -0.150469 0.115674
313 7.540000 -0.152769 0.114375
314 7.560000 -0.155041 0.112836
315 7.580000 -0.157280 0.111071
316 7.600000 -0.159482 0.109093
317 7.620000 -0.161642 0.106922
318 7.640000 -0.163757 0.104575
319 7.660000 -0.165823 0.102073
320 7.680000 -0.167839 0.099440
321 7.700000 -0.169800 0.096696
322 7.720000 -0.171706 0.093863
323 7.740000 -0.173554 0.090962
324 7.760000 -0.175343 0.088009
325 7.780000 -0.177074 0.085019
326 7.800000 -0.178744 0.082003
327 7.820000 -0.180354 0.078966
328 7.840000 -0.181902 0.075908
329 7.860000 -0.183390 0.072823
330 7.880000 -0.184815 0.069698
331 7.900000 -0.186177 0.066521
332 7.920000 -0.187475 0.063274
333 7.940000 -0.188707 0.059940
334 7.960000 -0.189872 0.056505
335 7.980000 -0.190966 0.052955
336 8.000000 -0.191989 0.049282
337 8.020000 -0.192936 0.045485
338 8.040000 -0.193807 0.041568
339 8.060000 -0.194598 0.037545
340 8.080000 -0.195308 0.033438
341 8.100000 -0.195935 0.029272
342 8.120000 -0.196478 0.025077
343 8.140000 -0.196938 0.020884
344 8.160000 -0.197314 0.016722
345 8.180000 -0.197608 0.012621
346 8.200000 -0.197820 0.008603
347 8.220000 -0.197953 0.004686
348 8.240000 -0.198008 0.000877
349 8.260000 -0.197989 -0.002823
350 8.280000 -0.197896 -0.006423
351 8.300000 -0.197733 -0.009938
352 8.320000 -0.197500 -0.013387
353 8.340000 -0.197198 -0.016791
354 8.360000 -0.196828 -0.020171
355 8.380000 -0.196391 -0.023544
356 8.400000 -0.195886 -0.026924
357 8.420000 -0.195314 -0.030320
358 8.440000 -0.194673 -0.033730
359 8.460000 -0.193965 -0.037144
360 8.480000 -0.193188 -0.040543
361 8.500000 -0.192343 -0.043901
362 8.520000 -0.191432 -0.047190
363 8.540000 -0.190457 -0.050377
364 8.560000 -0.189419 -0.053432
365 8.580000 -0.188321 -0.056326
366 8.600000 -0.187167 -0.059034
367 8.620000 -0.185962 -0.061540
368 8.640000 -0.184708 -0.063834
369 8.660000 -0.183410 -0.065917
370 8.680000 -0.182073 -0.067800
371 8.700000 -0.180700 -0.069501
372 8.720000 -0.179295 -0.071044
373 8.740000 -0.177860 -0.072455
374 8.760000 -0.176398 -0.073766
375 8.780000 -0.174910 -0.075007
376 8.800000 -0.173398 -0.076206
377 8.820000 -0.171862 -0.077391
378 8.840000 -0.170302 -0.078581
379 8.860000 -0.168718 -0.079793
380 8.880000 -0.167110 -0.081035
381 8.900000 -0.165477 -0.082313
382 8.920000 -0.163817 -0.083624
383 8.940000 -0.162131 -0.084964
384 8.960000 -0.160418 -0.086323
385 8.980000 -0.158678 -0.087688
386 9.000000 -0.156911 -0.089043
387 9.020000 -0.155117 -0.090372
388 9.040000 -0.153297 -0.091654
389 9.060000 -0.151451 -0.092868
390 9.080000 -0.149583 -0.093993
391 9.100000 -0.147693 -0.095009
392 9.120000 -0.145784 -0.095896
393 9.140000 -0.143858 -0.096636
394 9.160000 -0.141920 -0.097216
395 9.180000 -0.139971 -0.097626
396 9.200000 -0.138017 -0.097860
397 9.220000 -0.136059 -0.097920
398 9.240000 -0.134101 -0.097811
399 9.260000 -0.132148 -0.097549
400 9.280000 -0.130201 -0.097153
401 9.300000 -0.128263 -0.096646
402 9.320000 -0.126336 -0.096056
403 9.340000 -0.124421 -0.095407
404 9.360000 -0.122520 -0.094727
405 9.380000 -0.120632 -0.094036
406 9.400000 -0.118758 -0.093353
407 9.420000 -0.116898 -0.092688
408 9.440000 -0.115051 -0.092045
409 9.460000 -0.113216 -0.091418
410 9.480000 -0.111394 -0.090793
411 9.500000 -0.109584 -0.090150
412 9.520000 -0.107788 -0.089467
413 9.540000 -0.106006 -0.088719
414 9.560000 -0.104240 -0.087883
415 9.580000 -0.102492 -0.086939
416 9.600000 -0.100764 -0.085872
417 9.620000 -0.099059 -0.084674
418 9.640000 -0.097378 -0.083348
419 9.660000 -0.095726 -0.081906
420 9.680000 -0.094103 -0.080370
421 9.700000 -0.092512 -0.078768
422 9.720000 -0.090953 -0.077136
423 9.740000 -0.089426 -0.075508
424 9.760000 -0.087932 -0.073920
425 9.780000 -0.086469 -0.072405
426 9.800000 -0.085035 -0.070991
427 9.820000 -0.083628 -0.069699
428 9.840000 -0.082245 -0.068541
429 9.860000 -0.080885 -0.067516
430 9.880000 -0.079544 -0.066615
431 9.900000 -0.078219 -0.065820
432 9.920000 -0.076910 -0.065106
433 9.940000 -0.075614 -0.064446
434 9.960000 -0.074332 -0.063808
435 9.980000 -0.073062 -0.063162
436 10.000000 -0.071806 -0.062478
437 10.020000 -0.070564 -0.061731
438 10.040000 -0.069337 -0.060900
439 10.060000 -0.068129 -0.059974
440 10.080000 -0.066940 -0.058944
441 10.100000 -0.065772 -0.057812
442 10.120000 -0.064628 -0.056581
443 10.140000 -0.063510 -0.055261
444 10.160000 -0.062418 -0.053866
445 10.180000 -0.061356 -0.052409
446 10.200000 -0.060322 -0.050910
447 10.220000 -0.059319 -0.049386
448 10.240000 -0.058347 -0.047858
449 10.260000 -0.057405 -0.046345
450 10.280000 -0.056493 -0.044864
451 10.300000 -0.055610 -0.043433
452 10.320000 -0.054755 -0.042069
453 10.340000 -0.053926 -0.040785
454 10.360000 -0.053123 -0.039594
455 10.380000 -0.052342 -0.038505
456 10.400000 -0.051581 -0.037525
457 10.420000 -0.050839 -0.036657
458 10.440000 -0.050114 -0.035902
459 10.460000 -0.049402 -0.035256
460 10.480000 -0.048703 -0.034712
461 10.500000 -0.048013 -0.034260
462 10.520000 -0.047331 -0.033888
463 10.540000 -0.046657 -0.033581
464 10.560000 -0.045988 -0.033325
465 10.580000 -0.045323 -0.033102
466 10.600000 -0.044663 -0.032897
467 10.620000 -0.044007 -0.032693
468 10.640000 -0.043356 -0.032473
469 10.660000 -0.042709 -0.032223
470 10.680000 -0.042067 -0.031931
471 10.700000 -0.041432 -0.031584
472 10.720000 -0.040805 -0.031174
473 10.740000 -0.040186 -0.030693
474 10.760000 -0.039578 -0.030139
475 10.780000 -0.038981 -0.029509
476 10.800000 -0.038398 -0.028808
477 10.820000 -0.037829 -0.028042
478 10.840000 -0.037277 -0.027221
479 10.860000 -0.036741 -0.026360
480 10.880000 -0.036223 -0.025477
481 10.900000 -0.035722 -0.024592
482 10.920000 -0.035239 -0.023727
483 10.940000 -0.034772 -0.022899
484 10.960000 -0.034322 -0.022129
485 10.980000 -0.033887 -0.021431
486 11.000000 -0.033464 -0.020815
487 11.020000 -0.033053 -0.020287
488 11.040000 -0.032652 -0.019845
489 11.060000 -0.032259 -0.019479
490 11.080000 -0.031872 -0.019174
491 11.100000 -0.031491 -0.018910
492 11.120000 -0.031115 -0.018665
493 11.140000 -0.030745 -0.018416
494 11.160000 -0.030379 -0.018141
495 11.180000 -0.030019 -0.017823
496 11.200000 -0.029667 -0.017448
497 11.220000 -0.029322 -0.017012
498 11.240000 -0.028987 -0.016518
499 11.260000 -0.028662 -0.015980
500 11.280000 -0.028348 -0.015419
501 11.300000 -0.028045 -0.014864
502 11.320000 -0.027753 -0.014346
503 11.340000 -0.027470 -0.013898
504 11.360000 -0.027196 -0.013549
505 11.380000 -0.026927 -0.013327
506 11.400000 -0.026661 -0.013251
507 11.420000 -0.026396 -0.013331
508 11.440000 -0.026127 -0.013567
509 11.460000 -0.025852 -0.013942
510 11.480000 -0.025568 -0.014433
511 11.500000 -0.025273 -0.015003
512 11.520000 -0.024967 -0.015614
513 11.540000 -0.024649 -0.016224
514 11.560000 -0.024319 -0.016792
515 11.580000 -0.023978 -0.017282
516 11.600000 -0.023629 -0.017661
517 11.620000 -0.023273 -0.017912
518 11.640000 -0.022913 -0.018024
519 11.660000 -0.022553 -0.018007
520 11.680000 -0.022194 -0.017879
521 11.700000 -0.021839 -0.017670
522 11.720000 -0.021488 -0.017417
523 11.740000 -0.021142 -0.017157
524 11.760000 -0.020801 -0.016932
525 11.780000 -0.020464 -0.016777
526 11.800000 -0.020129 -0.016723
527 11.820000 -0.019794 -0.016791
528 11.840000 -0.019456 -0.016991
529 11.860000 -0.019113 -0.017317
530 11.880000 -0.018762 -0.017752
531 11.900000 -0.018402 -0.018267
532 11.920000 -0.018031 -0.018830
533 11.940000 -0.017649 -0.019402
534 11.960000 -0.017256 -0.019943
535 11.980000 -0.016852 -0.020417
536 12.000000 -0.016440 -0.020791
537 12.020000 -0.016022 -0.021041
538 12.040000 -0.015600 -0.021154
539 12.060000 -0.015177 -0.021126
540 12.080000 -0.014756 -0.020969
541 12.100000 -0.014339 -0.020701
542 12.120000 -0.013929 -0.020347
543 12.140000 -0.013526 -0.019935
544 12.160000 -0.013132 -0.019496
545 12.180000 -0.012746 -0.019061
546 12.200000 -0.012369 -0.018656
547 12.220000 -0.011999 -0.018304
548 12.240000 -0.011636 -0.018017
549 12.260000 -0.011278 -0.017800
550 12.280000 -0.010923 -0.017649
551 12.300000 -0.010571 -0.017553
552 12.320000 -0.010221 -0.017498
553 12.340000 -0.009871 -0.017464
554 12.360000 -0.009522 -0.017431
555 12.380000 -0.009174 -0.017380
556 12.400000 -0.008827 -0.017292
557 12.420000 -0.008483 -0.017155
558 12.440000 -0.008142 -0.016960
559 12.460000 -0.007805 -0.016705
560 12.480000 -0.007474 -0.016395
561 12.500000 -0.007150 -0.016041
562 12.520000 -0.006833 -0.015653
563 12.540000 -0.006524 -0.015248
564 12.560000 -0.006223 -0.014840
565 12.580000 -0.005930 -0.014446
566 12.600000 -0.005645 -0.014076
567 12.620000 -0.005367 -0.013742
568 12.640000 -0.005095 -0.013448
569 12.660000 -0.004828 -0.013193
570 12.680000 -0.004567 -0.012973
571 12.700000 -0.004309 -0.012778
572 12.720000 -0.004055 -0.012598
573 12.740000 -0.003805 -0.012419
574 12.760000 -0.003559 -0.012228
575 12.780000 -0.003316 -0.012014
576 12.800000 -0.003079 -0.011767
577 12.820000 -0.002846 -0.011482
578 12.840000 -0.002620 -0.011155
579 12.860000 -0.002400 -0.010791
580 12.880000 -0.002188 -0.010397
581 12.900000 -0.001985 -0.009985
582 12.920000 -0.001789 -0.009568
583 12.940000 -0.001602 -0.009160
584 12.960000 -0.001422 -0.008775
585 12.980000 -0.001250 -0.008427
586 13.000000 -0.001085 -0.008124
587 13.020000 -0.000925 -0.007873
588 13.040000 -0.000769 -0.007674
589 13.060000 -0.000617 -0.007524
590 13.080000 -0.000468 -0.007412
591 13.100000 -0.000321 -0.007325
592 13.120000 -0.000175 -0.007247
593 13.140000 -0.000031 -0.007162
594 13.160000 0.000111 -0.007051
595 13.180000 0.000251 -0.006900
596 13.200000 0.000387 -0.006695
597 13.220000 0.000518 -0.006427
598 13.240000 0.000643 -0.006092
599 13.260000 0.000761 -0.005691
600 13.280000 0.000870 -0.005230
601 13.300000 0.000970 -0.004722
602 13.320000 0.001059 -0.004180
603 13.340000 0.001137 -0.003619
604 13.360000 0.001203 -0.003058
605 13.380000 0.001259 -0.002514
606 13.400000 0.001304 -0.002001
607 13.420000 0.001340 -0.001534
608 13.440000 0.001366 -0.001124
609 13.460000 0.001385 -0.000775
610 13.480000 0.001398 -0.000492
611 13.500000 0.001406 -0.000273
612 13.520000 0.001409 -0.000114
613 13.540000 0.001411 -0.000009
614 13.560000 0.001410 0.000051
615 13.580000 0.001409 0.000075
616 13.600000 0.001408 0.000074
617 13.620000 0.001406 0.000060
618 13.640000 0.001405 0.000044
619 13.660000 0.001404 0.000036
620 13.680000 0.001403 0.000048
621 13.700000 0.001402 0.000089
622 13.720000 0.001400 0.000166
623 13.740000 0.001395 0.000286
624 13.760000 0.001388 0.000455
625 13.780000 0.001376 0.000674
626 13.800000 0.001360 0.000944
627 13.820000 0.001338 0.001263
628 13.840000 0.001309 0.001624
629 13.860000 0.001273 0.002020
630 13.880000 0.001228 0.002440
631 13.900000 0.001175 0.002870
632 13.920000 0.001113 0.003297
633 13.940000 0.001043 0.003707
634 13.960000 0.000965 0.004084
635 13.980000 0.000880 0.004415
636 14.000000 0.000789 0.004687
637 14.020000 0.000694 0.004891
638 14.040000 0.000595 0.005019
639 14.060000 0.000494 0.005067
640 14.080000 0.000393 0.005033
641 14.100000 0.000293 0.004921
642 14.120000 0.000197 0.004733
643 14.140000 0.000105 0.004478
644 14.160000 0.000018 0.004164
645 14.180000 -0.000062 0.003801
646 14.200000 -0.000134 0.003403
647 14.220000 -0.000197 0.002982
648 14.240000 -0.000253 0.002553
649 14.260000 -0.000300 0.002130
650 14.280000 -0.000338 0.001729
651 14.300000 -0.000369 0.001365
652 14.320000 -0.000393 0.001050
653 14.340000 -0.000412 0.000795
654 14.360000 -0.000426 0.000610
655 14.380000 -0.000437 0.000500
656 14.400000 -0.000447 0.000468
657 14.420000 -0.000456 0.000510
658 14.440000 -0.000468 0.000619
659 14.460000 -0.000482 0.000782
660 14.480000 -0.000499 0.000983
661 14.500000 -0.000521 0.001201
662 14.520000 -0.000547 0.001415
663 14.540000 -0.000577 0.001603
664 14.560000 -0.000611 0.001744
665 14.580000 -0.000647 0.001821
666 14.600000 -0.000683 0.001818
667 14.620000 -0.000718 0.001727
668 14.640000 -0.000751 0.001545
669 14.660000 -0.000779 0.001277
670 14.680000 -0.000801 0.000933
671 14.700000 -0.000816 0.000531
672 14.720000 -0.000822 0.000090
673 14.740000 -0.000820 -0.000369
674 14.760000 -0.000808 -0.000822
675 14.780000 -0.000787 -0.001247
676 14.800000 -0.000758 -0.001625
677 14.820000 -0.000723 -0.001940
678 14.840000 -0.000681 -0.002179
679 14.860000 -0.000636 -0.002338
680 14.880000 -0.000589 -0.002417
681 14.900000 -0.000540 -0.002420
682 14.920000 -0.000492 -0.002357
683 14.940000 -0.000447 -0.002239
684 14.960000 -0.000403 -0.002080
685 14.980000 -0.000364 -0.001894
686 15.000000 -0.000328 -0.001696
687 15.020000 -0.000296 -0.001501
688 15.040000 -0.000268 -0.001321
689 15.060000 -0.000243 -0.001167
690 15.080000 -0.000220 -0.001047
691 15.100000 -0.000200 -0.000968
692 15.120000 -0.000181 -0.000932
693 15.140000 -0.000163 -0.000942
694 15.160000 -0.000143 -0.000997
695 15.180000 -0.000122 -0.001094
696 15.200000 -0.000099 -0.001228
697 15.220000 -0.000073 -0.001393
698 15.240000 -0.000043 -0.001579
699 15.260000 -0.000010 -0.001778
700 15.280000 0.000028 -0.001977
701 15.300000 0.000069 -0.002164
702 15.320000 0.000114 -0.002328
703 15.340000 0.000162 -0.002457
704 15.360000 0.000212 -0.002544
705 15.380000 0.000263 -0.002579
706 15.400000 0.000315 -0.002561
707 15.420000 0.000365 -0.002487
708 15.440000 0.000414 -0.002363
709 15.460000 0.000459 -0.002196
710 15.480000 0.000501 -0.001999
711 15.500000 0.000539 -0.001786
712 15.520000 0.000573 -0.001574
713 15.540000 0.000602 -0.001381
714 15.560000 0.000628 -0.001220
715 15.580000 0.000652 -0.001107
716 15.600000 0.000673 -0.001052
717 15.620000 0.000694 -0.001061
718 15.640000 0.000716 -0.001134
719 15.660000 0.000740 -0.001267
720 15.680000 0.000767 -0.001447
721 15.700000 0.000798 -0.001659
722 15.720000 0.000834 -0.001887
723 15.740000 0.000874 -0.002111
724 15.760000 0.000918 -0.002312
725 15.780000 0.000966 -0.002471
726 15.800000 0.001016 -0.002575
727 15.820000 0.001068 -0.002612
728 15.840000 0.001120 -0.002577
729 15.860000 0.001171 -0.002471
730 15.880000 0.001218 -0.002299
731 15.900000 0.001262 -0.002073
732 15.920000 0.001301 -0.001806
733 15.940000 0.001334 -0.001514
734 15.960000 0.001361 -0.001214
735 15.980000 0.001383 -0.000923
736 16.000000 0.001399 -0.000655
737 16.020000 0.001409 -0.000421
738 16.040000 0.001416 -0.000231
739 16.060000 0.001419 -0.000086
740 16.080000 0.001420 0.000013
741 16.100000 0.001419 0.000072
742 16.120000 0.001417 0.000097
743 16.140000 0.001415 0.000099
744 16.160000 0.001413 0.000087
745 16.180000 0.001412 0.000072
746 16.200000 0.001410 0.000064
747 16.220000 0.001409 0.000071
748 16.240000 0.001407 0.000100
749 16.260000 0.001405 0.000155
750 16.280000 0.001401 0.000236
751 16.300000 0.001395 0.000342
752 16.320000 0.001387 0.000471
753 16.340000 0.001376 0.000618
754 16.360000 0.001362 0.000777
755 16.380000 0.001345 0.000943
756 16.400000 0.001324 0.001110
757 16.420000 0.001301 0.001270
758 16.440000 0.001274 0.001420
759 16.460000 0.001244 0.001554
760 16.480000 0.001212 0.001669
761 16.500000 0.001177 0.001762
762 16.520000 0.001141 0.001833
763 16.540000 0.001104 0.001880
764 16.560000 0.001067 0.001903
765 16.580000 0.001028 0.001904
766 16.600000 0.000991 0.001884
767 16.620000 0.000953 0.001847
768 16.640000 0.000917 0.001796
769 16.660000 0.000881 0.001735
770 16.680000 0.000847 0.001669
771 16.700000 0.000815 0.001602
772 16.720000 0.000783 0.001539
773 16.740000 0.000753 0.001486
774 16.760000 0.000724 0.001444
775 16.780000 0.000695 0.001416
776 16.800000 0.000667 0.001404
777 16.820000 0.000639 0.001406
778 16.840000 0.000611 0.001421
779 16.860000 0.000582 0.001442
780 16.880000 0.000553 0.001465
781 16.900000 0.000523 0.001481
782 16.920000 0.000494 0.001482
783 16.940000 0.000464 0.001462
784 16.960000 0.000436 0.001413
785 16.980000 0.000408 0.001331
786 17.000000 0.000383 0.001211
787 17.020000 0.000360 0.001055
788 17.040000 0.000341 0.000866
789 17.060000 0.000326 0.000649
790 17.080000 0.000315 0.000417
791 17.100000 0.000309 0.000179
792 17.120000 0.000308 -0.000049
793 17.140000 0.000311 -0.000254
794 17.160000 0.000318 -0.000423
795 17.180000 0.000327 -0.000545
796 17.200000 0.000339 -0.000611
797 17.220000 0.000351 -0.000616
798 17.240000 0.000363 -0.000558
799 17.260000 0.000373 -0.000443
800 17.280000 0.000380 -0.000279
801 17.300000 0.000384 -0.000077
802 17.320000 0.000383 0.000148
803 17.340000 0.000378 0.000381
804 17.360000 0.000368 0.000607
805 17.380000 0.000354 0.000812
806 17.400000 0.000336 0.000983
807 17.420000 0.000315 0.001111
808 17.440000 0.000292 0.001192
809 17.460000 0.000268 0.001226
810 17.480000 0.000243 0.001217
811 17.500000 0.000219 0.001173
812 17.520000 0.000196 0.001104
813 17.540000 0.000175 0.001023
814 17.560000 0.000156 0.000940
815 17.580000 0.000137 0.000868
816 17.600000 0.000121 0.000816
817 17.620000 0.000105 0.000792
818 17.640000 0.000089 0.000801
819 17.660000 0.000072 0.000840
820 17.680000 0.000055 0.000908
821 17.700000 0.000036 0.000998
822 17.720000 0.000015 0.001100
823 17.740000 -0.000008 0.001205
824 17.760000 -0.000033 0.001304
825 17.780000 -0.000060 0.001387
826 17.800000 -0.000089 0.001445
827 17.820000 -0.000118 0.001473
828 17.840000 -0.000147 0.001469
829 17.860000 -0.000176 0.001433
830 17.880000 -0.000204 0.001368
831 17.900000 -0.000231 0.001281
832 17.920000 -0.000255 0.001180
833 17.940000 -0.000278 0.001073
834 17.960000 -0.000298 0.000969
835 17.980000 -0.000317 0.000876
836 18.000000 -0.000334 0.000799
837 18.020000 -0.000349 0.000743
838 18.040000 -0.000364 0.000708
839 18.060000 -0.000378 0.000693
840 18.080000 -0.000391 0.000691
841 18.100000 -0.000405 0.000694
842 18.120000 -0.000419 0.000693
843 18.140000 -0.000433 0.000679
844 18.160000 -0.000446 0.000642
845 18.180000 -0.000458 0.000575
846 18.200000 -0.000469 0.000472
847 18.220000 -0.000477 0.000328
848 18.240000 -0.000481 0.000146
849 18.260000 -0.000482 -0.000069
850 18.280000 -0.000478 -0.000310
851 18.300000 -0.000470 -0.000565
852 18.320000 -0.000456 -0.000820
853 18.340000 -0.000437 -0.001062
854 18.360000 -0.000414 -0.001278
855 18.380000 -0.000386 -0.001454
856 18.400000 -0.000356 -0.001582
857 18.420000 -0.000324 -0.001653
858 18.440000 -0.000290 -0.001664
859 18.460000 -0.000258 -0.001618
860 18.480000 -0.000226 -0.001519
861 18.500000 -0.000197 -0.001377
862 18.520000 -0.000171 -0.001204
863 18.540000 -0.000149 -0.001011
864 18.560000 -0.000131 -0.000812
865 18.580000 -0.000117 -0.000620
866 18.600000 -0.000106 -0.000446
867 18.620000 -0.000099 -0.000300
868 18.640000 -0.000094 -0.000188
869 18.660000 -0.000091 -0.000113
870 18.680000 -0.000089 -0.000072
871 18.700000 -0.000087 -0.000064
872 18.720000 -0.000086 -0.000081
873 18.740000 -0.000084 -0.000118
874 18.760000 -0.000081 -0.000164
875 18.780000 -0.000077 -0.000213
876 18.800000 -0.000073 -0.000256
877 18.820000 -0.000067 -0.000287
878 18.840000 -0.000061 -0.000300
879 18.860000 -0.000056 -0.000293
880 18.880000 -0.000050 -0.000263
881 18.900000 -0.000045 -0.000213
882 18.920000 -0.000042 -0.000145
883 18.940000 -0.000040 -0.000062
884 18.960000 -0.000039 0.000032
885 18.980000 -0.000041 0.000132
886 19.000000 -0.000045 0.000232
887 19.020000 -0.000050 0.000327
888 19.040000 -0.000058 0.000413
889 19.060000 -0.000067 0.000484
890 19.080000 -0.000077 0.000536
891 19.100000 -0.000088 0.000567
892 19.120000 -0.000099 0.000575
893 19.140000 -0.000110 0.000557
894 19.160000 -0.000121 0.000514
895 19.180000 -0.000131 0.000445
896 19.200000 -0.000139 0.000353
897 19.220000 -0.000145 0.000240
898 19.240000 -0.000148 0.000109
899 19.260000 -0.000149 -0.000033
900 19.280000 -0.000147 -0.000180
901 19.300000 -0.000142 -0.000327
902 19.320000 -0.000134 -0.000467
903 19.340000 -0.000123 -0.000593
904 19.360000 -0.000110 -0.000699
905 19.380000 -0.000095 -0.000782
906 19.400000 -0.000079 -0.000839
907 19.420000 -0.000062 -0.000868
908 19.440000 -0.000045 -0.000872
909 19.460000 -0.000028 -0.000854
910 19.480000 -0.000011 -0.000821
911 19.500000 0.000005 -0.000780
912 19.520000 0.000020 -0.000738
913 19.540000 0.000035 -0.000702
914 19.560000 0.000049 -0.000677
915 19.580000 0.000062 -0.000668
916 19.600000 0.000075 -0.000673
917 19.620000 0.000089 -0.000689
918 19.640000 0.000103 -0.000706
919 19.660000 0.000117 -0.000712
920 19.680000 0.000131 -0.000691
921 19.700000 0.000144 -0.000624
922 19.720000 0.000156 -0.000500
923 19.740000 0.000164 -0.000311
924 19.760000 0.000167 -0.000058
925 19.780000 0.000166 0.000246
926 19.800000 0.000157 0.000574
927 19.820000 0.000143 0.000880
928 19.840000 0.000123 0.001100
929 19.860000 0.000100 0.001155
930 19.880000 0.000079 0.000978
931 19.900000 0.000064 0.000550
932 19.920000 0.000059 -0.000065
933 19.940000 0.000066 -0.000685
934 19.960000 0.000083 -0.000974
935 19.980000 0.000097 -0.000407
936 20.000000 0.000083 0.001767
937 20.020000 0.000000 0.006557
