1 1.340000 469.433847 1570.943200
2 1.360000 437.989175 1444.936038
3 1.380000 409.064646 1330.639813
4 1.400000 382.426042 1226.820433
5 1.420000 357.863825 1132.388788
6 1.440000 335.190241 1046.382013
7 1.460000 314.236793 967.947382
8 1.480000 294.852037 896.328443
9 1.500000 276.899660 830.853052
10 1.520000 260.256791 770.923027
11 1.540000 244.812522 716.005186
12 1.560000 230.466611 665.623569
13 1.580000 217.128331 619.352670
14 1.600000 204.715470 576.811551
15 1.620000 193.153430 537.658691
16 1.640000 182.374449 501.587496
17 1.660000 172.316891 468.322360
18 1.680000 162.924635 437.615215
19 1.700000 154.146523 409.242495
20 1.720000 145.935865 383.002468
21 1.740000 138.250007 358.712884
22 1.760000 131.049942 336.208903
23 1.780000 124.299956 315.341256
24 1.800000 117.967322 295.974627
25 1.820000 112.022022 277.986211
26 1.840000 106.436489 261.264436
27 1.860000 101.185393 245.707836
28 1.880000 96.245428 231.224032
29 1.900000 91.595139 217.728840
30 1.920000 87.214754 205.145468
31 1.940000 83.086037 193.403794
32 1.960000 79.192153 182.439733
33 1.980000 75.517550 172.194660
34 2.000000 72.047849 162.614897
35 2.020000 68.769743 153.651250
36 2.040000 65.670910 145.258597
37 2.060000 62.739930 137.395517
38 2.080000 59.966211 130.023952
39 2.100000 57.339924 123.108907
40 2.120000 54.851938 116.618176
41 2.140000 52.493766 110.522099
42 2.160000 50.257516 104.793337
43 2.180000 48.135841 99.406672
44 2.200000 46.121900 94.338827
45 2.220000 44.209315 89.568297
46 2.240000 42.392141 85.075204
47 2.260000 40.664829 80.841158
48 2.280000 39.022198 76.849135
49 2.300000 37.459407 73.083366
50 2.320000 35.971932 69.529231
51 2.340000 34.555539 66.173172
52 2.360000 33.206267 63.002600
53 2.380000 31.920407 60.005828
54 2.400000 30.694483 57.171991
55 2.420000 29.525235 54.490987
56 2.440000 28.409607 51.953415
57 2.460000 27.344730 49.550523
58 2.480000 26.327912 47.274158
59 2.500000 25.356621 45.116720
60 2.520000 24.428478 43.071122
61 2.540000 23.541248 41.130749
62 2.560000 22.692825 39.289425
63 2.580000 21.881228 37.541383
64 2.600000 21.104592 35.881230
65 2.620000 20.361160 34.303923
66 2.640000 19.649273 32.804745
67 2.660000 18.967370 31.379278
68 2.680000 18.313976 30.023388
69 2.700000 17.687701 28.733198
70 2.720000 17.087228 27.505073
71 2.740000 16.511319 26.335607
72 2.760000 15.958799 25.221601
73 2.780000 15.428559 24.160052
74 2.800000 14.919549 23.148141
75 2.820000 14.430779 22.183217
76 2.840000 13.961306 21.262790
77 2.860000 13.510242 20.384516
78 2.880000 13.076744 19.546191
79 2.900000 12.660012 18.745741
80 2.920000 12.259289 17.981210
81 2.940000 11.873857 17.250759
82 2.960000 11.503033 16.552652
83 2.980000 11.146172 15.885254
84 3.000000 10.802659 15.247022
85 3.020000 10.894726 36.976231
86 3.040000 10.249264 27.569947
87 3.060000 9.762472 21.109254
88 3.080000 9.383433 16.794663
89 3.100000 9.075561 13.992516
90 3.120000 8.813486 12.215008
91 3.140000 8.580334 11.100199
92 3.160000 8.365412 10.392032
93 3.180000 8.162288 9.920348
94 3.200000 7.967275 9.580902
95 3.220000 7.778313 9.315379
96 3.240000 7.594243 9.091573
97 3.260000 7.414450 8.887766
98 3.280000 7.238694 8.687783
99 3.300000 7.067014 8.480249
100 3.320000 6.899631 8.258006
101 3.340000 6.736876 8.017535
102 3.360000 6.579117 7.758370
103 3.380000 6.426708 7.482520
104 3.400000 6.279944 7.193888
105 3.420000 6.139028 6.897688
106 3.440000 6.004053 6.599868
107 3.460000 5.874988 6.306613
108 3.480000 5.751681 6.024066
109 3.500000 5.633859 5.758124
110 3.520000 5.521135 5.514244
111 3.540000 5.413020 5.297244
112 3.560000 5.308937 5.111110
113 3.580000 5.208238 4.958794
114 3.600000 5.110230 4.842025
115 3.620000 5.014198 4.761103
116 3.640000 4.919440 4.714714
117 3.660000 4.825295 4.699853
118 3.680000 4.731176 4.712049
119 3.700000 4.636598 4.745707
120 3.720000 4.541196 4.794455
121 3.740000 4.444737 4.851489
122 3.760000 4.347123 4.909923
123 3.780000 4.248392 4.963134
124 3.800000 4.148710 5.005108
125 3.820000 4.048351 5.030789
126 3.840000 3.947679 5.036418
127 3.860000 3.847117 5.019759
128 3.880000 3.747119 4.980012
129 3.900000 3.648143 4.917614
130 3.920000 3.550627 4.834028
131 3.940000 3.454971 4.731536
132 3.960000 3.361525 4.613035
133 3.980000 3.270577 4.481823
134 4.000000 3.182345 4.341398
135 4.020000 3.096978 4.195245
136 4.040000 3.014559 4.046633
137 4.060000 2.935108 3.898459
138 4.080000 2.858592 3.753209
139 4.100000 2.784930 3.612978
140 4.120000 2.714005 3.479481
141 4.140000 2.645670 3.354073
142 4.160000 2.579751 3.237762
143 4.180000 2.516061 3.131228
144 4.200000 2.454401 3.034836
145 4.220000 2.394566 2.948655
146 4.240000 2.336355 2.872472
147 4.260000 2.279572 2.805815
148 4.280000 2.224034 2.747992
149 4.300000 2.169572 2.698133
150 4.320000 2.116039 2.655232
151 4.340000 2.063305 2.618194
152 4.360000 2.011264 2.585876
153 4.380000 1.959834 2.557132
154 4.400000 1.908954 2.530858
155 4.420000 1.858585 2.506030
156 4.440000 1.808707 2.481756
157 4.460000 1.759317 2.457297
158 4.480000 1.710423 2.432073
159 4.500000 1.662046 2.405642
160 4.520000 1.614212 2.377690
161 4.540000 1.566955 2.348012
162 4.560000 1.520310 2.316498
163 4.580000 1.474314 2.283117
164 4.600000 1.429004 2.247905
165 4.620000 1.384415 2.210946
166 4.640000 1.340582 2.172357
167 4.660000 1.297536 2.132278
168 4.680000 1.255305 2.090867
169 4.700000 1.213913 2.048297
170 4.720000 1.173382 2.004752
171 4.740000 1.133731 1.960430
172 4.760000 1.094971 1.915538
173 4.780000 1.057113 1.870290
174 4.800000 1.020161 1.824908
175 4.820000 0.984115 1.779616
176 4.840000 0.948973 1.734642
177 4.860000 0.914724 1.690213
178 4.880000 0.881357 1.646552
179 4.900000 0.848852 1.603877
180 4.920000 0.817190 1.562394
181 4.940000 0.786343 1.522292
182 4.960000 0.756282 1.483745
183 4.980000 0.726976 1.446902
184 5.000000 0.698388 1.411886
185 5.020000 0.670481 1.378791
186 5.040000 0.643217 1.347676
187 5.060000 0.616554 1.318562
188 5.080000 0.590454 1.291436
189 5.100000 0.564877 1.266247
190 5.120000 0.539786 1.242909
191 5.140000 0.515144 1.221304
192 5.160000 0.490918 1.201277
193 5.180000 0.467079 1.182646
194 5.200000 0.443600 1.165195
195 5.220000 0.420462 1.148677
196 5.240000 0.397647 1.132819
197 5.260000 0.375145 1.117319
198 5.280000 0.352953 1.101860
199 5.300000 0.331074 1.086117
200 5.320000 0.309515 1.069770
201 5.340000 0.288292 1.052515
202 5.360000 0.267426 1.034073
203 5.380000 0.246943 1.014202
204 5.400000 0.226874 0.992706
205 5.420000 0.207253 0.969450
206 5.440000 0.188114 0.944368
207 5.460000 0.169496 0.917467
208 5.480000 0.151433 0.888825
209 5.500000 0.133959 0.858580
210 5.520000 0.117104 0.826921
211 5.540000 0.100894 0.794073
212 5.560000 0.085351 0.760294
213 5.580000 0.070489 0.725861
214 5.600000 0.056320 0.691058
215 5.620000 0.042847 0.656171
216 5.640000 0.030071 0.621472
217 5.660000 0.017984 0.587218
218 5.680000 0.006576 0.553640
219 5.700000 -0.004170 0.520950
220 5.720000 -0.014273 0.489335
221 5.740000 -0.023756 0.458957
222 5.760000 -0.032645 0.429954
223 5.780000 -0.040969 0.402437
224 5.800000 -0.048758 0.376492
225 5.820000 -0.056045 0.352177
226 5.840000 -0.062862 0.329521
227 5.860000 -0.069243 0.308525
228 5.880000 -0.075219 0.289165
229 5.900000 -0.080825 0.271394
230 5.920000 -0.086090 0.255146
231 5.940000 -0.091045 0.240340
232 5.960000 -0.095717 0.226880
233 5.980000 -0.100133 0.214664
234 6.000000 -0.104315 0.203582
235 6.020000 -0.108286 0.193521
236 6.040000 -0.112065 0.184370
237 6.060000 -0.115669 0.176022
238 6.080000 -0.119113 0.168371
239 6.100000 -0.122410 0.161320
240 6.120000 -0.125571 0.154774
241 6.140000 -0.128605 0.148648
242 6.160000 -0.131520 0.142858
243 6.180000 -0.134322 0.137331
244 6.200000 -0.137015 0.132000
245 6.220000 -0.139604 0.126805
246 6.240000 -0.142089 0.121696
247 6.260000 -0.144472 0.116630
248 6.280000 -0.146754 0.111573
249 6.300000 -0.148935 0.106498
250 6.320000 -0.151013 0.101385
251 6.340000 -0.152989 0.096222
252 6.360000 -0.154862 0.091000
253 6.380000 -0.156629 0.085718
254 6.400000 -0.158290 0.080378
255 6.420000 -0.159843 0.074988
256 6.440000 -0.161289 0.069558
257 6.460000 -0.162626 0.064102
258 6.480000 -0.163853 0.058637
259 6.500000 -0.164971 0.053182
260 6.520000 -0.165981 0.047760
261 6.540000 -0.166882 0.042397
262 6.560000 -0.167677 0.037120
263 6.580000 -0.168368 0.031960
264 6.600000 -0.168957 0.026951
265 6.620000 -0.169448 0.022128
266 6.640000 -0.169845 0.017531
267 6.660000 -0.170152 0.013199
268 6.680000 -0.170376 0.009173
269 6.700000 -0.170522 0.005495
270 6.720000 -0.170599 0.002204
271 6.740000 -0.170615 -0.000665
272 6.760000 -0.170577 -0.003082
273 6.780000 -0.170496 -0.005022
274 6.800000 -0.170381 -0.006468
275 6.820000 -0.170242 -0.007413
276 6.840000 -0.170090 -0.007861
277 6.860000 -0.169933 -0.007825
278 6.880000 -0.169781 -0.007331
279 6.900000 -0.169644 -0.006413
280 6.920000 -0.169529 -0.005111
281 6.940000 -0.169443 -0.003469
282 6.960000 -0.169393 -0.001537
283 6.980000 -0.169384 0.000635
284 7.000000 -0.169420 0.002998
285 7.020000 -0.169505 0.005504
286 7.040000 -0.169641 0.008110
287 7.060000 -0.169830 0.010776
288 7.080000 -0.170072 0.013469
289 7.100000 -0.170369 0.016161
290 7.120000 -0.170719 0.018828
291 7.140000 -0.171121 0.021449
292 7.160000 -0.171576 0.024008
293 7.180000 -0.172081 0.026493
294 7.200000 -0.172635 0.028894
295 7.220000 -0.173236 0.031202
296 7.240000 -0.173882 0.033414
297 7.260000 -0.174571 0.035525
298 7.280000 -0.175302 0.037534
299 7.300000 -0.176072 0.039440
300 7.320000 -0.176879 0.041240
301 7.340000 -0.177720 0.042935
302 7.360000 -0.178595 0.044522
303 7.380000 -0.179500 0.045998
304 7.400000 -0.180434 0.047356
305 7.420000 -0.181393 0.048591
306 7.440000 -0.182376 0.049691
307 7.460000 -0.183379 0.050643
308 7.480000 -0.184400 0.051431
309 7.500000 -0.185435 0.052039
310 7.520000 -0.186480 0.052450
311 7.540000 -0.187531 0.052648
312 7.560000 -0.188583 0.052620
313 7.580000 -0.189633 0.052357
314 7.600000 -0.190675 0.051853
315 7.620000 -0.191705 0.051111
316 7.640000 -0.192717 0.050137
317 7.660000 -0.193708 0.048947
318 7.680000 -0.194673 0.047563
319 7.700000 -0.195609 0.046012
320 7.720000 -0.196512 0.044321
321 7.740000 -0.197381 0.042521
322 7.760000 -0.198212 0.040641
323 7.780000 -0.199006 0.038707
324 7.800000 -0.199760 0.036739
325 7.820000 -0.200475 0.034752
326 7.840000 -0.201150 0.032754
327 7.860000 -0.201785 0.030741
328 7.880000 -0.202380 0.028703
329 7.900000 -0.202933 0.026622
330 7.920000 -0.203444 0.024479
331 7.940000 -0.203911 0.022251
332 7.960000 -0.204333 0.019916
333 7.980000 -0.204707 0.017455
334 8.000000 -0.205030 0.014852
335 8.020000 -0.205299 0.012099
336 8.040000 -0.205512 0.009196
337 8.060000 -0.205666 0.006154
338 8.080000 -0.205757 0.002991
339 8.100000 -0.205784 -0.000267
340 8.120000 -0.205746 -0.003590
341 8.140000 -0.205640 -0.006945
342 8.160000 -0.205468 -0.010297
343 8.180000 -0.205229 -0.013615
344 8.200000 -0.204924 -0.016868
345 8.220000 -0.204555 -0.020033
346 8.240000 -0.204124 -0.023093
347 8.260000 -0.203632 -0.026041
348 8.280000 -0.203083 -0.028875
349 8.300000 -0.202478 -0.031602
350 8.320000 -0.201820 -0.034233
351 8.340000 -0.201110 -0.036783
352 8.360000 -0.200349 -0.039269
353 8.380000 -0.199540 -0.041707
354 8.400000 -0.198681 -0.044114
355 8.420000 -0.197775 -0.046504
356 8.440000 -0.196821 -0.048888
357 8.460000 -0.195820 -0.051270
358 8.480000 -0.194771 -0.053652
359 8.500000 -0.193674 -0.056030
360 8.520000 -0.192529 -0.058400
361 8.540000 -0.191338 -0.060752
362 8.560000 -0.190100 -0.063077
363 8.580000 -0.188815 -0.065363
364 8.600000 -0.187486 -0.067599
365 8.620000 -0.186112 -0.069775
366 8.640000 -0.184695 -0.071880
367 8.660000 -0.183237 -0.073908
368 8.680000 -0.181740 -0.075850
369 8.700000 -0.180204 -0.077705
370 8.720000 -0.178632 -0.079467
371 8.740000 -0.177026 -0.081137
372 8.760000 -0.175388 -0.082713
373 8.780000 -0.173719 -0.084198
374 8.800000 -0.172021 -0.085593
375 8.820000 -0.170296 -0.086903
376 8.840000 -0.168546 -0.088130
377 8.860000 -0.166772 -0.089281
378 8.880000 -0.164975 -0.090360
379 8.900000 -0.163158 -0.091375
380 8.920000 -0.161321 -0.092329
381 8.940000 -0.159465 -0.093230
382 8.960000 -0.157592 -0.094080
383 8.980000 -0.155702 -0.094885
384 9.000000 -0.153797 -0.095647
385 9.020000 -0.151877 -0.096365
386 9.040000 -0.149943 -0.097040
387 9.060000 -0.147996 -0.097669
388 9.080000 -0.146037 -0.098246
389 9.100000 -0.144067 -0.098766
390 9.120000 -0.142087 -0.099222
391 9.140000 -0.140098 -0.099608
392 9.160000 -0.138103 -0.099917
393 9.180000 -0.136103 -0.100143
394 9.200000 -0.134098 -0.100283
395 9.220000 -0.132092 -0.100334
396 9.240000 -0.130086 -0.100295
397 9.260000 -0.128081 -0.100169
398 9.280000 -0.126080 -0.099960
399 9.300000 -0.124084 -0.099674
400 9.320000 -0.122094 -0.099318
401 9.340000 -0.120111 -0.098901
402 9.360000 -0.118138 -0.098429
403 9.380000 -0.116175 -0.097910
404 9.400000 -0.114222 -0.097350
405 9.420000 -0.112281 -0.096753
406 9.440000 -0.110352 -0.096121
407 9.460000 -0.108437 -0.095454
408 9.480000 -0.106535 -0.094749
409 9.500000 -0.104647 -0.094002
410 9.520000 -0.102775 -0.093207
411 9.540000 -0.100919 -0.092359
412 9.560000 -0.099081 -0.091454
413 9.580000 -0.097262 -0.090486
414 9.600000 -0.095462 -0.089453
415 9.620000 -0.093684 -0.088355
416 9.640000 -0.091929 -0.087194
417 9.660000 -0.090197 -0.085975
418 9.680000 -0.088490 -0.084706
419 9.700000 -0.086809 -0.083398
420 9.720000 -0.085155 -0.082061
421 9.740000 -0.083527 -0.080709
422 9.760000 -0.081926 -0.079352
423 9.780000 -0.080353 -0.078003
424 9.800000 -0.078806 -0.076670
425 9.820000 -0.077286 -0.075362
426 9.840000 -0.075791 -0.074084
427 9.860000 -0.074322 -0.072836
428 9.880000 -0.072878 -0.071618
429 9.900000 -0.071457 -0.070426
430 9.920000 -0.070060 -0.069255
431 9.940000 -0.068687 -0.068098
432 9.960000 -0.067336 -0.066949
433 9.980000 -0.066009 -0.065800
434 10.000000 -0.064704 -0.064647
435 10.020000 -0.063423 -0.063486
436 10.040000 -0.062165 -0.062314
437 10.060000 -0.060931 -0.061131
438 10.080000 -0.059720 -0.059941
439 10.100000 -0.058533 -0.058749
440 10.120000 -0.057370 -0.057559
441 10.140000 -0.056231 -0.056377
442 10.160000 -0.055115 -0.055212
443 10.180000 -0.054022 -0.054068
444 10.200000 -0.052952 -0.052952
445 10.220000 -0.051903 -0.051867
446 10.240000 -0.050877 -0.050816
447 10.260000 -0.049870 -0.049798
448 10.280000 -0.048884 -0.048811
449 10.300000 -0.047918 -0.047853
450 10.320000 -0.046970 -0.046919
451 10.340000 -0.046041 -0.046003
452 10.360000 -0.045130 -0.045100
453 10.380000 -0.044237 -0.044206
454 10.400000 -0.043362 -0.043315
455 10.420000 -0.042504 -0.042425
456 10.440000 -0.041665 -0.041533
457 10.460000 -0.040843 -0.040639
458 10.480000 -0.040039 -0.039746
459 10.500000 -0.039253 -0.038856
460 10.520000 -0.038485 -0.037972
461 10.540000 -0.037734 -0.037099
462 10.560000 -0.037001 -0.036241
463 10.580000 -0.036284 -0.035400
464 10.600000 -0.035584 -0.034581
465 10.620000 -0.034901 -0.033785
466 10.640000 -0.034233 -0.033012
467 10.660000 -0.033580 -0.032261
468 10.680000 -0.032942 -0.031529
469 10.700000 -0.032319 -0.030813
470 10.720000 -0.031709 -0.030107
471 10.740000 -0.031114 -0.029408
472 10.760000 -0.030533 -0.028711
473 10.780000 -0.029966 -0.028014
474 10.800000 -0.029413 -0.027313
475 10.820000 -0.028873 -0.026610
476 10.840000 -0.028348 -0.025905
477 10.860000 -0.027837 -0.025205
478 10.880000 -0.027340 -0.024513
479 10.900000 -0.026856 -0.023840
480 10.920000 -0.026386 -0.023191
481 10.940000 -0.025928 -0.022577
482 10.960000 -0.025483 -0.022002
483 10.980000 -0.025048 -0.021474
484 11.000000 -0.024623 -0.020995
485 11.020000 -0.024208 -0.020565
486 11.040000 -0.023800 -0.020182
487 11.060000 -0.023400 -0.019837
488 11.080000 -0.023006 -0.019520
489 11.100000 -0.022619 -0.019218
490 11.120000 -0.022238 -0.018916
491 11.140000 -0.021862 -0.018601
492 11.160000 -0.021494 -0.018260
493 11.180000 -0.021132 -0.017881
494 11.200000 -0.020779 -0.017456
495 11.220000 -0.020435 -0.016983
496 11.240000 -0.020100 -0.016463
497 11.260000 -0.019777 -0.015904
498 11.280000 -0.019464 -0.015319
499 11.300000 -0.019164 -0.014725
500 11.320000 -0.018875 -0.014140
501 11.340000 -0.018598 -0.013586
502 11.360000 -0.018331 -0.013081
503 11.380000 -0.018074 -0.012646
504 11.400000 -0.017825 -0.012294
505 11.420000 -0.017581 -0.012037
506 11.440000 -0.017342 -0.011880
507 11.460000 -0.017105 -0.011823
508 11.480000 -0.016868 -0.011859
509 11.500000 -0.016630 -0.011976
510 11.520000 -0.016389 -0.012159
511 11.540000 -0.016143 -0.012393
512 11.560000 -0.015893 -0.012659
513 11.580000 -0.015637 -0.012940
514 11.600000 -0.015375 -0.013221
515 11.620000 -0.015108 -0.013490
516 11.640000 -0.014836 -0.013737
517 11.660000 -0.014559 -0.013960
518 11.680000 -0.014277 -0.014158
519 11.700000 -0.013992 -0.014337
520 11.720000 -0.013704 -0.014502
521 11.740000 -0.013412 -0.014661
522 11.760000 -0.013118 -0.014823
523 11.780000 -0.012819 -0.014995
524 11.800000 -0.012518 -0.015183
525 11.820000 -0.012212 -0.015390
526 11.840000 -0.011902 -0.015616
527 11.860000 -0.011587 -0.015856
528 11.880000 -0.011267 -0.016102
529 11.900000 -0.010943 -0.016343
530 11.920000 -0.010614 -0.016566
531 11.940000 -0.010281 -0.016759
532 11.960000 -0.009944 -0.016907
533 11.980000 -0.009605 -0.016999
534 12.000000 -0.009265 -0.017026
535 12.020000 -0.008925 -0.016981
536 12.040000 -0.008586 -0.016861
537 12.060000 -0.008251 -0.016670
538 12.080000 -0.007920 -0.016413
539 12.100000 -0.007595 -0.016101
540 12.120000 -0.007276 -0.015747
541 12.140000 -0.006965 -0.015365
542 12.160000 -0.006662 -0.014971
543 12.180000 -0.006366 -0.014580
544 12.200000 -0.006079 -0.014206
545 12.220000 -0.005798 -0.013863
546 12.240000 -0.005524 -0.013559
547 12.260000 -0.005255 -0.013303
548 12.280000 -0.004991 -0.013098
549 12.300000 -0.004731 -0.012945
550 12.320000 -0.004473 -0.012843
551 12.340000 -0.004216 -0.012787
552 12.360000 -0.003961 -0.012771
553 12.380000 -0.003705 -0.012787
554 12.400000 -0.003449 -0.012825
555 12.420000 -0.003192 -0.012875
556 12.440000 -0.002934 -0.012925
557 12.460000 -0.002675 -0.012961
558 12.480000 -0.002416 -0.012973
559 12.500000 -0.002157 -0.012946
560 12.520000 -0.001899 -0.012871
561 12.540000 -0.001643 -0.012738
562 12.560000 -0.001390 -0.012540
563 12.580000 -0.001142 -0.012274
564 12.600000 -0.000899 -0.011940
565 12.620000 -0.000665 -0.011542
566 12.640000 -0.000438 -0.011090
567 12.660000 -0.000221 -0.010600
568 12.680000 -0.000015 -0.010088
569 12.700000 0.000182 -0.009578
570 12.720000 0.000369 -0.009090
571 12.740000 0.000546 -0.008647
572 12.760000 0.000715 -0.008267
573 12.780000 0.000878 -0.007966
574 12.800000 0.001035 -0.007753
575 12.820000 0.001189 -0.007630
576 12.840000 0.001341 -0.007591
577 12.860000 0.001493 -0.007620
578 12.880000 0.001646 -0.007694
579 12.900000 0.001801 -0.007784
580 12.920000 0.001957 -0.007858
581 12.940000 0.002115 -0.007883
582 12.960000 0.002272 -0.007830
583 12.980000 0.002427 -0.007675
584 13.000000 0.002578 -0.007398
585 13.020000 0.002722 -0.006992
586 13.040000 0.002856 -0.006461
587 13.060000 0.002979 -0.005822
588 13.080000 0.003088 -0.005105
589 13.100000 0.003183 -0.004346
590 13.120000 0.003262 -0.003589
591 13.140000 0.003327 -0.002876
592 13.160000 0.003378 -0.002249
593 13.180000 0.003418 -0.001747
594 13.200000 0.003449 -0.001396
595 13.220000 0.003475 -0.001216
596 13.240000 0.003500 -0.001207
597 13.260000 0.003525 -0.001355
598 13.280000 0.003555 -0.001633
599 13.300000 0.003591 -0.002000
600 13.320000 0.003636 -0.002410
601 13.340000 0.003688 -0.002814
602 13.360000 0.003748 -0.003160
603 13.380000 0.003813 -0.003404
604 13.400000 0.003882 -0.003508
605 13.420000 0.003952 -0.003445
606 13.440000 0.004018 -0.003203
607 13.460000 0.004078 -0.002788
608 13.480000 0.004128 -0.002220
609 13.500000 0.004166 -0.001532
610 13.520000 0.004189 -0.000765
611 13.540000 0.004196 0.000035
612 13.560000 0.004188 0.000822
613 13.580000 0.004164 0.001550
614 13.600000 0.004126 0.002180
615 13.620000 0.004078 0.002681
616 13.640000 0.004021 0.003035
617 13.660000 0.003958 0.003238
618 13.680000 0.003893 0.003300
619 13.700000 0.003827 0.003241
620 13.720000 0.003764 0.003089
621 13.740000 0.003704 0.002875
622 13.760000 0.003649 0.002635
623 13.780000 0.003599 0.002403
624 13.800000 0.003553 0.002209
625 13.820000 0.003510 0.002080
626 13.840000 0.003469 0.002030
627 13.860000 0.003428 0.002065
628 13.880000 0.003385 0.002181
629 13.900000 0.003340 0.002367
630 13.920000 0.003290 0.002606
631 13.940000 0.003235 0.002877
632 13.960000 0.003175 0.003157
633 13.980000 0.003109 0.003425
634 14.000000 0.003038 0.003662
635 14.020000 0.002963 0.003851
636 14.040000 0.002885 0.003985
637 14.060000 0.002804 0.004061
638 14.080000 0.002723 0.004086
639 14.100000 0.002641 0.004069
640 14.120000 0.002560 0.004026
641 14.140000 0.002480 0.003972
642 14.160000 0.002401 0.003923
643 14.180000 0.002323 0.003896
644 14.200000 0.002245 0.003902
645 14.220000 0.002167 0.003950
646 14.240000 0.002087 0.004041
647 14.260000 0.002005 0.004172
648 14.280000 0.001920 0.004331
649 14.300000 0.001831 0.004504
650 14.320000 0.001739 0.004673
651 14.340000 0.001645 0.004821
652 14.360000 0.001547 0.004928
653 14.380000 0.001448 0.004979
654 14.400000 0.001349 0.004963
655 14.420000 0.001250 0.004874
656 14.440000 0.001154 0.004713
657 14.460000 0.001062 0.004490
658 14.480000 0.000975 0.004219
659 14.500000 0.000894 0.003923
660 14.520000 0.000818 0.003626
661 14.540000 0.000748 0.003351
662 14.560000 0.000684 0.003125
663 14.580000 0.000623 0.002966
664 14.600000 0.000564 0.002892
665 14.620000 0.000506 0.002912
666 14.640000 0.000447 0.003025
667 14.660000 0.000384 0.003223
668 14.680000 0.000317 0.003487
669 14.700000 0.000244 0.003793
670 14.720000 0.000165 0.004112
671 14.740000 0.000080 0.004413
672 14.760000 -0.000011 0.004667
673 14.780000 -0.000106 0.004845
674 14.800000 -0.000203 0.004924
675 14.820000 -0.000302 0.004889
676 14.840000 -0.000398 0.004733
677 14.860000 -0.000490 0.004459
678 14.880000 -0.000575 0.004082
679 14.900000 -0.000652 0.003621
680 14.920000 -0.000719 0.003103
681 14.940000 -0.000776 0.002556
682 14.960000 -0.000822 0.002010
683 14.980000 -0.000857 0.001495
684 15.000000 -0.000882 0.001037
685 15.020000 -0.000899 0.000656
686 15.040000 -0.000909 0.000366
687 15.060000 -0.000915 0.000171
688 15.080000 -0.000917 0.000070
689 15.100000 -0.000918 0.000053
690 15.120000 -0.000920 0.000107
691 15.140000 -0.000923 0.000214
692 15.160000 -0.000929 0.000356
693 15.180000 -0.000937 0.000513
694 15.200000 -0.000949 0.000668
695 15.220000 -0.000964 0.000807
696 15.240000 -0.000981 0.000919
697 15.260000 -0.001000 0.001000
698 15.280000 -0.001021 0.001048
699 15.300000 -0.001042 0.001067
700 15.320000 -0.001063 0.001065
701 15.340000 -0.001085 0.001049
702 15.360000 -0.001105 0.001029
703 15.380000 -0.001126 0.001012
704 15.400000 -0.001146 0.001007
705 15.420000 -0.001166 0.001018
706 15.440000 -0.001187 0.001047
707 15.460000 -0.001208 0.001092
708 15.480000 -0.001231 0.001145
709 15.500000 -0.001254 0.001200
710 15.520000 -0.001278 0.001244
711 15.540000 -0.001304 0.001269
712 15.560000 -0.001329 0.001263
713 15.580000 -0.001354 0.001216
714 15.600000 -0.001377 0.001121
715 15.620000 -0.001398 0.000974
716 15.640000 -0.001415 0.000775
717 15.660000 -0.001429 0.000528
718 15.680000 -0.001436 0.000241
719 15.700000 -0.001438 -0.000075
720 15.720000 -0.001433 -0.000406
721 15.740000 -0.001422 -0.000738
722 15.760000 -0.001404 -0.001056
723 15.780000 -0.001380 -0.001346
724 15.800000 -0.001350 -0.001596
725 15.820000 -0.001316 -0.001796
726 15.840000 -0.001279 -0.001940
727 15.860000 -0.001239 -0.002026
728 15.880000 -0.001198 -0.002058
729 15.900000 -0.001157 -0.002038
730 15.920000 -0.001117 -0.001976
731 15.940000 -0.001079 -0.001879
732 15.960000 -0.001042 -0.001759
733 15.980000 -0.001009 -0.001624
734 16.000000 -0.000977 -0.001486
735 16.020000 -0.000949 -0.001351
736 16.040000 -0.000923 -0.001226
737 16.060000 -0.000900 -0.001114
738 16.080000 -0.000879 -0.001017
739 16.100000 -0.000859 -0.000935
740 16.120000 -0.000841 -0.000864
741 16.140000 -0.000824 -0.000802
742 16.160000 -0.000809 -0.000745
743 16.180000 -0.000795 -0.000689
744 16.200000 -0.000781 -0.000630
745 16.220000 -0.000770 -0.000565
746 16.240000 -0.000759 -0.000492
747 16.260000 -0.000750 -0.000410
748 16.280000 -0.000743 -0.000321
749 16.300000 -0.000737 -0.000225
750 16.320000 -0.000734 -0.000126
751 16.340000 -0.000732 -0.000027
752 16.360000 -0.000733 0.000069
753 16.380000 -0.000735 0.000159
754 16.400000 -0.000739 0.000238
755 16.420000 -0.000744 0.000304
756 16.440000 -0.000751 0.000354
757 16.460000 -0.000758 0.000387
758 16.480000 -0.000766 0.000402
759 16.500000 -0.000774 0.000400
760 16.520000 -0.000782 0.000381
761 16.540000 -0.000789 0.000346
762 16.560000 -0.000796 0.000298
763 16.580000 -0.000801 0.000240
764 16.600000 -0.000805 0.000173
765 16.620000 -0.000808 0.000102
766 16.640000 -0.000809 0.000031
767 16.660000 -0.000809 -0.000037
768 16.680000 -0.000808 -0.000098
769 16.700000 -0.000805 -0.000148
770 16.720000 -0.000802 -0.000183
771 16.740000 -0.000798 -0.000199
772 16.760000 -0.000794 -0.000193
773 16.780000 -0.000791 -0.000164
774 16.800000 -0.000788 -0.000111
775 16.820000 -0.000787 -0.000032
776 16.840000 -0.000787 0.000071
777 16.860000 -0.000790 0.000197
778 16.880000 -0.000795 0.000341
779 16.900000 -0.000803 0.000500
780 16.920000 -0.000815 0.000670
781 16.940000 -0.000830 0.000844
782 16.960000 -0.000849 0.001017
783 16.980000 -0.000871 0.001185
784 17.000000 -0.000896 0.001340
785 17.020000 -0.000924 0.001479
786 17.040000 -0.000955 0.001597
787 17.060000 -0.000988 0.001690
788 17.080000 -0.001022 0.001755
789 17.100000 -0.001058 0.001791
790 17.120000 -0.001094 0.001795
791 17.140000 -0.001129 0.001768
792 17.160000 -0.001164 0.001710
793 17.180000 -0.001197 0.001623
794 17.200000 -0.001229 0.001509
795 17.220000 -0.001258 0.001373
796 17.240000 -0.001284 0.001218
797 17.260000 -0.001306 0.001050
798 17.280000 -0.001325 0.000875
799 17.300000 -0.001341 0.000700
800 17.320000 -0.001353 0.000531
801 17.340000 -0.001363 0.000376
802 17.360000 -0.001369 0.000239
803 17.380000 -0.001372 0.000127
804 17.400000 -0.001374 0.000043
805 17.420000 -0.001374 -0.000012
806 17.440000 -0.001374 -0.000035
807 17.460000 -0.001373 -0.000029
808 17.480000 -0.001373 0.000003
809 17.500000 -0.001374 0.000056
810 17.520000 -0.001375 0.000125
811 17.540000 -0.001379 0.000204
812 17.560000 -0.001384 0.000285
813 17.580000 -0.001390 0.000363
814 17.600000 -0.001398 0.000431
815 17.620000 -0.001407 0.000485
816 17.640000 -0.001417 0.000520
817 17.660000 -0.001428 0.000535
818 17.680000 -0.001438 0.000527
819 17.700000 -0.001449 0.000499
820 17.720000 -0.001458 0.000450
821 17.740000 -0.001466 0.000383
822 17.760000 -0.001473 0.000302
823 17.780000 -0.001478 0.000210
824 17.800000 -0.001482 0.000110
825 17.820000 -0.001483 0.000006
826 17.840000 -0.001482 -0.000097
827 17.860000 -0.001479 -0.000197
828 17.880000 -0.001474 -0.000289
829 17.900000 -0.001467 -0.000372
830 17.920000 -0.001459 -0.000442
831 17.940000 -0.001450 -0.000499
832 17.960000 -0.001440 -0.000542
833 17.980000 -0.001428 -0.000570
834 18.000000 -0.001417 -0.000585
835 18.020000 -0.001405 -0.000590
836 18.040000 -0.001393 -0.000588
837 18.060000 -0.001382 -0.000583
838 18.080000 -0.001370 -0.000581
839 18.100000 -0.001358 -0.000589
840 18.120000 -0.001346 -0.000611
841 18.140000 -0.001334 -0.000654
842 18.160000 -0.001320 -0.000720
843 18.180000 -0.001305 -0.000813
844 18.200000 -0.001287 -0.000932
845 18.220000 -0.001267 -0.001075
846 18.240000 -0.001244 -0.001235
847 18.260000 -0.001218 -0.001405
848 18.280000 -0.001188 -0.001572
849 18.300000 -0.001155 -0.001722
850 18.320000 -0.001119 -0.001843
851 18.340000 -0.001082 -0.001920
852 18.360000 -0.001043 -0.001943
853 18.380000 -0.001004 -0.001901
854 18.400000 -0.000968 -0.001790
855 18.420000 -0.000934 -0.001607
856 18.440000 -0.000904 -0.001360
857 18.460000 -0.000880 -0.001057
858 18.480000 -0.000862 -0.000716
859 18.500000 -0.000851 -0.000357
860 18.520000 -0.000848 -0.000001
861 18.540000 -0.000851 0.000328
862 18.560000 -0.000860 0.000609
863 18.580000 -0.000875 0.000822
864 18.600000 -0.000892 0.000951
865 18.620000 -0.000912 0.000986
866 18.640000 -0.000931 0.000924
867 18.660000 -0.000948 0.000770
868 18.680000 -0.000961 0.000534
869 18.700000 -0.000969 0.000234
870 18.720000 -0.000970 -0.000110
871 18.740000 -0.000964 -0.000474
872 18.760000 -0.000951 -0.000835
873 18.780000 -0.000931 -0.001169
874 18.800000 -0.000905 -0.001456
875 18.820000 -0.000873 -0.001679
876 18.840000 -0.000838 -0.001827
877 18.860000 -0.000801 -0.001894
878 18.880000 -0.000763 -0.001882
879 18.900000 -0.000726 -0.001795
880 18.920000 -0.000692 -0.001644
881 18.940000 -0.000661 -0.001442
882 18.960000 -0.000635 -0.001204
883 18.980000 -0.000613 -0.000944
884 19.000000 -0.000597 -0.000680
885 19.020000 -0.000586 -0.000427
886 19.040000 -0.000580 -0.000197
887 19.060000 -0.000578 -0.000000
888 19.080000 -0.000579 0.000154
889 19.100000 -0.000583 0.000262
890 19.120000 -0.000589 0.000320
891 19.140000 -0.000596 0.000328
892 19.160000 -0.000602 0.000286
893 19.180000 -0.000607 0.000199
894 19.200000 -0.000609 0.000070
895 19.220000 -0.000609 -0.000093
896 19.240000 -0.000605 -0.000284
897 19.260000 -0.000598 -0.000495
898 19.280000 -0.000585 -0.000715
899 19.300000 -0.000569 -0.000935
900 19.320000 -0.000548 -0.001146
901 19.340000 -0.000523 -0.001339
902 19.360000 -0.000495 -0.001506
903 19.380000 -0.000463 -0.001638
904 19.400000 -0.000430 -0.001732
905 19.420000 -0.000395 -0.001782
906 19.440000 -0.000359 -0.001787
907 19.460000 -0.000324 -0.001748
908 19.480000 -0.000289 -0.001669
909 19.500000 -0.000257 -0.001553
910 19.520000 -0.000228 -0.001409
911 19.540000 -0.000201 -0.001242
912 19.560000 -0.000178 -0.001061
913 19.580000 -0.000159 -0.000875
914 19.600000 -0.000143 -0.000691
915 19.620000 -0.000131 -0.000516
916 19.640000 -0.000122 -0.000358
917 19.660000 -0.000116 -0.000222
918 19.680000 -0.000113 -0.000109
919 19.700000 -0.000112 -0.000022
920 19.720000 -0.000112 0.000042
921 19.740000 -0.000113 0.000089
922 19.760000 -0.000115 0.000130
923 19.780000 -0.000119 0.000180
924 19.800000 -0.000123 0.000258
925 19.820000 -0.000129 0.000392
926 19.840000 -0.000139 0.000613
927 19.860000 -0.000155 0.000952
928 19.880000 -0.000179 0.001407
929 19.900000 -0.000212 0.001908
930 19.920000 -0.000254 0.002274
931 19.940000 -0.000298 0.002179
932 19.960000 -0.000331 0.001112
933 19.980000 -0.000326 -0.001662
934 20.000000 -0.000238 -0.007139
935 20.020000 0.000000 -0.016619
