1 1.420000 488.225385 1654.199108
2 1.440000 455.116505 1521.378353
3 1.460000 424.664040 1400.819968
4 1.480000 396.622742 1291.247472
5 1.500000 370.772895 1191.531903
6 1.520000 346.917358 1100.673124
7 1.540000 324.878998 1017.783699
8 1.560000 304.498426 942.074957
9 1.580000 285.632029 872.844935
10 1.600000 268.150232 809.467911
11 1.620000 251.935976 751.385321
12 1.640000 236.883371 698.097844
13 1.660000 222.896516 649.158503
14 1.680000 209.888448 604.166638
15 1.700000 197.780217 562.762642
16 1.720000 186.500066 524.623332
17 1.740000 175.982701 489.457903
18 1.760000 166.168645 457.004361
19 1.780000 157.003660 427.026390
20 1.800000 148.438234 399.310582
21 1.820000 140.427124 373.663999
22 1.840000 132.928946 349.912016
23 1.860000 125.905808 327.896408
24 1.880000 119.322982 307.473658
25 1.900000 113.148610 288.513454
26 1.920000 107.353443 270.897351
27 1.940000 101.910598 254.517587
28 1.960000 96.795348 239.276016
29 1.980000 91.984930 225.083173
30 2.000000 87.458368 211.857422
31 2.020000 83.196322 199.524206
32 2.040000 79.180939 188.015371
33 2.060000 75.395734 177.268560
34 2.080000 71.825465 167.226672
35 2.100000 68.456033 157.837374
36 2.120000 65.274388 149.052660
37 2.140000 62.268436 140.828461
38 2.160000 59.426969 133.124289
39 2.180000 56.739585 125.902915
40 2.200000 54.196629 119.130080
41 2.220000 51.789129 112.774236
42 2.240000 49.508746 106.806308
43 2.260000 47.347722 101.199484
44 2.280000 45.298834 95.929014
45 2.300000 43.355356 90.972043
46 2.320000 41.511017 86.307448
47 2.340000 39.759970 81.915690
48 2.360000 38.096758 77.778690
49 2.380000 36.516286 73.879703
50 2.400000 35.013794 70.203213
51 2.420000 33.584832 66.734832
52 2.440000 32.225237 63.461210
53 2.460000 30.931115 60.369952
54 2.480000 29.698817 57.449544
55 2.500000 28.524928 54.689284
56 2.520000 27.406245 52.079215
57 2.540000 26.339762 49.610073
58 2.560000 25.322663 47.273233
59 2.580000 24.352300 45.060657
60 2.600000 23.426189 42.964853
61 2.620000 22.541994 40.978833
62 2.640000 21.697519 39.096076
63 2.660000 20.890699 37.310493
64 2.680000 20.119591 35.616396
65 2.700000 19.382365 34.008469
66 2.720000 18.677298 32.481742
67 2.740000 18.002765 31.031562
68 2.760000 17.357236 29.653577
69 2.780000 16.739266 28.343709
70 2.800000 16.147494 27.098139
71 2.820000 15.580633 25.913286
72 2.840000 15.037469 24.785792
73 2.860000 14.516855 23.712506
74 2.880000 14.017707 22.690472
75 2.900000 13.538999 21.716912
76 2.920000 13.079763 20.789217
77 2.940000 12.639081 19.904937
78 2.960000 12.216084 19.061763
79 2.980000 11.809950 18.257529
80 3.000000 11.419902 17.490193
81 3.020000 11.255992 26.739826
82 3.040000 10.756190 23.240375
83 3.060000 10.319424 20.436244
84 3.080000 9.933091 18.196969
85 3.100000 9.587007 16.411460
86 3.120000 9.273030 14.986211
87 3.140000 8.984733 13.843512
88 3.160000 8.717101 12.919660
89 3.180000 8.466273 12.163169
90 3.200000 8.229312 11.532981
91 3.220000 8.004015 10.996678
92 3.240000 7.788761 10.528705
93 3.260000 7.582386 10.108867
94 3.280000 7.384081 9.721548
95 3.300000 7.193314 9.355205
96 3.320000 7.009743 9.001869
97 3.340000 6.833158 8.656653
98 3.360000 6.663419 8.317258
99 3.380000 6.500411 7.983476
100 3.400000 6.344010 7.656693
101 3.420000 6.194049 7.339400
102 3.440000 6.050308 7.034697
103 3.460000 5.912502 6.745875
104 3.480000 5.780281 6.476204
105 3.500000 5.653232 6.228781
106 3.520000 5.530880 6.006397
107 3.540000 5.412702 5.811390
108 3.560000 5.298133 5.645513
109 3.580000 5.186580 5.509783
110 3.600000 5.077439 5.404352
111 3.620000 4.970111 5.328359
112 3.640000 4.864030 5.279795
113 3.660000 4.758677 5.255457
114 3.680000 4.653612 5.251122
115 3.700000 4.548482 5.261813
116 3.720000 4.443043 5.282067
117 3.740000 4.337161 5.306206
118 3.760000 4.230813 5.328602
119 3.780000 4.124087 5.343948
120 3.800000 4.017172 5.347528
121 3.820000 3.910342 5.335480
122 3.840000 3.803937 5.305066
123 3.860000 3.698338 5.254839
124 3.880000 3.593944 5.184558
125 3.900000 3.491148 5.095012
126 3.920000 3.390320 4.987838
127 3.940000 3.291788 4.865336
128 3.960000 3.195832 4.730287
129 3.980000 3.102671 4.585773
130 4.000000 3.012463 4.434991
131 4.020000 2.925303 4.281069
132 4.040000 2.841223 4.126893
133 4.060000 2.760205 3.974961
134 4.080000 2.682181 3.827366
135 4.100000 2.607049 3.685820
136 4.120000 2.534675 3.551671
137 4.140000 2.464898 3.425934
138 4.160000 2.397546 3.309311
139 4.180000 2.332431 3.202219
140 4.200000 2.269360 3.104807
141 4.220000 2.208143 3.016988
142 4.240000 2.148588 2.938457
143 4.260000 2.090516 2.868720
144 4.280000 2.033758 2.807123
145 4.300000 1.978158 2.752882
146 4.320000 1.923578 2.705113
147 4.340000 1.869898 2.662868
148 4.360000 1.817018 2.625158
149 4.380000 1.764856 2.590993
150 4.400000 1.713352 2.559406
151 4.420000 1.662463 2.529490
152 4.440000 1.612164 2.500421
153 4.460000 1.562445 2.471490
154 4.480000 1.513309 2.442099
155 4.500000 1.464771 2.411756
156 4.520000 1.416852 2.380075
157 4.540000 1.369584 2.346761
158 4.560000 1.323000 2.311615
159 4.580000 1.277139 2.274518
160 4.600000 1.232039 2.235432
161 4.620000 1.187741 2.194394
162 4.640000 1.144282 2.151506
163 4.660000 1.101698 2.106933
164 4.680000 1.060020 2.060889
165 4.700000 1.019274 2.013631
166 4.720000 0.979484 1.965448
167 4.740000 0.940663 1.916648
168 4.760000 0.902821 1.867551
169 4.780000 0.865960 1.818475
170 4.800000 0.830078 1.769731
171 4.820000 0.795165 1.721606
172 4.840000 0.761205 1.674359
173 4.860000 0.728180 1.628211
174 4.880000 0.696064 1.583344
175 4.900000 0.664832 1.539907
176 4.920000 0.634452 1.498017
177 4.940000 0.604894 1.457765
178 4.960000 0.576125 1.419217
179 4.980000 0.548108 1.382417
180 5.000000 0.520810 1.347395
181 5.020000 0.494195 1.314163
182 5.040000 0.468226 1.282725
183 5.060000 0.442868 1.253074
184 5.080000 0.418085 1.225193
185 5.100000 0.393843 1.199049
186 5.120000 0.370106 1.174590
187 5.140000 0.346843 1.151738
188 5.160000 0.324022 1.130391
189 5.180000 0.301614 1.110410
190 5.200000 0.279593 1.091625
191 5.220000 0.257939 1.073822
192 5.240000 0.236633 1.056745
193 5.260000 0.215665 1.040093
194 5.280000 0.195029 1.023533
195 5.300000 0.174726 1.006712
196 5.320000 0.154766 0.989278
197 5.340000 0.135165 0.970887
198 5.360000 0.115943 0.951226
199 5.380000 0.097131 0.930024
200 5.400000 0.078760 0.907069
201 5.420000 0.060867 0.882222
202 5.440000 0.043491 0.855431
203 5.460000 0.026669 0.826743
204 5.480000 0.010438 0.796294
205 5.500000 -0.005167 0.764289
206 5.520000 -0.020120 0.730992
207 5.540000 -0.034397 0.696711
208 5.560000 -0.047982 0.661776
209 5.580000 -0.060865 0.626529
210 5.600000 -0.073044 0.591306
211 5.620000 -0.084521 0.556423
212 5.640000 -0.095307 0.522158
213 5.660000 -0.105416 0.488742
214 5.680000 -0.114867 0.456358
215 5.700000 -0.123682 0.425150
216 5.720000 -0.131885 0.395221
217 5.740000 -0.139504 0.366643
218 5.760000 -0.146565 0.339461
219 5.780000 -0.153097 0.313699
220 5.800000 -0.159127 0.289361
221 5.820000 -0.164685 0.266444
222 5.840000 -0.169799 0.244932
223 5.860000 -0.174497 0.224810
224 5.880000 -0.178805 0.206060
225 5.900000 -0.182752 0.188657
226 5.920000 -0.186365 0.172576
227 5.940000 -0.189668 0.157786
228 5.960000 -0.192689 0.144247
229 5.980000 -0.195450 0.131918
230 6.000000 -0.197977 0.120746
231 6.020000 -0.200291 0.110673
232 6.040000 -0.202414 0.101630
233 6.060000 -0.204366 0.093540
234 6.080000 -0.206164 0.086319
235 6.100000 -0.207826 0.079874
236 6.120000 -0.209366 0.074111
237 6.140000 -0.210797 0.068929
238 6.160000 -0.212128 0.064229
239 6.180000 -0.213370 0.059909
240 6.200000 -0.214527 0.055871
241 6.220000 -0.215606 0.052019
242 6.240000 -0.216609 0.048264
243 6.260000 -0.217537 0.044520
244 6.280000 -0.218389 0.040712
245 6.300000 -0.219164 0.036775
246 6.320000 -0.219858 0.032651
247 6.340000 -0.220468 0.028300
248 6.360000 -0.220988 0.023692
249 6.380000 -0.221413 0.018813
250 6.400000 -0.221738 0.013667
251 6.420000 -0.221957 0.008277
252 6.440000 -0.222067 0.002684
253 6.460000 -0.222063 -0.003050
254 6.480000 -0.221944 -0.008847
255 6.500000 -0.221710 -0.014618
256 6.520000 -0.221361 -0.020269
257 6.540000 -0.220901 -0.025702
258 6.560000 -0.220336 -0.030825
259 6.580000 -0.219672 -0.035557
260 6.600000 -0.218918 -0.039828
261 6.620000 -0.218084 -0.043589
262 6.640000 -0.217180 -0.046817
263 6.660000 -0.216216 -0.049513
264 6.680000 -0.215204 -0.051704
265 6.700000 -0.214153 -0.053435
266 6.720000 -0.213071 -0.054763
267 6.740000 -0.211966 -0.055752
268 6.760000 -0.210844 -0.056467
269 6.780000 -0.209709 -0.056969
270 6.800000 -0.208566 -0.057308
271 6.820000 -0.207418 -0.057517
272 6.840000 -0.206267 -0.057611
273 6.860000 -0.205115 -0.057576
274 6.880000 -0.203965 -0.057379
275 6.900000 -0.202822 -0.056974
276 6.920000 -0.201689 -0.056302
277 6.940000 -0.200573 -0.055307
278 6.960000 -0.199481 -0.053934
279 6.980000 -0.198420 -0.052138
280 7.000000 -0.197400 -0.049894
281 7.020000 -0.196429 -0.047198
282 7.040000 -0.195516 -0.044075
283 7.060000 -0.194669 -0.040584
284 7.080000 -0.193895 -0.036811
285 7.100000 -0.193199 -0.032863
286 7.120000 -0.192582 -0.028857
287 7.140000 -0.192044 -0.024915
288 7.160000 -0.191583 -0.021155
289 7.180000 -0.191195 -0.017685
290 7.200000 -0.190872 -0.014590
291 7.220000 -0.190607 -0.011930
292 7.240000 -0.190390 -0.009727
293 7.260000 -0.190213 -0.007964
294 7.280000 -0.190068 -0.006591
295 7.300000 -0.189947 -0.005528
296 7.320000 -0.189844 -0.004680
297 7.340000 -0.189758 -0.003940
298 7.360000 -0.189687 -0.003203
299 7.380000 -0.189631 -0.002369
300 7.400000 -0.189594 -0.001355
301 7.420000 -0.189579 -0.000105
302 7.440000 -0.189592 0.001408
303 7.460000 -0.189638 0.003168
304 7.480000 -0.189721 0.005129
305 7.500000 -0.189844 0.007217
306 7.520000 -0.190010 0.009341
307 7.540000 -0.190217 0.011396
308 7.560000 -0.190464 0.013280
309 7.580000 -0.190746 0.014892
310 7.600000 -0.191056 0.016145
311 7.620000 -0.191387 0.016975
312 7.640000 -0.191731 0.017345
313 7.660000 -0.192077 0.017253
314 7.680000 -0.192416 0.016725
315 7.700000 -0.192742 0.015814
316 7.720000 -0.193046 0.014589
317 7.740000 -0.193323 0.013130
318 7.760000 -0.193570 0.011523
319 7.780000 -0.193783 0.009851
320 7.800000 -0.193964 0.008190
321 7.820000 -0.194112 0.006602
322 7.840000 -0.194229 0.005128
323 7.860000 -0.194318 0.003782
324 7.880000 -0.194382 0.002560
325 7.900000 -0.194421 0.001436
326 7.920000 -0.194440 0.000372
327 7.940000 -0.194436 -0.000680
328 7.960000 -0.194412 -0.001770
329 7.980000 -0.194365 -0.002951
330 8.000000 -0.194293 -0.004270
331 8.020000 -0.194192 -0.005766
332 8.040000 -0.194060 -0.007462
333 8.060000 -0.193892 -0.009368
334 8.080000 -0.193683 -0.011476
335 8.100000 -0.193431 -0.013766
336 8.120000 -0.193131 -0.016211
337 8.140000 -0.192781 -0.018774
338 8.160000 -0.192379 -0.021418
339 8.180000 -0.191924 -0.024101
340 8.200000 -0.191415 -0.026786
341 8.220000 -0.190853 -0.029440
342 8.240000 -0.190238 -0.032040
343 8.260000 -0.189572 -0.034569
344 8.280000 -0.188856 -0.037022
345 8.300000 -0.188092 -0.039400
346 8.320000 -0.187281 -0.041710
347 8.340000 -0.186424 -0.043964
348 8.360000 -0.185523 -0.046174
349 8.380000 -0.184577 -0.048355
350 8.400000 -0.183589 -0.050520
351 8.420000 -0.182557 -0.052677
352 8.440000 -0.181482 -0.054833
353 8.460000 -0.180363 -0.056987
354 8.480000 -0.179202 -0.059135
355 8.500000 -0.177998 -0.061265
356 8.520000 -0.176752 -0.063365
357 8.540000 -0.175464 -0.065421
358 8.560000 -0.174136 -0.067416
359 8.580000 -0.172768 -0.069335
360 8.600000 -0.171363 -0.071163
361 8.620000 -0.169923 -0.072887
362 8.640000 -0.168449 -0.074498
363 8.660000 -0.166944 -0.075989
364 8.680000 -0.165410 -0.077360
365 8.700000 -0.163851 -0.078612
366 8.720000 -0.162267 -0.079750
367 8.740000 -0.160662 -0.080783
368 8.760000 -0.159037 -0.081721
369 8.780000 -0.157394 -0.082576
370 8.800000 -0.155734 -0.083365
371 8.820000 -0.154060 -0.084103
372 8.840000 -0.152370 -0.084809
373 8.860000 -0.150667 -0.085501
374 8.880000 -0.148950 -0.086198
375 8.900000 -0.147219 -0.086918
376 8.920000 -0.145473 -0.087677
377 8.940000 -0.143712 -0.088487
378 8.960000 -0.141933 -0.089357
379 8.980000 -0.140137 -0.090290
380 9.000000 -0.138321 -0.091282
381 9.020000 -0.136485 -0.092324
382 9.040000 -0.134628 -0.093397
383 9.060000 -0.132749 -0.094475
384 9.080000 -0.130849 -0.095522
385 9.100000 -0.128929 -0.096502
386 9.120000 -0.126990 -0.097373
387 9.140000 -0.125035 -0.098098
388 9.160000 -0.123068 -0.098638
389 9.180000 -0.121092 -0.098964
390 9.200000 -0.119112 -0.099052
391 9.220000 -0.117132 -0.098891
392 9.240000 -0.115159 -0.098482
393 9.260000 -0.113195 -0.097838
394 9.280000 -0.111247 -0.096989
395 9.300000 -0.109318 -0.095970
396 9.320000 -0.107410 -0.094825
397 9.340000 -0.105525 -0.093602
398 9.360000 -0.103666 -0.092348
399 9.380000 -0.101831 -0.091107
400 9.400000 -0.100021 -0.089920
401 9.420000 -0.098234 -0.088818
402 9.440000 -0.096467 -0.087819
403 9.460000 -0.094720 -0.086932
404 9.480000 -0.092989 -0.086149
405 9.500000 -0.091273 -0.085455
406 9.520000 -0.089570 -0.084827
407 9.540000 -0.087879 -0.084238
408 9.560000 -0.086200 -0.083657
409 9.580000 -0.084533 -0.083052
410 9.600000 -0.082879 -0.082394
411 9.620000 -0.081238 -0.081658
412 9.640000 -0.079614 -0.080825
413 9.660000 -0.078006 -0.079886
414 9.680000 -0.076419 -0.078838
415 9.700000 -0.074854 -0.077685
416 9.720000 -0.073313 -0.076437
417 9.740000 -0.071797 -0.075108
418 9.760000 -0.070309 -0.073716
419 9.780000 -0.068849 -0.072281
420 9.800000 -0.067418 -0.070824
421 9.820000 -0.066016 -0.069365
422 9.840000 -0.064643 -0.067925
423 9.860000 -0.063299 -0.066522
424 9.880000 -0.061982 -0.065170
425 9.900000 -0.060691 -0.063882
426 9.920000 -0.059426 -0.062668
427 9.940000 -0.058184 -0.061535
428 9.960000 -0.056964 -0.060484
429 9.980000 -0.055764 -0.059516
430 10.000000 -0.054582 -0.058626
431 10.020000 -0.053418 -0.057806
432 10.040000 -0.052269 -0.057042
433 10.060000 -0.051136 -0.056317
434 10.080000 -0.050017 -0.055612
435 10.100000 -0.048911 -0.054904
436 10.120000 -0.047821 -0.054170
437 10.140000 -0.046745 -0.053388
438 10.160000 -0.045686 -0.052538
439 10.180000 -0.044644 -0.051603
440 10.200000 -0.043623 -0.050572
441 10.220000 -0.042623 -0.049439
442 10.240000 -0.041646 -0.048204
443 10.260000 -0.040695 -0.046877
444 10.280000 -0.039772 -0.045474
445 10.300000 -0.038877 -0.044017
446 10.320000 -0.038011 -0.042530
447 10.340000 -0.037176 -0.041039
448 10.360000 -0.036370 -0.039573
449 10.380000 -0.035592 -0.038154
450 10.400000 -0.034843 -0.036806
451 10.420000 -0.034119 -0.035545
452 10.440000 -0.033420 -0.034381
453 10.460000 -0.032743 -0.033316
454 10.480000 -0.032086 -0.032345
455 10.500000 -0.031448 -0.031457
456 10.520000 -0.030827 -0.030639
457 10.540000 -0.030222 -0.029874
458 10.560000 -0.029632 -0.029143
459 10.580000 -0.029056 -0.028429
460 10.600000 -0.028495 -0.027716
461 10.620000 -0.027948 -0.026992
462 10.640000 -0.027415 -0.026250
463 10.660000 -0.026898 -0.025488
464 10.680000 -0.026396 -0.024710
465 10.700000 -0.025910 -0.023922
466 10.720000 -0.025439 -0.023135
467 10.740000 -0.024984 -0.022361
468 10.760000 -0.024545 -0.021610
469 10.780000 -0.024119 -0.020893
470 10.800000 -0.023708 -0.020220
471 10.820000 -0.023310 -0.019594
472 10.840000 -0.022924 -0.019015
473 10.860000 -0.022549 -0.018478
474 10.880000 -0.022185 -0.017973
475 10.900000 -0.021830 -0.017488
476 10.920000 -0.021485 -0.017007
477 10.940000 -0.021150 -0.016515
478 10.960000 -0.020825 -0.015998
479 10.980000 -0.020510 -0.015445
480 11.000000 -0.020207 -0.014848
481 11.020000 -0.019917 -0.014206
482 11.040000 -0.019640 -0.013522
483 11.060000 -0.019376 -0.012811
484 11.080000 -0.019127 -0.012089
485 11.100000 -0.018893 -0.011381
486 11.120000 -0.018672 -0.010711
487 11.140000 -0.018464 -0.010105
488 11.160000 -0.018267 -0.009589
489 11.180000 -0.018079 -0.009182
490 11.200000 -0.017898 -0.008901
491 11.220000 -0.017721 -0.008755
492 11.240000 -0.017547 -0.008743
493 11.260000 -0.017371 -0.008853
494 11.280000 -0.017191 -0.009068
495 11.300000 -0.017007 -0.009360
496 11.320000 -0.016816 -0.009700
497 11.340000 -0.016619 -0.010054
498 11.360000 -0.016414 -0.010391
499 11.380000 -0.016204 -0.010682
500 11.400000 -0.015988 -0.010901
501 11.420000 -0.015769 -0.011031
502 11.440000 -0.015548 -0.011064
503 11.460000 -0.015327 -0.011002
504 11.480000 -0.015108 -0.010856
505 11.500000 -0.014893 -0.010647
506 11.520000 -0.014683 -0.010396
507 11.540000 -0.014478 -0.010132
508 11.560000 -0.014278 -0.009881
509 11.580000 -0.014082 -0.009667
510 11.600000 -0.013890 -0.009514
511 11.620000 -0.013701 -0.009434
512 11.640000 -0.013512 -0.009436
513 11.660000 -0.013323 -0.009515
514 11.680000 -0.013131 -0.009660
515 11.700000 -0.012936 -0.009851
516 11.720000 -0.012736 -0.010068
517 11.740000 -0.012533 -0.010283
518 11.760000 -0.012325 -0.010471
519 11.780000 -0.012115 -0.010609
520 11.800000 -0.011902 -0.010677
521 11.820000 -0.011688 -0.010662
522 11.840000 -0.011476 -0.010556
523 11.860000 -0.011267 -0.010364
524 11.880000 -0.011062 -0.010097
525 11.900000 -0.010864 -0.009774
526 11.920000 -0.010672 -0.009417
527 11.940000 -0.010487 -0.009053
528 11.960000 -0.010309 -0.008708
529 11.980000 -0.010138 -0.008409
530 12.000000 -0.009972 -0.008177
531 12.020000 -0.009810 -0.008032
532 12.040000 -0.009650 -0.007987
533 12.060000 -0.009490 -0.008045
534 12.080000 -0.009327 -0.008205
535 12.100000 -0.009161 -0.008458
536 12.120000 -0.008988 -0.008792
537 12.140000 -0.008808 -0.009190
538 12.160000 -0.008620 -0.009633
539 12.180000 -0.008423 -0.010100
540 12.200000 -0.008216 -0.010571
541 12.220000 -0.008000 -0.011026
542 12.240000 -0.007775 -0.011448
543 12.260000 -0.007543 -0.011822
544 12.280000 -0.007303 -0.012136
545 12.300000 -0.007058 -0.012382
546 12.320000 -0.006809 -0.012555
547 12.340000 -0.006557 -0.012652
548 12.360000 -0.006303 -0.012673
549 12.380000 -0.006050 -0.012622
550 12.400000 -0.005799 -0.012503
551 12.420000 -0.005551 -0.012325
552 12.440000 -0.005307 -0.012098
553 12.460000 -0.005067 -0.011834
554 12.480000 -0.004833 -0.011548
555 12.500000 -0.004605 -0.011254
556 12.520000 -0.004383 -0.010967
557 12.540000 -0.004166 -0.010701
558 12.560000 -0.003955 -0.010468
559 12.580000 -0.003747 -0.010279
560 12.600000 -0.003543 -0.010138
561 12.620000 -0.003341 -0.010051
562 12.640000 -0.003141 -0.010014
563 12.660000 -0.002940 -0.010020
564 12.680000 -0.002739 -0.010059
565 12.700000 -0.002538 -0.010116
566 12.720000 -0.002335 -0.010173
567 12.740000 -0.002131 -0.010214
568 12.760000 -0.001927 -0.010220
569 12.780000 -0.001723 -0.010176
570 12.800000 -0.001520 -0.010068
571 12.820000 -0.001321 -0.009885
572 12.840000 -0.001126 -0.009623
573 12.860000 -0.000937 -0.009281
574 12.880000 -0.000755 -0.008865
575 12.900000 -0.000583 -0.008383
576 12.920000 -0.000420 -0.007848
577 12.940000 -0.000269 -0.007275
578 12.960000 -0.000130 -0.006681
579 12.980000 -0.000002 -0.006083
580 13.000000 0.000114 -0.005499
581 13.020000 0.000218 -0.004946
582 13.040000 0.000312 -0.004438
583 13.060000 0.000396 -0.003988
584 13.080000 0.000472 -0.003607
585 13.100000 0.000542 -0.003301
586 13.120000 0.000605 -0.003075
587 13.140000 0.000665 -0.002931
588 13.160000 0.000723 -0.002867
589 13.180000 0.000781 -0.002878
590 13.200000 0.000839 -0.002956
591 13.220000 0.000900 -0.003090
592 13.240000 0.000963 -0.003264
593 13.260000 0.001030 -0.003462
594 13.280000 0.001102 -0.003661
595 13.300000 0.001177 -0.003841
596 13.320000 0.001255 -0.003980
597 13.340000 0.001335 -0.004057
598 13.360000 0.001416 -0.004057
599 13.380000 0.001497 -0.003964
600 13.400000 0.001574 -0.003772
601 13.420000 0.001646 -0.003478
602 13.440000 0.001712 -0.003089
603 13.460000 0.001769 -0.002618
604 13.480000 0.001816 -0.002087
605 13.500000 0.001852 -0.001522
606 13.520000 0.001877 -0.000952
607 13.540000 0.001891 -0.000405
608 13.560000 0.001894 0.000090
609 13.580000 0.001888 0.000509
610 13.600000 0.001874 0.000833
611 13.620000 0.001856 0.001050
612 13.640000 0.001833 0.001160
613 13.660000 0.001810 0.001171
614 13.680000 0.001787 0.001103
615 13.700000 0.001767 0.000980
616 13.720000 0.001748 0.000833
617 13.740000 0.001733 0.000693
618 13.760000 0.001720 0.000593
619 13.780000 0.001709 0.000559
620 13.800000 0.001697 0.000614
621 13.820000 0.001683 0.000775
622 13.840000 0.001665 0.001044
623 13.860000 0.001640 0.001413
624 13.880000 0.001608 0.001867
625 13.900000 0.001565 0.002377
626 13.920000 0.001512 0.002914
627 13.940000 0.001449 0.003444
628 13.960000 0.001375 0.003933
629 13.980000 0.001292 0.004349
630 14.000000 0.001202 0.004665
631 14.020000 0.001107 0.004862
632 14.040000 0.001009 0.004932
633 14.060000 0.000911 0.004877
634 14.080000 0.000815 0.004708
635 14.100000 0.000723 0.004448
636 14.120000 0.000638 0.004122
637 14.140000 0.000559 0.003760
638 14.160000 0.000487 0.003394
639 14.180000 0.000423 0.003054
640 14.200000 0.000364 0.002767
641 14.220000 0.000311 0.002555
642 14.240000 0.000261 0.002432
643 14.260000 0.000213 0.002402
644 14.280000 0.000164 0.002461
645 14.300000 0.000114 0.002599
646 14.320000 0.000060 0.002799
647 14.340000 0.000001 0.003043
648 14.360000 -0.000062 0.003308
649 14.380000 -0.000131 0.003572
650 14.400000 -0.000205 0.003813
651 14.420000 -0.000283 0.004012
652 14.440000 -0.000365 0.004156
653 14.460000 -0.000449 0.004233
654 14.480000 -0.000533 0.004240
655 14.500000 -0.000617 0.004177
656 14.520000 -0.000700 0.004047
657 14.540000 -0.000779 0.003856
658 14.560000 -0.000853 0.003612
659 14.580000 -0.000923 0.003327
660 14.600000 -0.000986 0.003009
661 14.620000 -0.001043 0.002670
662 14.640000 -0.001093 0.002319
663 14.660000 -0.001136 0.001966
664 14.680000 -0.001172 0.001618
665 14.700000 -0.001201 0.001281
666 14.720000 -0.001223 0.000959
667 14.740000 -0.001239 0.000658
668 14.760000 -0.001249 0.000380
669 14.780000 -0.001255 0.000128
670 14.800000 -0.001255 -0.000097
671 14.820000 -0.001251 -0.000292
672 14.840000 -0.001243 -0.000457
673 14.860000 -0.001233 -0.000592
674 14.880000 -0.001220 -0.000696
675 14.900000 -0.001205 -0.000769
676 14.920000 -0.001190 -0.000812
677 14.940000 -0.001173 -0.000827
678 14.960000 -0.001157 -0.000814
679 14.980000 -0.001141 -0.000778
680 15.000000 -0.001126 -0.000720
681 15.020000 -0.001112 -0.000646
682 15.040000 -0.001100 -0.000559
683 15.060000 -0.001090 -0.000466
684 15.080000 -0.001082 -0.000373
685 15.100000 -0.001075 -0.000286
686 15.120000 -0.001070 -0.000212
687 15.140000 -0.001066 -0.000156
688 15.160000 -0.001064 -0.000124
689 15.180000 -0.001061 -0.000119
690 15.200000 -0.001059 -0.000142
691 15.220000 -0.001055 -0.000195
692 15.240000 -0.001050 -0.000273
693 15.260000 -0.001044 -0.000374
694 15.280000 -0.001035 -0.000489
695 15.300000 -0.001024 -0.000610
696 15.320000 -0.001011 -0.000729
697 15.340000 -0.000995 -0.000836
698 15.360000 -0.000978 -0.000923
699 15.380000 -0.000959 -0.000983
700 15.400000 -0.000939 -0.001012
701 15.420000 -0.000919 -0.001005
702 15.440000 -0.000899 -0.000966
703 15.460000 -0.000880 -0.000898
704 15.480000 -0.000863 -0.000808
705 15.500000 -0.000848 -0.000708
706 15.520000 -0.000835 -0.000609
707 15.540000 -0.000824 -0.000522
708 15.560000 -0.000814 -0.000459
709 15.580000 -0.000805 -0.000429
710 15.600000 -0.000796 -0.000442
711 15.620000 -0.000787 -0.000502
712 15.640000 -0.000776 -0.000609
713 15.660000 -0.000762 -0.000760
714 15.680000 -0.000745 -0.000948
715 15.700000 -0.000724 -0.001162
716 15.720000 -0.000698 -0.001390
717 15.740000 -0.000668 -0.001617
718 15.760000 -0.000634 -0.001828
719 15.780000 -0.000595 -0.002010
720 15.800000 -0.000554 -0.002151
721 15.820000 -0.000510 -0.002240
722 15.840000 -0.000465 -0.002270
723 15.860000 -0.000420 -0.002237
724 15.880000 -0.000376 -0.002142
725 15.900000 -0.000334 -0.001989
726 15.920000 -0.000297 -0.001783
727 15.940000 -0.000264 -0.001533
728 15.960000 -0.000236 -0.001247
729 15.980000 -0.000214 -0.000938
730 16.000000 -0.000198 -0.000617
731 16.020000 -0.000189 -0.000296
732 16.040000 -0.000186 0.000015
733 16.060000 -0.000190 0.000303
734 16.080000 -0.000198 0.000560
735 16.100000 -0.000212 0.000776
736 16.120000 -0.000229 0.000945
737 16.140000 -0.000249 0.001062
738 16.160000 -0.000271 0.001123
739 16.180000 -0.000293 0.001127
740 16.200000 -0.000315 0.001076
741 16.220000 -0.000336 0.000973
742 16.240000 -0.000354 0.000826
743 16.260000 -0.000368 0.000644
744 16.280000 -0.000379 0.000440
745 16.300000 -0.000386 0.000228
746 16.320000 -0.000388 0.000021
747 16.340000 -0.000387 -0.000165
748 16.360000 -0.000382 -0.000317
749 16.380000 -0.000375 -0.000424
750 16.400000 -0.000366 -0.000477
751 16.420000 -0.000356 -0.000470
752 16.440000 -0.000348 -0.000402
753 16.460000 -0.000341 -0.000277
754 16.480000 -0.000337 -0.000102
755 16.500000 -0.000337 0.000112
756 16.520000 -0.000342 0.000352
757 16.540000 -0.000351 0.000602
758 16.560000 -0.000366 0.000849
759 16.580000 -0.000385 0.001075
760 16.600000 -0.000408 0.001269
761 16.620000 -0.000435 0.001419
762 16.640000 -0.000465 0.001516
763 16.660000 -0.000495 0.001556
764 16.680000 -0.000526 0.001537
765 16.700000 -0.000556 0.001462
766 16.720000 -0.000584 0.001335
767 16.740000 -0.000609 0.001163
768 16.760000 -0.000631 0.000955
769 16.780000 -0.000647 0.000719
770 16.800000 -0.000659 0.000467
771 16.820000 -0.000666 0.000209
772 16.840000 -0.000668 -0.000045
773 16.860000 -0.000664 -0.000285
774 16.880000 -0.000656 -0.000502
775 16.900000 -0.000644 -0.000688
776 16.920000 -0.000629 -0.000837
777 16.940000 -0.000611 -0.000944
778 16.960000 -0.000592 -0.001005
779 16.980000 -0.000572 -0.001021
780 17.000000 -0.000552 -0.000992
781 17.020000 -0.000532 -0.000922
782 17.040000 -0.000515 -0.000818
783 17.060000 -0.000500 -0.000687
784 17.080000 -0.000488 -0.000542
785 17.100000 -0.000478 -0.000395
786 17.120000 -0.000472 -0.000258
787 17.140000 -0.000468 -0.000143
788 17.160000 -0.000466 -0.000062
789 17.180000 -0.000465 -0.000022
790 17.200000 -0.000464 -0.000030
791 17.220000 -0.000463 -0.000087
792 17.240000 -0.000460 -0.000190
793 17.260000 -0.000455 -0.000330
794 17.280000 -0.000447 -0.000495
795 17.300000 -0.000435 -0.000670
796 17.320000 -0.000420 -0.000837
797 17.340000 -0.000402 -0.000980
798 17.360000 -0.000381 -0.001082
799 17.380000 -0.000359 -0.001131
800 17.400000 -0.000337 -0.001118
801 17.420000 -0.000315 -0.001039
802 17.440000 -0.000296 -0.000896
803 17.460000 -0.000280 -0.000700
804 17.480000 -0.000268 -0.000468
805 17.500000 -0.000261 -0.000219
806 17.520000 -0.000259 0.000021
807 17.540000 -0.000262 0.000231
808 17.560000 -0.000268 0.000388
809 17.580000 -0.000277 0.000474
810 17.600000 -0.000286 0.000475
811 17.620000 -0.000295 0.000386
812 17.640000 -0.000301 0.000211
813 17.660000 -0.000303 -0.000037
814 17.680000 -0.000299 -0.000337
815 17.700000 -0.000289 -0.000658
816 17.720000 -0.000273 -0.000970
817 17.740000 -0.000250 -0.001240
818 17.760000 -0.000224 -0.001435
819 17.780000 -0.000194 -0.001528
820 17.800000 -0.000164 -0.001498
821 17.820000 -0.000136 -0.001334
822 17.840000 -0.000112 -0.001035
823 17.860000 -0.000095 -0.000613
824 17.880000 -0.000088 -0.000093
825 17.900000 -0.000092 0.000494
826 17.920000 -0.000108 0.001108
827 17.940000 -0.000137 0.001710
828 17.960000 -0.000176 0.002259
829 17.980000 -0.000226 0.002716
830 18.000000 -0.000284 0.003050
831 18.020000 -0.000347 0.003237
832 18.040000 -0.000412 0.003265
833 18.060000 -0.000476 0.003134
834 18.080000 -0.000535 0.002856
835 18.100000 -0.000589 0.002455
836 18.120000 -0.000633 0.001958
837 18.140000 -0.000666 0.001399
838 18.160000 -0.000688 0.000812
839 18.180000 -0.000699 0.000235
840 18.200000 -0.000698 -0.000303
841 18.220000 -0.000687 -0.000773
842 18.240000 -0.000668 -0.001157
843 18.260000 -0.000642 -0.001444
844 18.280000 -0.000611 -0.001633
845 18.300000 -0.000578 -0.001729
846 18.320000 -0.000543 -0.001743
847 18.340000 -0.000509 -0.001691
848 18.360000 -0.000476 -0.001589
849 18.380000 -0.000445 -0.001456
850 18.400000 -0.000418 -0.001309
851 18.420000 -0.000393 -0.001165
852 18.440000 -0.000371 -0.001034
853 18.460000 -0.000351 -0.000925
854 18.480000 -0.000334 -0.000840
855 18.500000 -0.000318 -0.000777
856 18.520000 -0.000302 -0.000735
857 18.540000 -0.000288 -0.000707
858 18.560000 -0.000274 -0.000688
859 18.580000 -0.000260 -0.000669
860 18.600000 -0.000247 -0.000647
861 18.620000 -0.000235 -0.000615
862 18.640000 -0.000223 -0.000572
863 18.660000 -0.000212 -0.000518
864 18.680000 -0.000202 -0.000455
865 18.700000 -0.000194 -0.000390
866 18.720000 -0.000187 -0.000327
867 18.740000 -0.000181 -0.000272
868 18.760000 -0.000176 -0.000233
869 18.780000 -0.000171 -0.000213
870 18.800000 -0.000167 -0.000217
871 18.820000 -0.000162 -0.000247
872 18.840000 -0.000157 -0.000301
873 18.860000 -0.000150 -0.000374
874 18.880000 -0.000142 -0.000461
875 18.900000 -0.000131 -0.000551
876 18.920000 -0.000120 -0.000635
877 18.940000 -0.000106 -0.000703
878 18.960000 -0.000092 -0.000746
879 18.980000 -0.000077 -0.000756
880 19.000000 -0.000062 -0.000728
881 19.020000 -0.000048 -0.000658
882 19.040000 -0.000036 -0.000549
883 19.060000 -0.000026 -0.000407
884 19.080000 -0.000020 -0.000241
885 19.100000 -0.000017 -0.000064
886 19.120000 -0.000017 0.000110
887 19.140000 -0.000021 0.000266
888 19.160000 -0.000028 0.000391
889 19.180000 -0.000036 0.000472
890 19.200000 -0.000046 0.000498
891 19.220000 -0.000056 0.000464
892 19.240000 -0.000064 0.000368
893 19.260000 -0.000070 0.000215
894 19.280000 -0.000072 0.000012
895 19.300000 -0.000070 -0.000229
896 19.320000 -0.000063 -0.000491
897 19.340000 -0.000050 -0.000759
898 19.360000 -0.000032 -0.001017
899 19.380000 -0.000010 -0.001248
900 19.400000 0.000017 -0.001438
901 19.420000 0.000047 -0.001576
902 19.440000 0.000080 -0.001655
903 19.460000 0.000113 -0.001673
904 19.480000 0.000146 -0.001630
905 19.500000 0.000178 -0.001531
906 19.520000 0.000207 -0.001386
907 19.540000 0.000233 -0.001204
908 19.560000 0.000255 -0.000995
909 19.580000 0.000272 -0.000772
910 19.600000 0.000285 -0.000545
911 19.620000 0.000294 -0.000325
912 19.640000 0.000299 -0.000118
913 19.660000 0.000299 0.000068
914 19.680000 0.000296 0.000232
915 19.700000 0.000290 0.000370
916 19.720000 0.000282 0.000484
917 19.740000 0.000271 0.000573
918 19.760000 0.000259 0.000637
919 19.780000 0.000246 0.000678
920 19.800000 0.000232 0.000694
921 19.820000 0.000218 0.000685
922 19.840000 0.000205 0.000646
923 19.860000 0.000193 0.000574
924 19.880000 0.000182 0.000474
925 19.900000 0.000174 0.000368
926 19.920000 0.000167 0.000303
927 19.940000 0.000160 0.000367
928 19.960000 0.000150 0.000692
929 19.980000 0.000128 0.001466
930 20.000000 0.000084 0.002947
931 20.020000 0.000000 0.005465
